<?xml version="1.0" encoding="UTF-8"?>
<testsuite xmlns:xsi="http://www.w3.org/2001/XMLSchema-instance" xsi:noNamespaceSchemaLocation="https://maven.apache.org/surefire/maven-surefire-plugin/xsd/surefire-test-report.xsd" name="kas.concurrente.LockTest" time="138.693" tests="6" errors="0" skipped="0" failures="3">
  <properties>
    <property name="java.specification.version" value="20"/>
    <property name="sun.jnu.encoding" value="UTF-8"/>
    <property name="java.class.path" value="/Users/arielmerino/Documents/concurrente/taller_computo_concurrente/practica3/target/test-classes:/Users/arielmerino/Documents/concurrente/taller_computo_concurrente/practica3/target/classes:/Users/arielmerino/.m2/repository/org/junit/jupiter/junit-jupiter/5.5.1/junit-jupiter-5.5.1.jar:/Users/arielmerino/.m2/repository/org/junit/jupiter/junit-jupiter-api/5.5.1/junit-jupiter-api-5.5.1.jar:/Users/arielmerino/.m2/repository/org/apiguardian/apiguardian-api/1.1.0/apiguardian-api-1.1.0.jar:/Users/arielmerino/.m2/repository/org/opentest4j/opentest4j/1.2.0/opentest4j-1.2.0.jar:/Users/arielmerino/.m2/repository/org/junit/platform/junit-platform-commons/1.5.1/junit-platform-commons-1.5.1.jar:/Users/arielmerino/.m2/repository/org/junit/jupiter/junit-jupiter-params/5.5.1/junit-jupiter-params-5.5.1.jar:/Users/arielmerino/.m2/repository/org/junit/jupiter/junit-jupiter-engine/5.5.1/junit-jupiter-engine-5.5.1.jar:/Users/arielmerino/.m2/repository/org/junit/platform/junit-platform-engine/1.5.1/junit-platform-engine-1.5.1.jar:"/>
    <property name="java.vm.vendor" value="Homebrew"/>
    <property name="sun.arch.data.model" value="64"/>
    <property name="java.vendor.url" value="https://github.com/Homebrew/homebrew-core/issues"/>
    <property name="os.name" value="Mac OS X"/>
    <property name="java.vm.specification.version" value="20"/>
    <property name="sun.java.launcher" value="SUN_STANDARD"/>
    <property name="user.country" value="MX"/>
    <property name="sun.boot.library.path" value="/opt/homebrew/Cellar/openjdk/20.0.2/libexec/openjdk.jdk/Contents/Home/lib"/>
    <property name="sun.java.command" value="/Users/arielmerino/Documents/concurrente/taller_computo_concurrente/practica3/target/surefire/surefirebooter13646970605742399304.jar /Users/arielmerino/Documents/concurrente/taller_computo_concurrente/practica3/target/surefire 2023-10-04T18-13-34_532-jvmRun1 surefire14803811148404227406tmp surefire_05585846826392562063tmp"/>
    <property name="http.nonProxyHosts" value="local|*.local|169.254/16|*.169.254/16"/>
    <property name="jdk.debug" value="release"/>
    <property name="surefire.test.class.path" value="/Users/arielmerino/Documents/concurrente/taller_computo_concurrente/practica3/target/test-classes:/Users/arielmerino/Documents/concurrente/taller_computo_concurrente/practica3/target/classes:/Users/arielmerino/.m2/repository/org/junit/jupiter/junit-jupiter/5.5.1/junit-jupiter-5.5.1.jar:/Users/arielmerino/.m2/repository/org/junit/jupiter/junit-jupiter-api/5.5.1/junit-jupiter-api-5.5.1.jar:/Users/arielmerino/.m2/repository/org/apiguardian/apiguardian-api/1.1.0/apiguardian-api-1.1.0.jar:/Users/arielmerino/.m2/repository/org/opentest4j/opentest4j/1.2.0/opentest4j-1.2.0.jar:/Users/arielmerino/.m2/repository/org/junit/platform/junit-platform-commons/1.5.1/junit-platform-commons-1.5.1.jar:/Users/arielmerino/.m2/repository/org/junit/jupiter/junit-jupiter-params/5.5.1/junit-jupiter-params-5.5.1.jar:/Users/arielmerino/.m2/repository/org/junit/jupiter/junit-jupiter-engine/5.5.1/junit-jupiter-engine-5.5.1.jar:/Users/arielmerino/.m2/repository/org/junit/platform/junit-platform-engine/1.5.1/junit-platform-engine-1.5.1.jar:"/>
    <property name="sun.cpu.endian" value="little"/>
    <property name="user.home" value="/Users/arielmerino"/>
    <property name="user.language" value="en"/>
    <property name="java.specification.vendor" value="Oracle Corporation"/>
    <property name="java.version.date" value="2023-07-18"/>
    <property name="java.home" value="/opt/homebrew/Cellar/openjdk/20.0.2/libexec/openjdk.jdk/Contents/Home"/>
    <property name="file.separator" value="/"/>
    <property name="basedir" value="/Users/arielmerino/Documents/concurrente/taller_computo_concurrente/practica3"/>
    <property name="java.vm.compressedOopsMode" value="Zero based"/>
    <property name="line.separator" value="&#10;"/>
    <property name="java.vm.specification.vendor" value="Oracle Corporation"/>
    <property name="java.specification.name" value="Java Platform API Specification"/>
    <property name="apple.awt.application.name" value="ForkedBooter"/>
    <property name="surefire.real.class.path" value="/Users/arielmerino/Documents/concurrente/taller_computo_concurrente/practica3/target/surefire/surefirebooter13646970605742399304.jar"/>
    <property name="sun.management.compiler" value="HotSpot 64-Bit Tiered Compilers"/>
    <property name="ftp.nonProxyHosts" value="local|*.local|169.254/16|*.169.254/16"/>
    <property name="java.runtime.version" value="20.0.2"/>
    <property name="user.name" value="arielmerino"/>
    <property name="stdout.encoding" value="UTF-8"/>
    <property name="path.separator" value=":"/>
    <property name="os.version" value="14.1"/>
    <property name="java.runtime.name" value="OpenJDK Runtime Environment"/>
    <property name="file.encoding" value="UTF-8"/>
    <property name="java.vm.name" value="OpenJDK 64-Bit Server VM"/>
    <property name="java.vendor.version" value="Homebrew"/>
    <property name="localRepository" value="/Users/arielmerino/.m2/repository"/>
    <property name="java.vendor.url.bug" value="https://github.com/Homebrew/homebrew-core/issues"/>
    <property name="java.io.tmpdir" value="/var/folders/8l/_6zvs4ns7tn5688jct_738900000gn/T/"/>
    <property name="java.version" value="20.0.2"/>
    <property name="user.dir" value="/Users/arielmerino/Documents/concurrente/taller_computo_concurrente/practica3"/>
    <property name="os.arch" value="aarch64"/>
    <property name="java.vm.specification.name" value="Java Virtual Machine Specification"/>
    <property name="native.encoding" value="UTF-8"/>
    <property name="java.library.path" value="/Users/arielmerino/Library/Java/Extensions:/Library/Java/Extensions:/Network/Library/Java/Extensions:/System/Library/Java/Extensions:/usr/lib/java:."/>
    <property name="java.vm.info" value="mixed mode, sharing"/>
    <property name="stderr.encoding" value="UTF-8"/>
    <property name="java.vendor" value="Homebrew"/>
    <property name="java.vm.version" value="20.0.2"/>
    <property name="sun.io.unicode.encoding" value="UnicodeBig"/>
    <property name="socksNonProxyHosts" value="local|*.local|169.254/16|*.169.254/16"/>
    <property name="java.class.version" value="64.0"/>
  </properties>
  <testcase name="tasLock" classname="kas.concurrente.LockTest" time="55.137"/>
  <testcase name="ttasLock" classname="kas.concurrente.LockTest" time="76.647"/>
  <testcase name="backoffLock" classname="kas.concurrente.LockTest" time="6.874"/>
  <testcase name="aLock" classname="kas.concurrente.LockTest" time="0.017">
    <failure message="expected: &lt;1000000&gt; but was: &lt;0&gt;" type="org.opentest4j.AssertionFailedError"><![CDATA[org.opentest4j.AssertionFailedError: expected: <1000000> but was: <0>
	at kas.concurrente.LockTest.ejecutaPrueba(LockTest.java:49)
	at kas.concurrente.LockTest.aLock(LockTest.java:83)
]]></failure>
    <system-err><![CDATA[Exception in thread "Thread-7650" Exception in thread "Thread-7653" Exception in thread "Thread-7652" Exception in thread "Thread-7654" java.lang.UnsupportedOperationException: Unimplemented method 'lock'
	at kas.concurrente.ALock.lock(ALock.java:14)
	at kas.concurrente.Counter.getAndIncrement(LockTest.java:106)
	at kas.concurrente.LockTest.incrementaContador(LockTest.java:22)
	at kas.concurrente.LockTest.lambda$0(LockTest.java:38)
	at java.base/java.lang.Thread.run(Thread.java:1623)
Exception in thread "Thread-7651" java.lang.UnsupportedOperationException: Unimplemented method 'lock'
	at kas.concurrente.ALock.lock(ALock.java:14)
	at kas.concurrente.Counter.getAndIncrement(LockTest.java:106)
	at kas.concurrente.LockTest.incrementaContador(LockTest.java:22)
	at kas.concurrente.LockTest.lambda$0(LockTest.java:38)
	at java.base/java.lang.Thread.run(Thread.java:1623)
Exception in thread "Thread-7673" java.lang.UnsupportedOperationException: Unimplemented method 'lock'
	at kas.concurrente.ALock.lock(ALock.java:14)
	at kas.concurrente.Counter.getAndIncrement(LockTest.java:106)
	at kas.concurrente.LockTest.incrementaContador(LockTest.java:22)
	at kas.concurrente.LockTest.lambda$0(LockTest.java:38)
	at java.base/java.lang.Thread.run(Thread.java:1623)
Exception in thread "Thread-7680" java.lang.UnsupportedOperationException: Unimplemented method 'lock'
	at kas.concurrente.ALock.lock(ALock.java:14)
	at kas.concurrente.Counter.getAndIncrement(LockTest.java:106)
	at kas.concurrente.LockTest.incrementaContador(LockTest.java:22)
	at kas.concurrente.LockTest.lambda$0(LockTest.java:38)
	at java.base/java.lang.Thread.run(Thread.java:1623)
Exception in thread "Thread-7672" java.lang.UnsupportedOperationException: Unimplemented method 'lock'
	at kas.concurrente.ALock.lock(ALock.java:14)
	at kas.concurrente.Counter.getAndIncrement(LockTest.java:106)
	at kas.concurrente.LockTest.incrementaContador(LockTest.java:22)
	at kas.concurrente.LockTest.lambda$0(LockTest.java:38)
	at java.base/java.lang.Thread.run(Thread.java:1623)
Exception in thread "Thread-7687" java.lang.UnsupportedOperationException: Unimplemented method 'lock'
	at kas.concurrente.ALock.lock(ALock.java:14)
	at kas.concurrente.Counter.getAndIncrement(LockTest.java:106)
	at kas.concurrente.LockTest.incrementaContador(LockTest.java:22)
	at kas.concurrente.LockTest.lambda$0(LockTest.java:38)
	at java.base/java.lang.Thread.run(Thread.java:1623)
Exception in thread "Thread-7671" Exception in thread "Thread-7691" java.lang.UnsupportedOperationException: Unimplemented method 'lock'
	at kas.concurrente.ALock.lock(ALock.java:14)
	at kas.concurrente.Counter.getAndIncrement(LockTest.java:106)
	at kas.concurrente.LockTest.incrementaContador(LockTest.java:22)
	at kas.concurrente.LockTest.lambda$0(LockTest.java:38)
	at java.base/java.lang.Thread.run(Thread.java:1623)
Exception in thread "Thread-7695" java.lang.UnsupportedOperationException: Unimplemented method 'lock'
	at kas.concurrente.ALock.lock(ALock.java:14)
	at kas.concurrente.Counter.getAndIncrement(LockTest.java:106)
	at kas.concurrente.LockTest.incrementaContador(LockTest.java:22)
	at kas.concurrente.LockTest.lambda$0(LockTest.java:38)
	at java.base/java.lang.Thread.run(Thread.java:1623)
Exception in thread "Thread-7670" java.lang.UnsupportedOperationException: Unimplemented method 'lock'
	at kas.concurrente.ALock.lock(ALock.java:14)
	at kas.concurrente.Counter.getAndIncrement(LockTest.java:106)
	at kas.concurrente.LockTest.incrementaContador(LockTest.java:22)
	at kas.concurrente.LockTest.lambda$0(LockTest.java:38)
	at java.base/java.lang.Thread.run(Thread.java:1623)
Exception in thread "Thread-7669" java.lang.UnsupportedOperationException: Unimplemented method 'lock'
	at kas.concurrente.ALock.lock(ALock.java:14)
	at kas.concurrente.Counter.getAndIncrement(LockTest.java:106)
	at kas.concurrente.LockTest.incrementaContador(LockTest.java:22)
	at kas.concurrente.LockTest.lambda$0(LockTest.java:38)
	at java.base/java.lang.Thread.run(Thread.java:1623)
Exception in thread "Thread-7668" java.lang.UnsupportedOperationException: Unimplemented method 'lock'
	at kas.concurrente.ALock.lock(ALock.java:14)
	at kas.concurrente.Counter.getAndIncrement(LockTest.java:106)
	at kas.concurrente.LockTest.incrementaContador(LockTest.java:22)
	at kas.concurrente.LockTest.lambda$0(LockTest.java:38)
	at java.base/java.lang.Thread.run(Thread.java:1623)
Exception in thread "Thread-7667" java.lang.UnsupportedOperationException: Unimplemented method 'lock'
	at kas.concurrente.ALock.lock(ALock.java:14)
	at kas.concurrente.Counter.getAndIncrement(LockTest.java:106)
	at kas.concurrente.LockTest.incrementaContador(LockTest.java:22)
	at kas.concurrente.LockTest.lambda$0(LockTest.java:38)
	at java.base/java.lang.Thread.run(Thread.java:1623)
Exception in thread "Thread-7666" java.lang.UnsupportedOperationException: Unimplemented method 'lock'
	at kas.concurrente.ALock.lock(ALock.java:14)
	at kas.concurrente.Counter.getAndIncrement(LockTest.java:106)
	at kas.concurrente.LockTest.incrementaContador(LockTest.java:22)
	at kas.concurrente.LockTest.lambda$0(LockTest.java:38)
	at java.base/java.lang.Thread.run(Thread.java:1623)
Exception in thread "Thread-7665" java.lang.UnsupportedOperationException: Unimplemented method 'lock'
	at kas.concurrente.ALock.lock(ALock.java:14)
	at kas.concurrente.Counter.getAndIncrement(LockTest.java:106)
	at kas.concurrente.LockTest.incrementaContador(LockTest.java:22)
	at kas.concurrente.LockTest.lambda$0(LockTest.java:38)
	at java.base/java.lang.Thread.run(Thread.java:1623)
Exception in thread "Thread-7664" java.lang.UnsupportedOperationException: Unimplemented method 'lock'
	at kas.concurrente.ALock.lock(ALock.java:14)
	at kas.concurrente.Counter.getAndIncrement(LockTest.java:106)
	at kas.concurrente.LockTest.incrementaContador(LockTest.java:22)
	at kas.concurrente.LockTest.lambda$0(LockTest.java:38)
	at java.base/java.lang.Thread.run(Thread.java:1623)
Exception in thread "Thread-7663" java.lang.UnsupportedOperationException: Unimplemented method 'lock'
	at kas.concurrente.ALock.lock(ALock.java:14)
	at kas.concurrente.Counter.getAndIncrement(LockTest.java:106)
	at kas.concurrente.LockTest.incrementaContador(LockTest.java:22)
	at kas.concurrente.LockTest.lambda$0(LockTest.java:38)
	at java.base/java.lang.Thread.run(Thread.java:1623)
Exception in thread "Thread-7661" java.lang.UnsupportedOperationException: Unimplemented method 'lock'
	at kas.concurrente.ALock.lock(ALock.java:14)
	at kas.concurrente.Counter.getAndIncrement(LockTest.java:106)
	at kas.concurrente.LockTest.incrementaContador(LockTest.java:22)
	at kas.concurrente.LockTest.lambda$0(LockTest.java:38)
	at java.base/java.lang.Thread.run(Thread.java:1623)
Exception in thread "Thread-7662" java.lang.UnsupportedOperationException: Unimplemented method 'lock'
	at kas.concurrente.ALock.lock(ALock.java:14)
	at kas.concurrente.Counter.getAndIncrement(LockTest.java:106)
	at kas.concurrente.LockTest.incrementaContador(LockTest.java:22)
	at kas.concurrente.LockTest.lambda$0(LockTest.java:38)
	at java.base/java.lang.Thread.run(Thread.java:1623)
Exception in thread "Thread-7660" java.lang.UnsupportedOperationException: Unimplemented method 'lock'
	at kas.concurrente.ALock.lock(ALock.java:14)
	at kas.concurrente.Counter.getAndIncrement(LockTest.java:106)
	at kas.concurrente.LockTest.incrementaContador(LockTest.java:22)
	at kas.concurrente.LockTest.lambda$0(LockTest.java:38)
	at java.base/java.lang.Thread.run(Thread.java:1623)
Exception in thread "Thread-7659" java.lang.UnsupportedOperationException: Unimplemented method 'lock'
	at kas.concurrente.ALock.lock(ALock.java:14)
	at kas.concurrente.Counter.getAndIncrement(LockTest.java:106)
	at kas.concurrente.LockTest.incrementaContador(LockTest.java:22)
	at kas.concurrente.LockTest.lambda$0(LockTest.java:38)
	at java.base/java.lang.Thread.run(Thread.java:1623)
Exception in thread "Thread-7658" java.lang.UnsupportedOperationException: Unimplemented method 'lock'
	at kas.concurrente.ALock.lock(ALock.java:14)
	at kas.concurrente.Counter.getAndIncrement(LockTest.java:106)
	at kas.concurrente.LockTest.incrementaContador(LockTest.java:22)
	at kas.concurrente.LockTest.lambda$0(LockTest.java:38)
	at java.base/java.lang.Thread.run(Thread.java:1623)
java.lang.UnsupportedOperationException: Unimplemented method 'lock'
	at kas.concurrente.ALock.lock(ALock.java:14)
	at kas.concurrente.Counter.getAndIncrement(LockTest.java:106)
	at kas.concurrente.LockTest.incrementaContador(LockTest.java:22)
	at kas.concurrente.LockTest.lambda$0(LockTest.java:38)
	at java.base/java.lang.Thread.run(Thread.java:1623)
java.lang.UnsupportedOperationException: Unimplemented method 'lock'
	at kas.concurrente.ALock.lock(ALock.java:14)
	at kas.concurrente.Counter.getAndIncrement(LockTest.java:106)
	at kas.concurrente.LockTest.incrementaContador(LockTest.java:22)
	at kas.concurrente.LockTest.lambda$0(LockTest.java:38)
	at java.base/java.lang.Thread.run(Thread.java:1623)
java.lang.UnsupportedOperationException: Unimplemented method 'lock'
	at kas.concurrente.ALock.lock(ALock.java:14)
	at kas.concurrente.Counter.getAndIncrement(LockTest.java:106)
	at kas.concurrente.LockTest.incrementaContador(LockTest.java:22)
	at kas.concurrente.LockTest.lambda$0(LockTest.java:38)
	at java.base/java.lang.Thread.run(Thread.java:1623)
Exception in thread "Thread-7656" java.lang.UnsupportedOperationException: Unimplemented method 'lock'
	at kas.concurrente.ALock.lock(ALock.java:14)
	at kas.concurrente.Counter.getAndIncrement(LockTest.java:106)
	at kas.concurrente.LockTest.incrementaContador(LockTest.java:22)
	at kas.concurrente.LockTest.lambda$0(LockTest.java:38)
	at java.base/java.lang.Thread.run(Thread.java:1623)
Exception in thread "Thread-7657" java.lang.UnsupportedOperationException: Unimplemented method 'lock'
	at kas.concurrente.ALock.lock(ALock.java:14)
	at kas.concurrente.Counter.getAndIncrement(LockTest.java:106)
	at kas.concurrente.LockTest.incrementaContador(LockTest.java:22)
	at kas.concurrente.LockTest.lambda$0(LockTest.java:38)
	at java.base/java.lang.Thread.run(Thread.java:1623)
Exception in thread "Thread-7655" java.lang.UnsupportedOperationException: Unimplemented method 'lock'
	at kas.concurrente.ALock.lock(ALock.java:14)
	at kas.concurrente.Counter.getAndIncrement(LockTest.java:106)
	at kas.concurrente.LockTest.incrementaContador(LockTest.java:22)
	at kas.concurrente.LockTest.lambda$0(LockTest.java:38)
	at java.base/java.lang.Thread.run(Thread.java:1623)
Exception in thread "Thread-7700" java.lang.UnsupportedOperationException: Unimplemented method 'lock'
	at kas.concurrente.ALock.lock(ALock.java:14)
	at kas.concurrente.Counter.getAndIncrement(LockTest.java:106)
	at kas.concurrente.LockTest.incrementaContador(LockTest.java:22)
	at kas.concurrente.LockTest.lambda$0(LockTest.java:38)
	at java.base/java.lang.Thread.run(Thread.java:1623)
Exception in thread "Thread-7699" java.lang.UnsupportedOperationException: Unimplemented method 'lock'
	at kas.concurrente.ALock.lock(ALock.java:14)
	at kas.concurrente.Counter.getAndIncrement(LockTest.java:106)
	at kas.concurrente.LockTest.incrementaContador(LockTest.java:22)
	at kas.concurrente.LockTest.lambda$0(LockTest.java:38)
	at java.base/java.lang.Thread.run(Thread.java:1623)
Exception in thread "Thread-7698" java.lang.UnsupportedOperationException: Unimplemented method 'lock'
	at kas.concurrente.ALock.lock(ALock.java:14)
	at kas.concurrente.Counter.getAndIncrement(LockTest.java:106)
	at kas.concurrente.LockTest.incrementaContador(LockTest.java:22)
	at kas.concurrente.LockTest.lambda$0(LockTest.java:38)
	at java.base/java.lang.Thread.run(Thread.java:1623)
Exception in thread "Thread-7697" java.lang.UnsupportedOperationException: Unimplemented method 'lock'
	at kas.concurrente.ALock.lock(ALock.java:14)
	at kas.concurrente.Counter.getAndIncrement(LockTest.java:106)
	at kas.concurrente.LockTest.incrementaContador(LockTest.java:22)
	at kas.concurrente.LockTest.lambda$0(LockTest.java:38)
	at java.base/java.lang.Thread.run(Thread.java:1623)
Exception in thread "Thread-7696" java.lang.UnsupportedOperationException: Unimplemented method 'lock'
	at kas.concurrente.ALock.lock(ALock.java:14)
	at kas.concurrente.Counter.getAndIncrement(LockTest.java:106)
	at kas.concurrente.LockTest.incrementaContador(LockTest.java:22)
	at kas.concurrente.LockTest.lambda$0(LockTest.java:38)
	at java.base/java.lang.Thread.run(Thread.java:1623)
Exception in thread "Thread-7694" java.lang.UnsupportedOperationException: Unimplemented method 'lock'
	at kas.concurrente.ALock.lock(ALock.java:14)
	at kas.concurrente.Counter.getAndIncrement(LockTest.java:106)
	at kas.concurrente.LockTest.incrementaContador(LockTest.java:22)
	at kas.concurrente.LockTest.lambda$0(LockTest.java:38)
	at java.base/java.lang.Thread.run(Thread.java:1623)
Exception in thread "Thread-7693" java.lang.UnsupportedOperationException: Unimplemented method 'lock'
	at kas.concurrente.ALock.lock(ALock.java:14)
	at kas.concurrente.Counter.getAndIncrement(LockTest.java:106)
	at kas.concurrente.LockTest.incrementaContador(LockTest.java:22)
	at kas.concurrente.LockTest.lambda$0(LockTest.java:38)
	at java.base/java.lang.Thread.run(Thread.java:1623)
Exception in thread "Thread-7692" java.lang.UnsupportedOperationException: Unimplemented method 'lock'
	at kas.concurrente.ALock.lock(ALock.java:14)
	at kas.concurrente.Counter.getAndIncrement(LockTest.java:106)
	at kas.concurrente.LockTest.incrementaContador(LockTest.java:22)
	at kas.concurrente.LockTest.lambda$0(LockTest.java:38)
	at java.base/java.lang.Thread.run(Thread.java:1623)
java.lang.UnsupportedOperationException: Unimplemented method 'lock'
	at kas.concurrente.ALock.lock(ALock.java:14)
	at kas.concurrente.Counter.getAndIncrement(LockTest.java:106)
	at kas.concurrente.LockTest.incrementaContador(LockTest.java:22)
	at kas.concurrente.LockTest.lambda$0(LockTest.java:38)
	at java.base/java.lang.Thread.run(Thread.java:1623)
Exception in thread "Thread-7690" java.lang.UnsupportedOperationException: Unimplemented method 'lock'
	at kas.concurrente.ALock.lock(ALock.java:14)
	at kas.concurrente.Counter.getAndIncrement(LockTest.java:106)
	at kas.concurrente.LockTest.incrementaContador(LockTest.java:22)
	at kas.concurrente.LockTest.lambda$0(LockTest.java:38)
	at java.base/java.lang.Thread.run(Thread.java:1623)
Exception in thread "Thread-7689" java.lang.UnsupportedOperationException: Unimplemented method 'lock'
	at kas.concurrente.ALock.lock(ALock.java:14)
	at kas.concurrente.Counter.getAndIncrement(LockTest.java:106)
	at kas.concurrente.LockTest.incrementaContador(LockTest.java:22)
	at kas.concurrente.LockTest.lambda$0(LockTest.java:38)
	at java.base/java.lang.Thread.run(Thread.java:1623)
Exception in thread "Thread-7688" java.lang.UnsupportedOperationException: Unimplemented method 'lock'
	at kas.concurrente.ALock.lock(ALock.java:14)
	at kas.concurrente.Counter.getAndIncrement(LockTest.java:106)
	at kas.concurrente.LockTest.incrementaContador(LockTest.java:22)
	at kas.concurrente.LockTest.lambda$0(LockTest.java:38)
	at java.base/java.lang.Thread.run(Thread.java:1623)
Exception in thread "Thread-7686" java.lang.UnsupportedOperationException: Unimplemented method 'lock'
	at kas.concurrente.ALock.lock(ALock.java:14)
	at kas.concurrente.Counter.getAndIncrement(LockTest.java:106)
	at kas.concurrente.LockTest.incrementaContador(LockTest.java:22)
	at kas.concurrente.LockTest.lambda$0(LockTest.java:38)
	at java.base/java.lang.Thread.run(Thread.java:1623)
Exception in thread "Thread-7685" java.lang.UnsupportedOperationException: Unimplemented method 'lock'
	at kas.concurrente.ALock.lock(ALock.java:14)
	at kas.concurrente.Counter.getAndIncrement(LockTest.java:106)
	at kas.concurrente.LockTest.incrementaContador(LockTest.java:22)
	at kas.concurrente.LockTest.lambda$0(LockTest.java:38)
	at java.base/java.lang.Thread.run(Thread.java:1623)
Exception in thread "Thread-7684" java.lang.UnsupportedOperationException: Unimplemented method 'lock'
	at kas.concurrente.ALock.lock(ALock.java:14)
	at kas.concurrente.Counter.getAndIncrement(LockTest.java:106)
	at kas.concurrente.LockTest.incrementaContador(LockTest.java:22)
	at kas.concurrente.LockTest.lambda$0(LockTest.java:38)
	at java.base/java.lang.Thread.run(Thread.java:1623)
Exception in thread "Thread-7683" java.lang.UnsupportedOperationException: Unimplemented method 'lock'
	at kas.concurrente.ALock.lock(ALock.java:14)
	at kas.concurrente.Counter.getAndIncrement(LockTest.java:106)
	at kas.concurrente.LockTest.incrementaContador(LockTest.java:22)
	at kas.concurrente.LockTest.lambda$0(LockTest.java:38)
	at java.base/java.lang.Thread.run(Thread.java:1623)
Exception in thread "Thread-7682" java.lang.UnsupportedOperationException: Unimplemented method 'lock'
	at kas.concurrente.ALock.lock(ALock.java:14)
	at kas.concurrente.Counter.getAndIncrement(LockTest.java:106)
	at kas.concurrente.LockTest.incrementaContador(LockTest.java:22)
	at kas.concurrente.LockTest.lambda$0(LockTest.java:38)
	at java.base/java.lang.Thread.run(Thread.java:1623)
Exception in thread "Thread-7681" java.lang.UnsupportedOperationException: Unimplemented method 'lock'
	at kas.concurrente.ALock.lock(ALock.java:14)
	at kas.concurrente.Counter.getAndIncrement(LockTest.java:106)
	at kas.concurrente.LockTest.incrementaContador(LockTest.java:22)
	at kas.concurrente.LockTest.lambda$0(LockTest.java:38)
	at java.base/java.lang.Thread.run(Thread.java:1623)
Exception in thread "Thread-7678" java.lang.UnsupportedOperationException: Unimplemented method 'lock'
	at kas.concurrente.ALock.lock(ALock.java:14)
	at kas.concurrente.Counter.getAndIncrement(LockTest.java:106)
	at kas.concurrente.LockTest.incrementaContador(LockTest.java:22)
	at kas.concurrente.LockTest.lambda$0(LockTest.java:38)
	at java.base/java.lang.Thread.run(Thread.java:1623)
Exception in thread "Thread-7679" java.lang.UnsupportedOperationException: Unimplemented method 'lock'
	at kas.concurrente.ALock.lock(ALock.java:14)
	at kas.concurrente.Counter.getAndIncrement(LockTest.java:106)
	at kas.concurrente.LockTest.incrementaContador(LockTest.java:22)
	at kas.concurrente.LockTest.lambda$0(LockTest.java:38)
	at java.base/java.lang.Thread.run(Thread.java:1623)
Exception in thread "Thread-7677" java.lang.UnsupportedOperationException: Unimplemented method 'lock'
	at kas.concurrente.ALock.lock(ALock.java:14)
	at kas.concurrente.Counter.getAndIncrement(LockTest.java:106)
	at kas.concurrente.LockTest.incrementaContador(LockTest.java:22)
	at kas.concurrente.LockTest.lambda$0(LockTest.java:38)
	at java.base/java.lang.Thread.run(Thread.java:1623)
Exception in thread "Thread-7676" java.lang.UnsupportedOperationException: Unimplemented method 'lock'
	at kas.concurrente.ALock.lock(ALock.java:14)
	at kas.concurrente.Counter.getAndIncrement(LockTest.java:106)
	at kas.concurrente.LockTest.incrementaContador(LockTest.java:22)
	at kas.concurrente.LockTest.lambda$0(LockTest.java:38)
	at java.base/java.lang.Thread.run(Thread.java:1623)
Exception in thread "Thread-7675" java.lang.UnsupportedOperationException: Unimplemented method 'lock'
	at kas.concurrente.ALock.lock(ALock.java:14)
	at kas.concurrente.Counter.getAndIncrement(LockTest.java:106)
	at kas.concurrente.LockTest.incrementaContador(LockTest.java:22)
	at kas.concurrente.LockTest.lambda$0(LockTest.java:38)
	at java.base/java.lang.Thread.run(Thread.java:1623)
Exception in thread "Thread-7674" java.lang.UnsupportedOperationException: Unimplemented method 'lock'
	at kas.concurrente.ALock.lock(ALock.java:14)
	at kas.concurrente.Counter.getAndIncrement(LockTest.java:106)
	at kas.concurrente.LockTest.incrementaContador(LockTest.java:22)
	at kas.concurrente.LockTest.lambda$0(LockTest.java:38)
	at java.base/java.lang.Thread.run(Thread.java:1623)
]]></system-err>
  </testcase>
  <testcase name="clhLock" classname="kas.concurrente.LockTest" time="0.01">
    <failure message="expected: &lt;1000000&gt; but was: &lt;0&gt;" type="org.opentest4j.AssertionFailedError"><![CDATA[org.opentest4j.AssertionFailedError: expected: <1000000> but was: <0>
	at kas.concurrente.LockTest.ejecutaPrueba(LockTest.java:49)
	at kas.concurrente.LockTest.clhLock(LockTest.java:73)
]]></failure>
    <system-err><![CDATA[Exception in thread "Thread-7701" java.lang.UnsupportedOperationException: Unimplemented method 'lock'
	at kas.concurrente.CLHLock.lock(CLHLock.java:8)
	at kas.concurrente.Counter.getAndIncrement(LockTest.java:106)
	at kas.concurrente.LockTest.incrementaContador(LockTest.java:22)
	at kas.concurrente.LockTest.lambda$0(LockTest.java:38)
	at java.base/java.lang.Thread.run(Thread.java:1623)
Exception in thread "Thread-7703" java.lang.UnsupportedOperationException: Unimplemented method 'lock'
	at kas.concurrente.CLHLock.lock(CLHLock.java:8)
	at kas.concurrente.Counter.getAndIncrement(LockTest.java:106)
	at kas.concurrente.LockTest.incrementaContador(LockTest.java:22)
	at kas.concurrente.LockTest.lambda$0(LockTest.java:38)
	at java.base/java.lang.Thread.run(Thread.java:1623)
Exception in thread "Thread-7702" java.lang.UnsupportedOperationException: Unimplemented method 'lock'
	at kas.concurrente.CLHLock.lock(CLHLock.java:8)
	at kas.concurrente.Counter.getAndIncrement(LockTest.java:106)
	at kas.concurrente.LockTest.incrementaContador(LockTest.java:22)
	at kas.concurrente.LockTest.lambda$0(LockTest.java:38)
	at java.base/java.lang.Thread.run(Thread.java:1623)
Exception in thread "Thread-7705" java.lang.UnsupportedOperationException: Unimplemented method 'lock'
	at kas.concurrente.CLHLock.lock(CLHLock.java:8)
	at kas.concurrente.Counter.getAndIncrement(LockTest.java:106)
	at kas.concurrente.LockTest.incrementaContador(LockTest.java:22)
	at kas.concurrente.LockTest.lambda$0(LockTest.java:38)
	at java.base/java.lang.Thread.run(Thread.java:1623)
Exception in thread "Thread-7710" java.lang.UnsupportedOperationException: Unimplemented method 'lock'
	at kas.concurrente.CLHLock.lock(CLHLock.java:8)
	at kas.concurrente.Counter.getAndIncrement(LockTest.java:106)
	at kas.concurrente.LockTest.incrementaContador(LockTest.java:22)
	at kas.concurrente.LockTest.lambda$0(LockTest.java:38)
	at java.base/java.lang.Thread.run(Thread.java:1623)
Exception in thread "Thread-7704" java.lang.UnsupportedOperationException: Unimplemented method 'lock'
	at kas.concurrente.CLHLock.lock(CLHLock.java:8)
	at kas.concurrente.Counter.getAndIncrement(LockTest.java:106)
	at kas.concurrente.LockTest.incrementaContador(LockTest.java:22)
	at kas.concurrente.LockTest.lambda$0(LockTest.java:38)
	at java.base/java.lang.Thread.run(Thread.java:1623)
Exception in thread "Thread-7711" java.lang.UnsupportedOperationException: Unimplemented method 'lock'
	at kas.concurrente.CLHLock.lock(CLHLock.java:8)
	at kas.concurrente.Counter.getAndIncrement(LockTest.java:106)
	at kas.concurrente.LockTest.incrementaContador(LockTest.java:22)
	at kas.concurrente.LockTest.lambda$0(LockTest.java:38)
	at java.base/java.lang.Thread.run(Thread.java:1623)
Exception in thread "Thread-7707" java.lang.UnsupportedOperationException: Unimplemented method 'lock'
	at kas.concurrente.CLHLock.lock(CLHLock.java:8)
	at kas.concurrente.Counter.getAndIncrement(LockTest.java:106)
	at kas.concurrente.LockTest.incrementaContador(LockTest.java:22)
	at kas.concurrente.LockTest.lambda$0(LockTest.java:38)
	at java.base/java.lang.Thread.run(Thread.java:1623)
Exception in thread "Thread-7706" java.lang.UnsupportedOperationException: Unimplemented method 'lock'
	at kas.concurrente.CLHLock.lock(CLHLock.java:8)
	at kas.concurrente.Counter.getAndIncrement(LockTest.java:106)
	at kas.concurrente.LockTest.incrementaContador(LockTest.java:22)
	at kas.concurrente.LockTest.lambda$0(LockTest.java:38)
	at java.base/java.lang.Thread.run(Thread.java:1623)
Exception in thread "Thread-7718" java.lang.UnsupportedOperationException: Unimplemented method 'lock'
	at kas.concurrente.CLHLock.lock(CLHLock.java:8)
	at kas.concurrente.Counter.getAndIncrement(LockTest.java:106)
	at kas.concurrente.LockTest.incrementaContador(LockTest.java:22)
	at kas.concurrente.LockTest.lambda$0(LockTest.java:38)
	at java.base/java.lang.Thread.run(Thread.java:1623)
Exception in thread "Thread-7719" java.lang.UnsupportedOperationException: Unimplemented method 'lock'
	at kas.concurrente.CLHLock.lock(CLHLock.java:8)
	at kas.concurrente.Counter.getAndIncrement(LockTest.java:106)
	at kas.concurrente.LockTest.incrementaContador(LockTest.java:22)
	at kas.concurrente.LockTest.lambda$0(LockTest.java:38)
	at java.base/java.lang.Thread.run(Thread.java:1623)
Exception in thread "Thread-7709" java.lang.UnsupportedOperationException: Unimplemented method 'lock'
	at kas.concurrente.CLHLock.lock(CLHLock.java:8)
	at kas.concurrente.Counter.getAndIncrement(LockTest.java:106)
	at kas.concurrente.LockTest.incrementaContador(LockTest.java:22)
	at kas.concurrente.LockTest.lambda$0(LockTest.java:38)
	at java.base/java.lang.Thread.run(Thread.java:1623)
Exception in thread "Thread-7708" java.lang.UnsupportedOperationException: Unimplemented method 'lock'
	at kas.concurrente.CLHLock.lock(CLHLock.java:8)
	at kas.concurrente.Counter.getAndIncrement(LockTest.java:106)
	at kas.concurrente.LockTest.incrementaContador(LockTest.java:22)
	at kas.concurrente.LockTest.lambda$0(LockTest.java:38)
	at java.base/java.lang.Thread.run(Thread.java:1623)
Exception in thread "Thread-7724" Exception in thread "Thread-7721" java.lang.UnsupportedOperationException: Unimplemented method 'lock'
	at kas.concurrente.CLHLock.lock(CLHLock.java:8)
	at kas.concurrente.Counter.getAndIncrement(LockTest.java:106)
	at kas.concurrente.LockTest.incrementaContador(LockTest.java:22)
	at kas.concurrente.LockTest.lambda$0(LockTest.java:38)
	at java.base/java.lang.Thread.run(Thread.java:1623)
Exception in thread "Thread-7720" java.lang.UnsupportedOperationException: Unimplemented method 'lock'
	at kas.concurrente.CLHLock.lock(CLHLock.java:8)
	at kas.concurrente.Counter.getAndIncrement(LockTest.java:106)
	at kas.concurrente.LockTest.incrementaContador(LockTest.java:22)
	at kas.concurrente.LockTest.lambda$0(LockTest.java:38)
	at java.base/java.lang.Thread.run(Thread.java:1623)
Exception in thread "Thread-7717" java.lang.UnsupportedOperationException: Unimplemented method 'lock'
	at kas.concurrente.CLHLock.lock(CLHLock.java:8)
	at kas.concurrente.Counter.getAndIncrement(LockTest.java:106)
	at kas.concurrente.LockTest.incrementaContador(LockTest.java:22)
	at kas.concurrente.LockTest.lambda$0(LockTest.java:38)
	at java.base/java.lang.Thread.run(Thread.java:1623)
Exception in thread "Thread-7716" java.lang.UnsupportedOperationException: Unimplemented method 'lock'
	at kas.concurrente.CLHLock.lock(CLHLock.java:8)
	at kas.concurrente.Counter.getAndIncrement(LockTest.java:106)
	at kas.concurrente.LockTest.incrementaContador(LockTest.java:22)
	at kas.concurrente.LockTest.lambda$0(LockTest.java:38)
	at java.base/java.lang.Thread.run(Thread.java:1623)
Exception in thread "Thread-7715" java.lang.UnsupportedOperationException: Unimplemented method 'lock'
	at kas.concurrente.CLHLock.lock(CLHLock.java:8)
	at kas.concurrente.Counter.getAndIncrement(LockTest.java:106)
	at kas.concurrente.LockTest.incrementaContador(LockTest.java:22)
	at kas.concurrente.LockTest.lambda$0(LockTest.java:38)
	at java.base/java.lang.Thread.run(Thread.java:1623)
Exception in thread "Thread-7729" java.lang.UnsupportedOperationException: Unimplemented method 'lock'
	at kas.concurrente.CLHLock.lock(CLHLock.java:8)
	at kas.concurrente.Counter.getAndIncrement(LockTest.java:106)
	at kas.concurrente.LockTest.incrementaContador(LockTest.java:22)
	at kas.concurrente.LockTest.lambda$0(LockTest.java:38)
	at java.base/java.lang.Thread.run(Thread.java:1623)
Exception in thread "Thread-7714" java.lang.UnsupportedOperationException: Unimplemented method 'lock'
	at kas.concurrente.CLHLock.lock(CLHLock.java:8)
	at kas.concurrente.Counter.getAndIncrement(LockTest.java:106)
	at kas.concurrente.LockTest.incrementaContador(LockTest.java:22)
	at kas.concurrente.LockTest.lambda$0(LockTest.java:38)
	at java.base/java.lang.Thread.run(Thread.java:1623)
Exception in thread "Thread-7712" java.lang.UnsupportedOperationException: Unimplemented method 'lock'
	at kas.concurrente.CLHLock.lock(CLHLock.java:8)
	at kas.concurrente.Counter.getAndIncrement(LockTest.java:106)
	at kas.concurrente.LockTest.incrementaContador(LockTest.java:22)
	at kas.concurrente.LockTest.lambda$0(LockTest.java:38)
	at java.base/java.lang.Thread.run(Thread.java:1623)
Exception in thread "Thread-7713" Exception in thread "Thread-7732" java.lang.UnsupportedOperationException: Unimplemented method 'lock'
	at kas.concurrente.CLHLock.lock(CLHLock.java:8)
	at kas.concurrente.Counter.getAndIncrement(LockTest.java:106)
	at kas.concurrente.LockTest.incrementaContador(LockTest.java:22)
	at kas.concurrente.LockTest.lambda$0(LockTest.java:38)
	at java.base/java.lang.Thread.run(Thread.java:1623)
Exception in thread "Thread-7731" java.lang.UnsupportedOperationException: Unimplemented method 'lock'
	at kas.concurrente.CLHLock.lock(CLHLock.java:8)
	at kas.concurrente.Counter.getAndIncrement(LockTest.java:106)
	at kas.concurrente.LockTest.incrementaContador(LockTest.java:22)
	at kas.concurrente.LockTest.lambda$0(LockTest.java:38)
	at java.base/java.lang.Thread.run(Thread.java:1623)
Exception in thread "Thread-7730" java.lang.UnsupportedOperationException: Unimplemented method 'lock'
	at kas.concurrente.CLHLock.lock(CLHLock.java:8)
	at kas.concurrente.Counter.getAndIncrement(LockTest.java:106)
	at kas.concurrente.LockTest.incrementaContador(LockTest.java:22)
	at kas.concurrente.LockTest.lambda$0(LockTest.java:38)
	at java.base/java.lang.Thread.run(Thread.java:1623)
Exception in thread "Thread-7728" java.lang.UnsupportedOperationException: Unimplemented method 'lock'
	at kas.concurrente.CLHLock.lock(CLHLock.java:8)
	at kas.concurrente.Counter.getAndIncrement(LockTest.java:106)
	at kas.concurrente.LockTest.incrementaContador(LockTest.java:22)
	at kas.concurrente.LockTest.lambda$0(LockTest.java:38)
	at java.base/java.lang.Thread.run(Thread.java:1623)
Exception in thread "Thread-7727" java.lang.UnsupportedOperationException: Unimplemented method 'lock'
	at kas.concurrente.CLHLock.lock(CLHLock.java:8)
	at kas.concurrente.Counter.getAndIncrement(LockTest.java:106)
	at kas.concurrente.LockTest.incrementaContador(LockTest.java:22)
	at kas.concurrente.LockTest.lambda$0(LockTest.java:38)
	at java.base/java.lang.Thread.run(Thread.java:1623)
Exception in thread "Thread-7726" java.lang.UnsupportedOperationException: Unimplemented method 'lock'
	at kas.concurrente.CLHLock.lock(CLHLock.java:8)
	at kas.concurrente.Counter.getAndIncrement(LockTest.java:106)
	at kas.concurrente.LockTest.incrementaContador(LockTest.java:22)
	at kas.concurrente.LockTest.lambda$0(LockTest.java:38)
	at java.base/java.lang.Thread.run(Thread.java:1623)
Exception in thread "Thread-7738" java.lang.UnsupportedOperationException: Unimplemented method 'lock'
	at kas.concurrente.CLHLock.lock(CLHLock.java:8)
	at kas.concurrente.Counter.getAndIncrement(LockTest.java:106)
	at kas.concurrente.LockTest.incrementaContador(LockTest.java:22)
	at kas.concurrente.LockTest.lambda$0(LockTest.java:38)
	at java.base/java.lang.Thread.run(Thread.java:1623)
Exception in thread "Thread-7725" java.lang.UnsupportedOperationException: Unimplemented method 'lock'
	at kas.concurrente.CLHLock.lock(CLHLock.java:8)
	at kas.concurrente.Counter.getAndIncrement(LockTest.java:106)
	at kas.concurrente.LockTest.incrementaContador(LockTest.java:22)
	at kas.concurrente.LockTest.lambda$0(LockTest.java:38)
	at java.base/java.lang.Thread.run(Thread.java:1623)
java.lang.UnsupportedOperationException: Unimplemented method 'lock'
	at kas.concurrente.CLHLock.lock(CLHLock.java:8)
	at kas.concurrente.Counter.getAndIncrement(LockTest.java:106)
	at kas.concurrente.LockTest.incrementaContador(LockTest.java:22)
	at kas.concurrente.LockTest.lambda$0(LockTest.java:38)
	at java.base/java.lang.Thread.run(Thread.java:1623)
Exception in thread "Thread-7722" Exception in thread "Thread-7740" java.lang.UnsupportedOperationException: Unimplemented method 'lock'
	at kas.concurrente.CLHLock.lock(CLHLock.java:8)
	at kas.concurrente.Counter.getAndIncrement(LockTest.java:106)
	at kas.concurrente.LockTest.incrementaContador(LockTest.java:22)
	at kas.concurrente.LockTest.lambda$0(LockTest.java:38)
	at java.base/java.lang.Thread.run(Thread.java:1623)
Exception in thread "Thread-7723" java.lang.UnsupportedOperationException: Unimplemented method 'lock'
	at kas.concurrente.CLHLock.lock(CLHLock.java:8)
	at kas.concurrente.Counter.getAndIncrement(LockTest.java:106)
	at kas.concurrente.LockTest.incrementaContador(LockTest.java:22)
	at kas.concurrente.LockTest.lambda$0(LockTest.java:38)
	at java.base/java.lang.Thread.run(Thread.java:1623)
java.lang.UnsupportedOperationException: Unimplemented method 'lock'
	at kas.concurrente.CLHLock.lock(CLHLock.java:8)
	at kas.concurrente.Counter.getAndIncrement(LockTest.java:106)
	at kas.concurrente.LockTest.incrementaContador(LockTest.java:22)
	at kas.concurrente.LockTest.lambda$0(LockTest.java:38)
	at java.base/java.lang.Thread.run(Thread.java:1623)
Exception in thread "Thread-7739" java.lang.UnsupportedOperationException: Unimplemented method 'lock'
	at kas.concurrente.CLHLock.lock(CLHLock.java:8)
	at kas.concurrente.Counter.getAndIncrement(LockTest.java:106)
	at kas.concurrente.LockTest.incrementaContador(LockTest.java:22)
	at kas.concurrente.LockTest.lambda$0(LockTest.java:38)
	at java.base/java.lang.Thread.run(Thread.java:1623)
Exception in thread "Thread-7737" java.lang.UnsupportedOperationException: Unimplemented method 'lock'
	at kas.concurrente.CLHLock.lock(CLHLock.java:8)
	at kas.concurrente.Counter.getAndIncrement(LockTest.java:106)
	at kas.concurrente.LockTest.incrementaContador(LockTest.java:22)
	at kas.concurrente.LockTest.lambda$0(LockTest.java:38)
	at java.base/java.lang.Thread.run(Thread.java:1623)
Exception in thread "Thread-7736" java.lang.UnsupportedOperationException: Unimplemented method 'lock'
	at kas.concurrente.CLHLock.lock(CLHLock.java:8)
	at kas.concurrente.Counter.getAndIncrement(LockTest.java:106)
	at kas.concurrente.LockTest.incrementaContador(LockTest.java:22)
	at kas.concurrente.LockTest.lambda$0(LockTest.java:38)
	at java.base/java.lang.Thread.run(Thread.java:1623)
Exception in thread "Thread-7735" java.lang.UnsupportedOperationException: Unimplemented method 'lock'
	at kas.concurrente.CLHLock.lock(CLHLock.java:8)
	at kas.concurrente.Counter.getAndIncrement(LockTest.java:106)
	at kas.concurrente.LockTest.incrementaContador(LockTest.java:22)
	at kas.concurrente.LockTest.lambda$0(LockTest.java:38)
	at java.base/java.lang.Thread.run(Thread.java:1623)
Exception in thread "Thread-7734" java.lang.UnsupportedOperationException: Unimplemented method 'lock'
	at kas.concurrente.CLHLock.lock(CLHLock.java:8)
	at kas.concurrente.Counter.getAndIncrement(LockTest.java:106)
	at kas.concurrente.LockTest.incrementaContador(LockTest.java:22)
	at kas.concurrente.LockTest.lambda$0(LockTest.java:38)
	at java.base/java.lang.Thread.run(Thread.java:1623)
Exception in thread "Thread-7733" java.lang.UnsupportedOperationException: Unimplemented method 'lock'
	at kas.concurrente.CLHLock.lock(CLHLock.java:8)
	at kas.concurrente.Counter.getAndIncrement(LockTest.java:106)
	at kas.concurrente.LockTest.incrementaContador(LockTest.java:22)
	at kas.concurrente.LockTest.lambda$0(LockTest.java:38)
	at java.base/java.lang.Thread.run(Thread.java:1623)
java.lang.UnsupportedOperationException: Unimplemented method 'lock'
	at kas.concurrente.CLHLock.lock(CLHLock.java:8)
	at kas.concurrente.Counter.getAndIncrement(LockTest.java:106)
	at kas.concurrente.LockTest.incrementaContador(LockTest.java:22)
	at kas.concurrente.LockTest.lambda$0(LockTest.java:38)
	at java.base/java.lang.Thread.run(Thread.java:1623)
Exception in thread "Thread-7746" java.lang.UnsupportedOperationException: Unimplemented method 'lock'
	at kas.concurrente.CLHLock.lock(CLHLock.java:8)
	at kas.concurrente.Counter.getAndIncrement(LockTest.java:106)
	at kas.concurrente.LockTest.incrementaContador(LockTest.java:22)
	at kas.concurrente.LockTest.lambda$0(LockTest.java:38)
	at java.base/java.lang.Thread.run(Thread.java:1623)
Exception in thread "Thread-7747" java.lang.UnsupportedOperationException: Unimplemented method 'lock'
	at kas.concurrente.CLHLock.lock(CLHLock.java:8)
	at kas.concurrente.Counter.getAndIncrement(LockTest.java:106)
	at kas.concurrente.LockTest.incrementaContador(LockTest.java:22)
	at kas.concurrente.LockTest.lambda$0(LockTest.java:38)
	at java.base/java.lang.Thread.run(Thread.java:1623)
Exception in thread "Thread-7745" java.lang.UnsupportedOperationException: Unimplemented method 'lock'
	at kas.concurrente.CLHLock.lock(CLHLock.java:8)
	at kas.concurrente.Counter.getAndIncrement(LockTest.java:106)
	at kas.concurrente.LockTest.incrementaContador(LockTest.java:22)
	at kas.concurrente.LockTest.lambda$0(LockTest.java:38)
	at java.base/java.lang.Thread.run(Thread.java:1623)
Exception in thread "Thread-7748" java.lang.UnsupportedOperationException: Unimplemented method 'lock'
	at kas.concurrente.CLHLock.lock(CLHLock.java:8)
	at kas.concurrente.Counter.getAndIncrement(LockTest.java:106)
	at kas.concurrente.LockTest.incrementaContador(LockTest.java:22)
	at kas.concurrente.LockTest.lambda$0(LockTest.java:38)
	at java.base/java.lang.Thread.run(Thread.java:1623)
Exception in thread "Thread-7749" java.lang.UnsupportedOperationException: Unimplemented method 'lock'
	at kas.concurrente.CLHLock.lock(CLHLock.java:8)
	at kas.concurrente.Counter.getAndIncrement(LockTest.java:106)
	at kas.concurrente.LockTest.incrementaContador(LockTest.java:22)
	at kas.concurrente.LockTest.lambda$0(LockTest.java:38)
	at java.base/java.lang.Thread.run(Thread.java:1623)
Exception in thread "Thread-7744" java.lang.UnsupportedOperationException: Unimplemented method 'lock'
	at kas.concurrente.CLHLock.lock(CLHLock.java:8)
	at kas.concurrente.Counter.getAndIncrement(LockTest.java:106)
	at kas.concurrente.LockTest.incrementaContador(LockTest.java:22)
	at kas.concurrente.LockTest.lambda$0(LockTest.java:38)
	at java.base/java.lang.Thread.run(Thread.java:1623)
Exception in thread "Thread-7743" java.lang.UnsupportedOperationException: Unimplemented method 'lock'
	at kas.concurrente.CLHLock.lock(CLHLock.java:8)
	at kas.concurrente.Counter.getAndIncrement(LockTest.java:106)
	at kas.concurrente.LockTest.incrementaContador(LockTest.java:22)
	at kas.concurrente.LockTest.lambda$0(LockTest.java:38)
	at java.base/java.lang.Thread.run(Thread.java:1623)
Exception in thread "Thread-7742" java.lang.UnsupportedOperationException: Unimplemented method 'lock'
	at kas.concurrente.CLHLock.lock(CLHLock.java:8)
	at kas.concurrente.Counter.getAndIncrement(LockTest.java:106)
	at kas.concurrente.LockTest.incrementaContador(LockTest.java:22)
	at kas.concurrente.LockTest.lambda$0(LockTest.java:38)
	at java.base/java.lang.Thread.run(Thread.java:1623)
Exception in thread "Thread-7741" java.lang.UnsupportedOperationException: Unimplemented method 'lock'
	at kas.concurrente.CLHLock.lock(CLHLock.java:8)
	at kas.concurrente.Counter.getAndIncrement(LockTest.java:106)
	at kas.concurrente.LockTest.incrementaContador(LockTest.java:22)
	at kas.concurrente.LockTest.lambda$0(LockTest.java:38)
	at java.base/java.lang.Thread.run(Thread.java:1623)
Exception in thread "Thread-7751" java.lang.UnsupportedOperationException: Unimplemented method 'lock'
	at kas.concurrente.CLHLock.lock(CLHLock.java:8)
	at kas.concurrente.Counter.getAndIncrement(LockTest.java:106)
	at kas.concurrente.LockTest.incrementaContador(LockTest.java:22)
	at kas.concurrente.LockTest.lambda$0(LockTest.java:38)
	at java.base/java.lang.Thread.run(Thread.java:1623)
Exception in thread "Thread-7750" java.lang.UnsupportedOperationException: Unimplemented method 'lock'
	at kas.concurrente.CLHLock.lock(CLHLock.java:8)
	at kas.concurrente.Counter.getAndIncrement(LockTest.java:106)
	at kas.concurrente.LockTest.incrementaContador(LockTest.java:22)
	at kas.concurrente.LockTest.lambda$0(LockTest.java:38)
	at java.base/java.lang.Thread.run(Thread.java:1623)
]]></system-err>
  </testcase>
  <testcase name="mcsLock" classname="kas.concurrente.LockTest" time="0.003">
    <failure message="expected: &lt;1000000&gt; but was: &lt;0&gt;" type="org.opentest4j.AssertionFailedError"><![CDATA[org.opentest4j.AssertionFailedError: expected: <1000000> but was: <0>
	at kas.concurrente.LockTest.ejecutaPrueba(LockTest.java:49)
	at kas.concurrente.LockTest.mcsLock(LockTest.java:78)
]]></failure>
    <system-err><![CDATA[Exception in thread "Thread-7752" java.lang.UnsupportedOperationException: Unimplemented method 'lock'
	at kas.concurrente.MCSLock.lock(MCSLock.java:8)
	at kas.concurrente.Counter.getAndIncrement(LockTest.java:106)
	at kas.concurrente.LockTest.incrementaContador(LockTest.java:22)
	at kas.concurrente.LockTest.lambda$0(LockTest.java:38)
	at java.base/java.lang.Thread.run(Thread.java:1623)
Exception in thread "Thread-7753" java.lang.UnsupportedOperationException: Unimplemented method 'lock'
	at kas.concurrente.MCSLock.lock(MCSLock.java:8)
	at kas.concurrente.Counter.getAndIncrement(LockTest.java:106)
	at kas.concurrente.LockTest.incrementaContador(LockTest.java:22)
	at kas.concurrente.LockTest.lambda$0(LockTest.java:38)
	at java.base/java.lang.Thread.run(Thread.java:1623)
Exception in thread "Thread-7754" java.lang.UnsupportedOperationException: Unimplemented method 'lock'
	at kas.concurrente.MCSLock.lock(MCSLock.java:8)
	at kas.concurrente.Counter.getAndIncrement(LockTest.java:106)
	at kas.concurrente.LockTest.incrementaContador(LockTest.java:22)
	at kas.concurrente.LockTest.lambda$0(LockTest.java:38)
	at java.base/java.lang.Thread.run(Thread.java:1623)
Exception in thread "Thread-7755" java.lang.UnsupportedOperationException: Unimplemented method 'lock'
	at kas.concurrente.MCSLock.lock(MCSLock.java:8)
	at kas.concurrente.Counter.getAndIncrement(LockTest.java:106)
	at kas.concurrente.LockTest.incrementaContador(LockTest.java:22)
	at kas.concurrente.LockTest.lambda$0(LockTest.java:38)
	at java.base/java.lang.Thread.run(Thread.java:1623)
Exception in thread "Thread-7756" java.lang.UnsupportedOperationException: Unimplemented method 'lock'
	at kas.concurrente.MCSLock.lock(MCSLock.java:8)
	at kas.concurrente.Counter.getAndIncrement(LockTest.java:106)
	at kas.concurrente.LockTest.incrementaContador(LockTest.java:22)
	at kas.concurrente.LockTest.lambda$0(LockTest.java:38)
	at java.base/java.lang.Thread.run(Thread.java:1623)
Exception in thread "Thread-7757" java.lang.UnsupportedOperationException: Unimplemented method 'lock'
	at kas.concurrente.MCSLock.lock(MCSLock.java:8)
	at kas.concurrente.Counter.getAndIncrement(LockTest.java:106)
	at kas.concurrente.LockTest.incrementaContador(LockTest.java:22)
	at kas.concurrente.LockTest.lambda$0(LockTest.java:38)
	at java.base/java.lang.Thread.run(Thread.java:1623)
Exception in thread "Thread-7758" java.lang.UnsupportedOperationException: Unimplemented method 'lock'
	at kas.concurrente.MCSLock.lock(MCSLock.java:8)
	at kas.concurrente.Counter.getAndIncrement(LockTest.java:106)
	at kas.concurrente.LockTest.incrementaContador(LockTest.java:22)
	at kas.concurrente.LockTest.lambda$0(LockTest.java:38)
	at java.base/java.lang.Thread.run(Thread.java:1623)
Exception in thread "Thread-7759" java.lang.UnsupportedOperationException: Unimplemented method 'lock'
	at kas.concurrente.MCSLock.lock(MCSLock.java:8)
	at kas.concurrente.Counter.getAndIncrement(LockTest.java:106)
	at kas.concurrente.LockTest.incrementaContador(LockTest.java:22)
	at kas.concurrente.LockTest.lambda$0(LockTest.java:38)
	at java.base/java.lang.Thread.run(Thread.java:1623)
Exception in thread "Thread-7760" java.lang.UnsupportedOperationException: Unimplemented method 'lock'
	at kas.concurrente.MCSLock.lock(MCSLock.java:8)
	at kas.concurrente.Counter.getAndIncrement(LockTest.java:106)
	at kas.concurrente.LockTest.incrementaContador(LockTest.java:22)
	at kas.concurrente.LockTest.lambda$0(LockTest.java:38)
	at java.base/java.lang.Thread.run(Thread.java:1623)
Exception in thread "Thread-7761" java.lang.UnsupportedOperationException: Unimplemented method 'lock'
	at kas.concurrente.MCSLock.lock(MCSLock.java:8)
	at kas.concurrente.Counter.getAndIncrement(LockTest.java:106)
	at kas.concurrente.LockTest.incrementaContador(LockTest.java:22)
	at kas.concurrente.LockTest.lambda$0(LockTest.java:38)
	at java.base/java.lang.Thread.run(Thread.java:1623)
Exception in thread "Thread-7762" java.lang.UnsupportedOperationException: Unimplemented method 'lock'
	at kas.concurrente.MCSLock.lock(MCSLock.java:8)
	at kas.concurrente.Counter.getAndIncrement(LockTest.java:106)
	at kas.concurrente.LockTest.incrementaContador(LockTest.java:22)
	at kas.concurrente.LockTest.lambda$0(LockTest.java:38)
	at java.base/java.lang.Thread.run(Thread.java:1623)
Exception in thread "Thread-7763" java.lang.UnsupportedOperationException: Unimplemented method 'lock'
	at kas.concurrente.MCSLock.lock(MCSLock.java:8)
	at kas.concurrente.Counter.getAndIncrement(LockTest.java:106)
	at kas.concurrente.LockTest.incrementaContador(LockTest.java:22)
	at kas.concurrente.LockTest.lambda$0(LockTest.java:38)
	at java.base/java.lang.Thread.run(Thread.java:1623)
Exception in thread "Thread-7765" java.lang.UnsupportedOperationException: Unimplemented method 'lock'
	at kas.concurrente.MCSLock.lock(MCSLock.java:8)
	at kas.concurrente.Counter.getAndIncrement(LockTest.java:106)
	at kas.concurrente.LockTest.incrementaContador(LockTest.java:22)
	at kas.concurrente.LockTest.lambda$0(LockTest.java:38)
	at java.base/java.lang.Thread.run(Thread.java:1623)
Exception in thread "Thread-7766" java.lang.UnsupportedOperationException: Unimplemented method 'lock'
	at kas.concurrente.MCSLock.lock(MCSLock.java:8)
	at kas.concurrente.Counter.getAndIncrement(LockTest.java:106)
	at kas.concurrente.LockTest.incrementaContador(LockTest.java:22)
	at kas.concurrente.LockTest.lambda$0(LockTest.java:38)
	at java.base/java.lang.Thread.run(Thread.java:1623)
Exception in thread "Thread-7767" Exception in thread "Thread-7764" java.lang.UnsupportedOperationException: Unimplemented method 'lock'
	at kas.concurrente.MCSLock.lock(MCSLock.java:8)
	at kas.concurrente.Counter.getAndIncrement(LockTest.java:106)
	at kas.concurrente.LockTest.incrementaContador(LockTest.java:22)
	at kas.concurrente.LockTest.lambda$0(LockTest.java:38)
	at java.base/java.lang.Thread.run(Thread.java:1623)
java.lang.UnsupportedOperationException: Unimplemented method 'lock'
	at kas.concurrente.MCSLock.lock(MCSLock.java:8)
	at kas.concurrente.Counter.getAndIncrement(LockTest.java:106)
	at kas.concurrente.LockTest.incrementaContador(LockTest.java:22)
	at kas.concurrente.LockTest.lambda$0(LockTest.java:38)
	at java.base/java.lang.Thread.run(Thread.java:1623)
Exception in thread "Thread-7768" java.lang.UnsupportedOperationException: Unimplemented method 'lock'
	at kas.concurrente.MCSLock.lock(MCSLock.java:8)
	at kas.concurrente.Counter.getAndIncrement(LockTest.java:106)
	at kas.concurrente.LockTest.incrementaContador(LockTest.java:22)
	at kas.concurrente.LockTest.lambda$0(LockTest.java:38)
	at java.base/java.lang.Thread.run(Thread.java:1623)
Exception in thread "Thread-7769" java.lang.UnsupportedOperationException: Unimplemented method 'lock'
	at kas.concurrente.MCSLock.lock(MCSLock.java:8)
	at kas.concurrente.Counter.getAndIncrement(LockTest.java:106)
	at kas.concurrente.LockTest.incrementaContador(LockTest.java:22)
	at kas.concurrente.LockTest.lambda$0(LockTest.java:38)
	at java.base/java.lang.Thread.run(Thread.java:1623)
Exception in thread "Thread-7770" java.lang.UnsupportedOperationException: Unimplemented method 'lock'
	at kas.concurrente.MCSLock.lock(MCSLock.java:8)
	at kas.concurrente.Counter.getAndIncrement(LockTest.java:106)
	at kas.concurrente.LockTest.incrementaContador(LockTest.java:22)
	at kas.concurrente.LockTest.lambda$0(LockTest.java:38)
	at java.base/java.lang.Thread.run(Thread.java:1623)
Exception in thread "Thread-7771" java.lang.UnsupportedOperationException: Unimplemented method 'lock'
	at kas.concurrente.MCSLock.lock(MCSLock.java:8)
	at kas.concurrente.Counter.getAndIncrement(LockTest.java:106)
	at kas.concurrente.LockTest.incrementaContador(LockTest.java:22)
	at kas.concurrente.LockTest.lambda$0(LockTest.java:38)
	at java.base/java.lang.Thread.run(Thread.java:1623)
Exception in thread "Thread-7772" java.lang.UnsupportedOperationException: Unimplemented method 'lock'
	at kas.concurrente.MCSLock.lock(MCSLock.java:8)
	at kas.concurrente.Counter.getAndIncrement(LockTest.java:106)
	at kas.concurrente.LockTest.incrementaContador(LockTest.java:22)
	at kas.concurrente.LockTest.lambda$0(LockTest.java:38)
	at java.base/java.lang.Thread.run(Thread.java:1623)
Exception in thread "Thread-7773" java.lang.UnsupportedOperationException: Unimplemented method 'lock'
	at kas.concurrente.MCSLock.lock(MCSLock.java:8)
	at kas.concurrente.Counter.getAndIncrement(LockTest.java:106)
	at kas.concurrente.LockTest.incrementaContador(LockTest.java:22)
	at kas.concurrente.LockTest.lambda$0(LockTest.java:38)
	at java.base/java.lang.Thread.run(Thread.java:1623)
Exception in thread "Thread-7774" java.lang.UnsupportedOperationException: Unimplemented method 'lock'
	at kas.concurrente.MCSLock.lock(MCSLock.java:8)
	at kas.concurrente.Counter.getAndIncrement(LockTest.java:106)
	at kas.concurrente.LockTest.incrementaContador(LockTest.java:22)
	at kas.concurrente.LockTest.lambda$0(LockTest.java:38)
	at java.base/java.lang.Thread.run(Thread.java:1623)
Exception in thread "Thread-7775" java.lang.UnsupportedOperationException: Unimplemented method 'lock'
	at kas.concurrente.MCSLock.lock(MCSLock.java:8)
	at kas.concurrente.Counter.getAndIncrement(LockTest.java:106)
	at kas.concurrente.LockTest.incrementaContador(LockTest.java:22)
	at kas.concurrente.LockTest.lambda$0(LockTest.java:38)
	at java.base/java.lang.Thread.run(Thread.java:1623)
Exception in thread "Thread-7776" java.lang.UnsupportedOperationException: Unimplemented method 'lock'
	at kas.concurrente.MCSLock.lock(MCSLock.java:8)
	at kas.concurrente.Counter.getAndIncrement(LockTest.java:106)
	at kas.concurrente.LockTest.incrementaContador(LockTest.java:22)
	at kas.concurrente.LockTest.lambda$0(LockTest.java:38)
	at java.base/java.lang.Thread.run(Thread.java:1623)
Exception in thread "Thread-7777" java.lang.UnsupportedOperationException: Unimplemented method 'lock'
	at kas.concurrente.MCSLock.lock(MCSLock.java:8)
	at kas.concurrente.Counter.getAndIncrement(LockTest.java:106)
	at kas.concurrente.LockTest.incrementaContador(LockTest.java:22)
	at kas.concurrente.LockTest.lambda$0(LockTest.java:38)
	at java.base/java.lang.Thread.run(Thread.java:1623)
Exception in thread "Thread-7778" java.lang.UnsupportedOperationException: Unimplemented method 'lock'
	at kas.concurrente.MCSLock.lock(MCSLock.java:8)
	at kas.concurrente.Counter.getAndIncrement(LockTest.java:106)
	at kas.concurrente.LockTest.incrementaContador(LockTest.java:22)
	at kas.concurrente.LockTest.lambda$0(LockTest.java:38)
	at java.base/java.lang.Thread.run(Thread.java:1623)
Exception in thread "Thread-7779" java.lang.UnsupportedOperationException: Unimplemented method 'lock'
	at kas.concurrente.MCSLock.lock(MCSLock.java:8)
	at kas.concurrente.Counter.getAndIncrement(LockTest.java:106)
	at kas.concurrente.LockTest.incrementaContador(LockTest.java:22)
	at kas.concurrente.LockTest.lambda$0(LockTest.java:38)
	at java.base/java.lang.Thread.run(Thread.java:1623)
Exception in thread "Thread-7780" java.lang.UnsupportedOperationException: Unimplemented method 'lock'
	at kas.concurrente.MCSLock.lock(MCSLock.java:8)
	at kas.concurrente.Counter.getAndIncrement(LockTest.java:106)
	at kas.concurrente.LockTest.incrementaContador(LockTest.java:22)
	at kas.concurrente.LockTest.lambda$0(LockTest.java:38)
	at java.base/java.lang.Thread.run(Thread.java:1623)
Exception in thread "Thread-7781" java.lang.UnsupportedOperationException: Unimplemented method 'lock'
	at kas.concurrente.MCSLock.lock(MCSLock.java:8)
	at kas.concurrente.Counter.getAndIncrement(LockTest.java:106)
	at kas.concurrente.LockTest.incrementaContador(LockTest.java:22)
	at kas.concurrente.LockTest.lambda$0(LockTest.java:38)
	at java.base/java.lang.Thread.run(Thread.java:1623)
Exception in thread "Thread-7782" java.lang.UnsupportedOperationException: Unimplemented method 'lock'
	at kas.concurrente.MCSLock.lock(MCSLock.java:8)
	at kas.concurrente.Counter.getAndIncrement(LockTest.java:106)
	at kas.concurrente.LockTest.incrementaContador(LockTest.java:22)
	at kas.concurrente.LockTest.lambda$0(LockTest.java:38)
	at java.base/java.lang.Thread.run(Thread.java:1623)
Exception in thread "Thread-7783" java.lang.UnsupportedOperationException: Unimplemented method 'lock'
	at kas.concurrente.MCSLock.lock(MCSLock.java:8)
	at kas.concurrente.Counter.getAndIncrement(LockTest.java:106)
	at kas.concurrente.LockTest.incrementaContador(LockTest.java:22)
	at kas.concurrente.LockTest.lambda$0(LockTest.java:38)
	at java.base/java.lang.Thread.run(Thread.java:1623)
Exception in thread "Thread-7784" java.lang.UnsupportedOperationException: Unimplemented method 'lock'
	at kas.concurrente.MCSLock.lock(MCSLock.java:8)
	at kas.concurrente.Counter.getAndIncrement(LockTest.java:106)
	at kas.concurrente.LockTest.incrementaContador(LockTest.java:22)
	at kas.concurrente.LockTest.lambda$0(LockTest.java:38)
	at java.base/java.lang.Thread.run(Thread.java:1623)
Exception in thread "Thread-7785" java.lang.UnsupportedOperationException: Unimplemented method 'lock'
	at kas.concurrente.MCSLock.lock(MCSLock.java:8)
	at kas.concurrente.Counter.getAndIncrement(LockTest.java:106)
	at kas.concurrente.LockTest.incrementaContador(LockTest.java:22)
	at kas.concurrente.LockTest.lambda$0(LockTest.java:38)
	at java.base/java.lang.Thread.run(Thread.java:1623)
Exception in thread "Thread-7786" java.lang.UnsupportedOperationException: Unimplemented method 'lock'
	at kas.concurrente.MCSLock.lock(MCSLock.java:8)
	at kas.concurrente.Counter.getAndIncrement(LockTest.java:106)
	at kas.concurrente.LockTest.incrementaContador(LockTest.java:22)
	at kas.concurrente.LockTest.lambda$0(LockTest.java:38)
	at java.base/java.lang.Thread.run(Thread.java:1623)
Exception in thread "Thread-7787" java.lang.UnsupportedOperationException: Unimplemented method 'lock'
	at kas.concurrente.MCSLock.lock(MCSLock.java:8)
	at kas.concurrente.Counter.getAndIncrement(LockTest.java:106)
	at kas.concurrente.LockTest.incrementaContador(LockTest.java:22)
	at kas.concurrente.LockTest.lambda$0(LockTest.java:38)
	at java.base/java.lang.Thread.run(Thread.java:1623)
Exception in thread "Thread-7788" java.lang.UnsupportedOperationException: Unimplemented method 'lock'
	at kas.concurrente.MCSLock.lock(MCSLock.java:8)
	at kas.concurrente.Counter.getAndIncrement(LockTest.java:106)
	at kas.concurrente.LockTest.incrementaContador(LockTest.java:22)
	at kas.concurrente.LockTest.lambda$0(LockTest.java:38)
	at java.base/java.lang.Thread.run(Thread.java:1623)
Exception in thread "Thread-7789" java.lang.UnsupportedOperationException: Unimplemented method 'lock'
	at kas.concurrente.MCSLock.lock(MCSLock.java:8)
	at kas.concurrente.Counter.getAndIncrement(LockTest.java:106)
	at kas.concurrente.LockTest.incrementaContador(LockTest.java:22)
	at kas.concurrente.LockTest.lambda$0(LockTest.java:38)
	at java.base/java.lang.Thread.run(Thread.java:1623)
Exception in thread "Thread-7790" java.lang.UnsupportedOperationException: Unimplemented method 'lock'
	at kas.concurrente.MCSLock.lock(MCSLock.java:8)
	at kas.concurrente.Counter.getAndIncrement(LockTest.java:106)
	at kas.concurrente.LockTest.incrementaContador(LockTest.java:22)
	at kas.concurrente.LockTest.lambda$0(LockTest.java:38)
	at java.base/java.lang.Thread.run(Thread.java:1623)
Exception in thread "Thread-7791" java.lang.UnsupportedOperationException: Unimplemented method 'lock'
	at kas.concurrente.MCSLock.lock(MCSLock.java:8)
	at kas.concurrente.Counter.getAndIncrement(LockTest.java:106)
	at kas.concurrente.LockTest.incrementaContador(LockTest.java:22)
	at kas.concurrente.LockTest.lambda$0(LockTest.java:38)
	at java.base/java.lang.Thread.run(Thread.java:1623)
Exception in thread "Thread-7792" java.lang.UnsupportedOperationException: Unimplemented method 'lock'
	at kas.concurrente.MCSLock.lock(MCSLock.java:8)
	at kas.concurrente.Counter.getAndIncrement(LockTest.java:106)
	at kas.concurrente.LockTest.incrementaContador(LockTest.java:22)
	at kas.concurrente.LockTest.lambda$0(LockTest.java:38)
	at java.base/java.lang.Thread.run(Thread.java:1623)
Exception in thread "Thread-7794" java.lang.UnsupportedOperationException: Unimplemented method 'lock'
	at kas.concurrente.MCSLock.lock(MCSLock.java:8)
	at kas.concurrente.Counter.getAndIncrement(LockTest.java:106)
	at kas.concurrente.LockTest.incrementaContador(LockTest.java:22)
	at kas.concurrente.LockTest.lambda$0(LockTest.java:38)
	at java.base/java.lang.Thread.run(Thread.java:1623)
Exception in thread "Thread-7793" java.lang.UnsupportedOperationException: Unimplemented method 'lock'
	at kas.concurrente.MCSLock.lock(MCSLock.java:8)
	at kas.concurrente.Counter.getAndIncrement(LockTest.java:106)
	at kas.concurrente.LockTest.incrementaContador(LockTest.java:22)
	at kas.concurrente.LockTest.lambda$0(LockTest.java:38)
	at java.base/java.lang.Thread.run(Thread.java:1623)
Exception in thread "Thread-7795" java.lang.UnsupportedOperationException: Unimplemented method 'lock'
	at kas.concurrente.MCSLock.lock(MCSLock.java:8)
	at kas.concurrente.Counter.getAndIncrement(LockTest.java:106)
	at kas.concurrente.LockTest.incrementaContador(LockTest.java:22)
	at kas.concurrente.LockTest.lambda$0(LockTest.java:38)
	at java.base/java.lang.Thread.run(Thread.java:1623)
Exception in thread "Thread-7796" java.lang.UnsupportedOperationException: Unimplemented method 'lock'
	at kas.concurrente.MCSLock.lock(MCSLock.java:8)
	at kas.concurrente.Counter.getAndIncrement(LockTest.java:106)
	at kas.concurrente.LockTest.incrementaContador(LockTest.java:22)
	at kas.concurrente.LockTest.lambda$0(LockTest.java:38)
	at java.base/java.lang.Thread.run(Thread.java:1623)
Exception in thread "Thread-7797" java.lang.UnsupportedOperationException: Unimplemented method 'lock'
	at kas.concurrente.MCSLock.lock(MCSLock.java:8)
	at kas.concurrente.Counter.getAndIncrement(LockTest.java:106)
	at kas.concurrente.LockTest.incrementaContador(LockTest.java:22)
	at kas.concurrente.LockTest.lambda$0(LockTest.java:38)
	at java.base/java.lang.Thread.run(Thread.java:1623)
Exception in thread "Thread-7799" java.lang.UnsupportedOperationException: Unimplemented method 'lock'
	at kas.concurrente.MCSLock.lock(MCSLock.java:8)
	at kas.concurrente.Counter.getAndIncrement(LockTest.java:106)
	at kas.concurrente.LockTest.incrementaContador(LockTest.java:22)
	at kas.concurrente.LockTest.lambda$0(LockTest.java:38)
	at java.base/java.lang.Thread.run(Thread.java:1623)
Exception in thread "Thread-7800" java.lang.UnsupportedOperationException: Unimplemented method 'lock'
	at kas.concurrente.MCSLock.lock(MCSLock.java:8)
	at kas.concurrente.Counter.getAndIncrement(LockTest.java:106)
	at kas.concurrente.LockTest.incrementaContador(LockTest.java:22)
	at kas.concurrente.LockTest.lambda$0(LockTest.java:38)
	at java.base/java.lang.Thread.run(Thread.java:1623)
Exception in thread "Thread-7798" java.lang.UnsupportedOperationException: Unimplemented method 'lock'
	at kas.concurrente.MCSLock.lock(MCSLock.java:8)
	at kas.concurrente.Counter.getAndIncrement(LockTest.java:106)
	at kas.concurrente.LockTest.incrementaContador(LockTest.java:22)
	at kas.concurrente.LockTest.lambda$0(LockTest.java:38)
	at java.base/java.lang.Thread.run(Thread.java:1623)
Exception in thread "Thread-7801" java.lang.UnsupportedOperationException: Unimplemented method 'lock'
	at kas.concurrente.MCSLock.lock(MCSLock.java:8)
	at kas.concurrente.Counter.getAndIncrement(LockTest.java:106)
	at kas.concurrente.LockTest.incrementaContador(LockTest.java:22)
	at kas.concurrente.LockTest.lambda$0(LockTest.java:38)
	at java.base/java.lang.Thread.run(Thread.java:1623)
Exception in thread "Thread-7802" java.lang.UnsupportedOperationException: Unimplemented method 'lock'
	at kas.concurrente.MCSLock.lock(MCSLock.java:8)
	at kas.concurrente.Counter.getAndIncrement(LockTest.java:106)
	at kas.concurrente.LockTest.incrementaContador(LockTest.java:22)
	at kas.concurrente.LockTest.lambda$0(LockTest.java:38)
	at java.base/java.lang.Thread.run(Thread.java:1623)
]]></system-err>
  </testcase>
</testsuite>