<?xml version="1.0" encoding="UTF-8"?>
<testsuite xmlns:xsi="http://www.w3.org/2001/XMLSchema-instance" xsi:noNamespaceSchemaLocation="https://maven.apache.org/surefire/maven-surefire-plugin/xsd/surefire-test-report.xsd" name="kas.concurrente.LockTest" time="0.05" tests="6" errors="0" skipped="0" failures="6">
  <properties>
    <property name="java.specification.version" value="20"/>
    <property name="sun.jnu.encoding" value="UTF-8"/>
    <property name="java.class.path" value="/Users/arielmerino/Documents/concurrente/taller_computo_concurrente/practica3/target/test-classes:/Users/arielmerino/Documents/concurrente/taller_computo_concurrente/practica3/target/classes:/Users/arielmerino/.m2/repository/org/junit/jupiter/junit-jupiter/5.5.1/junit-jupiter-5.5.1.jar:/Users/arielmerino/.m2/repository/org/junit/jupiter/junit-jupiter-api/5.5.1/junit-jupiter-api-5.5.1.jar:/Users/arielmerino/.m2/repository/org/apiguardian/apiguardian-api/1.1.0/apiguardian-api-1.1.0.jar:/Users/arielmerino/.m2/repository/org/opentest4j/opentest4j/1.2.0/opentest4j-1.2.0.jar:/Users/arielmerino/.m2/repository/org/junit/platform/junit-platform-commons/1.5.1/junit-platform-commons-1.5.1.jar:/Users/arielmerino/.m2/repository/org/junit/jupiter/junit-jupiter-params/5.5.1/junit-jupiter-params-5.5.1.jar:/Users/arielmerino/.m2/repository/org/junit/jupiter/junit-jupiter-engine/5.5.1/junit-jupiter-engine-5.5.1.jar:/Users/arielmerino/.m2/repository/org/junit/platform/junit-platform-engine/1.5.1/junit-platform-engine-1.5.1.jar:"/>
    <property name="java.vm.vendor" value="Homebrew"/>
    <property name="sun.arch.data.model" value="64"/>
    <property name="java.vendor.url" value="https://github.com/Homebrew/homebrew-core/issues"/>
    <property name="os.name" value="Mac OS X"/>
    <property name="java.vm.specification.version" value="20"/>
    <property name="sun.java.launcher" value="SUN_STANDARD"/>
    <property name="user.country" value="MX"/>
    <property name="sun.boot.library.path" value="/opt/homebrew/Cellar/openjdk/20.0.2/libexec/openjdk.jdk/Contents/Home/lib"/>
    <property name="sun.java.command" value="/Users/arielmerino/Documents/concurrente/taller_computo_concurrente/practica3/target/surefire/surefirebooter9557370546777788810.jar /Users/arielmerino/Documents/concurrente/taller_computo_concurrente/practica3/target/surefire 2023-10-04T17-33-19_900-jvmRun1 surefire3563390378320851745tmp surefire_04469896285678566228tmp"/>
    <property name="http.nonProxyHosts" value="local|*.local|169.254/16|*.169.254/16"/>
    <property name="jdk.debug" value="release"/>
    <property name="surefire.test.class.path" value="/Users/arielmerino/Documents/concurrente/taller_computo_concurrente/practica3/target/test-classes:/Users/arielmerino/Documents/concurrente/taller_computo_concurrente/practica3/target/classes:/Users/arielmerino/.m2/repository/org/junit/jupiter/junit-jupiter/5.5.1/junit-jupiter-5.5.1.jar:/Users/arielmerino/.m2/repository/org/junit/jupiter/junit-jupiter-api/5.5.1/junit-jupiter-api-5.5.1.jar:/Users/arielmerino/.m2/repository/org/apiguardian/apiguardian-api/1.1.0/apiguardian-api-1.1.0.jar:/Users/arielmerino/.m2/repository/org/opentest4j/opentest4j/1.2.0/opentest4j-1.2.0.jar:/Users/arielmerino/.m2/repository/org/junit/platform/junit-platform-commons/1.5.1/junit-platform-commons-1.5.1.jar:/Users/arielmerino/.m2/repository/org/junit/jupiter/junit-jupiter-params/5.5.1/junit-jupiter-params-5.5.1.jar:/Users/arielmerino/.m2/repository/org/junit/jupiter/junit-jupiter-engine/5.5.1/junit-jupiter-engine-5.5.1.jar:/Users/arielmerino/.m2/repository/org/junit/platform/junit-platform-engine/1.5.1/junit-platform-engine-1.5.1.jar:"/>
    <property name="sun.cpu.endian" value="little"/>
    <property name="user.home" value="/Users/arielmerino"/>
    <property name="user.language" value="en"/>
    <property name="java.specification.vendor" value="Oracle Corporation"/>
    <property name="java.version.date" value="2023-07-18"/>
    <property name="java.home" value="/opt/homebrew/Cellar/openjdk/20.0.2/libexec/openjdk.jdk/Contents/Home"/>
    <property name="file.separator" value="/"/>
    <property name="basedir" value="/Users/arielmerino/Documents/concurrente/taller_computo_concurrente/practica3"/>
    <property name="java.vm.compressedOopsMode" value="Zero based"/>
    <property name="line.separator" value="&#10;"/>
    <property name="java.vm.specification.vendor" value="Oracle Corporation"/>
    <property name="java.specification.name" value="Java Platform API Specification"/>
    <property name="apple.awt.application.name" value="ForkedBooter"/>
    <property name="surefire.real.class.path" value="/Users/arielmerino/Documents/concurrente/taller_computo_concurrente/practica3/target/surefire/surefirebooter9557370546777788810.jar"/>
    <property name="sun.management.compiler" value="HotSpot 64-Bit Tiered Compilers"/>
    <property name="ftp.nonProxyHosts" value="local|*.local|169.254/16|*.169.254/16"/>
    <property name="java.runtime.version" value="20.0.2"/>
    <property name="user.name" value="arielmerino"/>
    <property name="stdout.encoding" value="UTF-8"/>
    <property name="path.separator" value=":"/>
    <property name="os.version" value="14.1"/>
    <property name="java.runtime.name" value="OpenJDK Runtime Environment"/>
    <property name="file.encoding" value="UTF-8"/>
    <property name="java.vm.name" value="OpenJDK 64-Bit Server VM"/>
    <property name="java.vendor.version" value="Homebrew"/>
    <property name="localRepository" value="/Users/arielmerino/.m2/repository"/>
    <property name="java.vendor.url.bug" value="https://github.com/Homebrew/homebrew-core/issues"/>
    <property name="java.io.tmpdir" value="/var/folders/8l/_6zvs4ns7tn5688jct_738900000gn/T/"/>
    <property name="java.version" value="20.0.2"/>
    <property name="user.dir" value="/Users/arielmerino/Documents/concurrente/taller_computo_concurrente/practica3"/>
    <property name="os.arch" value="aarch64"/>
    <property name="java.vm.specification.name" value="Java Virtual Machine Specification"/>
    <property name="native.encoding" value="UTF-8"/>
    <property name="java.library.path" value="/Users/arielmerino/Library/Java/Extensions:/Library/Java/Extensions:/Network/Library/Java/Extensions:/System/Library/Java/Extensions:/usr/lib/java:."/>
    <property name="java.vm.info" value="mixed mode, sharing"/>
    <property name="stderr.encoding" value="UTF-8"/>
    <property name="java.vendor" value="Homebrew"/>
    <property name="java.vm.version" value="20.0.2"/>
    <property name="sun.io.unicode.encoding" value="UnicodeBig"/>
    <property name="socksNonProxyHosts" value="local|*.local|169.254/16|*.169.254/16"/>
    <property name="java.class.version" value="64.0"/>
  </properties>
  <testcase name="tasLock" classname="kas.concurrente.LockTest" time="0.022">
    <failure message="expected: &lt;1000000&gt; but was: &lt;0&gt;" type="org.opentest4j.AssertionFailedError"><![CDATA[org.opentest4j.AssertionFailedError: expected: <1000000> but was: <0>
	at kas.concurrente.LockTest.ejecutaPrueba(LockTest.java:49)
	at kas.concurrente.LockTest.tasLock(LockTest.java:56)
]]></failure>
    <system-out><![CDATA[HILOS 51
]]></system-out>
    <system-err><![CDATA[Exception in thread "Thread-0" Exception in thread "Thread-4" Exception in thread "Thread-3" java.lang.UnsupportedOperationException: Unimplemented method 'lock'
	at kas.concurrente.TASLock.lock(TASLock.java:8)
	at kas.concurrente.Counter.getAndIncrement(LockTest.java:106)
	at kas.concurrente.LockTest.incrementaContador(LockTest.java:22)
	at kas.concurrente.LockTest.lambda$ejecutaPrueba$0(LockTest.java:38)
	at java.base/java.lang.Thread.run(Thread.java:1623)
Exception in thread "Thread-2" java.lang.UnsupportedOperationException: Unimplemented method 'lock'
	at kas.concurrente.TASLock.lock(TASLock.java:8)
	at kas.concurrente.Counter.getAndIncrement(LockTest.java:106)
	at kas.concurrente.LockTest.incrementaContador(LockTest.java:22)
	at kas.concurrente.LockTest.lambda$ejecutaPrueba$0(LockTest.java:38)
	at java.base/java.lang.Thread.run(Thread.java:1623)
Exception in thread "Thread-1" Exception in thread "Thread-18" java.lang.UnsupportedOperationException: Unimplemented method 'lock'
	at kas.concurrente.TASLock.lock(TASLock.java:8)
	at kas.concurrente.Counter.getAndIncrement(LockTest.java:106)
	at kas.concurrente.LockTest.incrementaContador(LockTest.java:22)
	at kas.concurrente.LockTest.lambda$ejecutaPrueba$0(LockTest.java:38)
	at java.base/java.lang.Thread.run(Thread.java:1623)
java.lang.UnsupportedOperationException: Unimplemented method 'lock'
	at kas.concurrente.TASLock.lock(TASLock.java:8)
	at kas.concurrente.Counter.getAndIncrement(LockTest.java:106)
	at kas.concurrente.LockTest.incrementaContador(LockTest.java:22)
	at kas.concurrente.LockTest.lambda$ejecutaPrueba$0(LockTest.java:38)
	at java.base/java.lang.Thread.run(Thread.java:1623)
Exception in thread "Thread-17" java.lang.UnsupportedOperationException: Unimplemented method 'lock'
	at kas.concurrente.TASLock.lock(TASLock.java:8)
	at kas.concurrente.Counter.getAndIncrement(LockTest.java:106)
	at kas.concurrente.LockTest.incrementaContador(LockTest.java:22)
	at kas.concurrente.LockTest.lambda$ejecutaPrueba$0(LockTest.java:38)
	at java.base/java.lang.Thread.run(Thread.java:1623)
Exception in thread "Thread-16" java.lang.UnsupportedOperationException: Unimplemented method 'lock'
	at kas.concurrente.TASLock.lock(TASLock.java:8)
	at kas.concurrente.Counter.getAndIncrement(LockTest.java:106)
	at kas.concurrente.LockTest.incrementaContador(LockTest.java:22)
	at kas.concurrente.LockTest.lambda$ejecutaPrueba$0(LockTest.java:38)
	at java.base/java.lang.Thread.run(Thread.java:1623)
Exception in thread "Thread-30" java.lang.UnsupportedOperationException: Unimplemented method 'lock'
	at kas.concurrente.TASLock.lock(TASLock.java:8)
	at kas.concurrente.Counter.getAndIncrement(LockTest.java:106)
	at kas.concurrente.LockTest.incrementaContador(LockTest.java:22)
	at kas.concurrente.LockTest.lambda$ejecutaPrueba$0(LockTest.java:38)
	at java.base/java.lang.Thread.run(Thread.java:1623)
Exception in thread "Thread-15" java.lang.UnsupportedOperationException: Unimplemented method 'lock'
	at kas.concurrente.TASLock.lock(TASLock.java:8)
	at kas.concurrente.Counter.getAndIncrement(LockTest.java:106)
	at kas.concurrente.LockTest.incrementaContador(LockTest.java:22)
	at kas.concurrente.LockTest.lambda$ejecutaPrueba$0(LockTest.java:38)
	at java.base/java.lang.Thread.run(Thread.java:1623)
Exception in thread "Thread-14" java.lang.UnsupportedOperationException: Unimplemented method 'lock'
	at kas.concurrente.TASLock.lock(TASLock.java:8)
	at kas.concurrente.Counter.getAndIncrement(LockTest.java:106)
	at kas.concurrente.LockTest.incrementaContador(LockTest.java:22)
	at kas.concurrente.LockTest.lambda$ejecutaPrueba$0(LockTest.java:38)
	at java.base/java.lang.Thread.run(Thread.java:1623)
Exception in thread "Thread-37" java.lang.UnsupportedOperationException: Unimplemented method 'lock'
	at kas.concurrente.TASLock.lock(TASLock.java:8)
	at kas.concurrente.Counter.getAndIncrement(LockTest.java:106)
	at kas.concurrente.LockTest.incrementaContador(LockTest.java:22)
	at kas.concurrente.LockTest.lambda$ejecutaPrueba$0(LockTest.java:38)
	at java.base/java.lang.Thread.run(Thread.java:1623)
Exception in thread "Thread-13" java.lang.UnsupportedOperationException: Unimplemented method 'lock'
	at kas.concurrente.TASLock.lock(TASLock.java:8)
	at kas.concurrente.Counter.getAndIncrement(LockTest.java:106)
	at kas.concurrente.LockTest.incrementaContador(LockTest.java:22)
	at kas.concurrente.LockTest.lambda$ejecutaPrueba$0(LockTest.java:38)
	at java.base/java.lang.Thread.run(Thread.java:1623)
Exception in thread "Thread-40" java.lang.UnsupportedOperationException: Unimplemented method 'lock'
	at kas.concurrente.TASLock.lock(TASLock.java:8)
	at kas.concurrente.Counter.getAndIncrement(LockTest.java:106)
	at kas.concurrente.LockTest.incrementaContador(LockTest.java:22)
	at kas.concurrente.LockTest.lambda$ejecutaPrueba$0(LockTest.java:38)
	at java.base/java.lang.Thread.run(Thread.java:1623)
Exception in thread "Thread-12" java.lang.UnsupportedOperationException: Unimplemented method 'lock'
	at kas.concurrente.TASLock.lock(TASLock.java:8)
	at kas.concurrente.Counter.getAndIncrement(LockTest.java:106)
	at kas.concurrente.LockTest.incrementaContador(LockTest.java:22)
	at kas.concurrente.LockTest.lambda$ejecutaPrueba$0(LockTest.java:38)
	at java.base/java.lang.Thread.run(Thread.java:1623)
Exception in thread "Thread-47" Exception in thread "Thread-11" java.lang.UnsupportedOperationException: Unimplemented method 'lock'
	at kas.concurrente.TASLock.lock(TASLock.java:8)
	at kas.concurrente.Counter.getAndIncrement(LockTest.java:106)
	at kas.concurrente.LockTest.incrementaContador(LockTest.java:22)
	at kas.concurrente.LockTest.lambda$ejecutaPrueba$0(LockTest.java:38)
	at java.base/java.lang.Thread.run(Thread.java:1623)
Exception in thread "Thread-49" java.lang.UnsupportedOperationException: Unimplemented method 'lock'
	at kas.concurrente.TASLock.lock(TASLock.java:8)
	at kas.concurrente.Counter.getAndIncrement(LockTest.java:106)
	at kas.concurrente.LockTest.incrementaContador(LockTest.java:22)
	at kas.concurrente.LockTest.lambda$ejecutaPrueba$0(LockTest.java:38)
	at java.base/java.lang.Thread.run(Thread.java:1623)
Exception in thread "Thread-10" java.lang.UnsupportedOperationException: Unimplemented method 'lock'
	at kas.concurrente.TASLock.lock(TASLock.java:8)
	at kas.concurrente.Counter.getAndIncrement(LockTest.java:106)
	at kas.concurrente.LockTest.incrementaContador(LockTest.java:22)
	at kas.concurrente.LockTest.lambda$ejecutaPrueba$0(LockTest.java:38)
	at java.base/java.lang.Thread.run(Thread.java:1623)
Exception in thread "Thread-9" java.lang.UnsupportedOperationException: Unimplemented method 'lock'
	at kas.concurrente.TASLock.lock(TASLock.java:8)
	at kas.concurrente.Counter.getAndIncrement(LockTest.java:106)
	at kas.concurrente.LockTest.incrementaContador(LockTest.java:22)
	at kas.concurrente.LockTest.lambda$ejecutaPrueba$0(LockTest.java:38)
	at java.base/java.lang.Thread.run(Thread.java:1623)
Exception in thread "Thread-8" java.lang.UnsupportedOperationException: Unimplemented method 'lock'
	at kas.concurrente.TASLock.lock(TASLock.java:8)
	at kas.concurrente.Counter.getAndIncrement(LockTest.java:106)
	at kas.concurrente.LockTest.incrementaContador(LockTest.java:22)
	at kas.concurrente.LockTest.lambda$ejecutaPrueba$0(LockTest.java:38)
	at java.base/java.lang.Thread.run(Thread.java:1623)
Exception in thread "Thread-7" java.lang.UnsupportedOperationException: Unimplemented method 'lock'
	at kas.concurrente.TASLock.lock(TASLock.java:8)
	at kas.concurrente.Counter.getAndIncrement(LockTest.java:106)
	at kas.concurrente.LockTest.incrementaContador(LockTest.java:22)
	at kas.concurrente.LockTest.lambda$ejecutaPrueba$0(LockTest.java:38)
	at java.base/java.lang.Thread.run(Thread.java:1623)
Exception in thread "Thread-6" java.lang.UnsupportedOperationException: Unimplemented method 'lock'
	at kas.concurrente.TASLock.lock(TASLock.java:8)
	at kas.concurrente.Counter.getAndIncrement(LockTest.java:106)
	at kas.concurrente.LockTest.incrementaContador(LockTest.java:22)
	at kas.concurrente.LockTest.lambda$ejecutaPrueba$0(LockTest.java:38)
	at java.base/java.lang.Thread.run(Thread.java:1623)
java.lang.UnsupportedOperationException: Unimplemented method 'lock'
	at kas.concurrente.TASLock.lock(TASLock.java:8)
	at kas.concurrente.Counter.getAndIncrement(LockTest.java:106)
	at kas.concurrente.LockTest.incrementaContador(LockTest.java:22)
	at kas.concurrente.LockTest.lambda$ejecutaPrueba$0(LockTest.java:38)
	at java.base/java.lang.Thread.run(Thread.java:1623)
Exception in thread "Thread-5" java.lang.UnsupportedOperationException: Unimplemented method 'lock'
	at kas.concurrente.TASLock.lock(TASLock.java:8)
	at kas.concurrente.Counter.getAndIncrement(LockTest.java:106)
	at kas.concurrente.LockTest.incrementaContador(LockTest.java:22)
	at kas.concurrente.LockTest.lambda$ejecutaPrueba$0(LockTest.java:38)
	at java.base/java.lang.Thread.run(Thread.java:1623)
java.lang.UnsupportedOperationException: Unimplemented method 'lock'
	at kas.concurrente.TASLock.lock(TASLock.java:8)
	at kas.concurrente.Counter.getAndIncrement(LockTest.java:106)
	at kas.concurrente.LockTest.incrementaContador(LockTest.java:22)
	at kas.concurrente.LockTest.lambda$ejecutaPrueba$0(LockTest.java:38)
	at java.base/java.lang.Thread.run(Thread.java:1623)
Exception in thread "Thread-50" java.lang.UnsupportedOperationException: Unimplemented method 'lock'
	at kas.concurrente.TASLock.lock(TASLock.java:8)
	at kas.concurrente.Counter.getAndIncrement(LockTest.java:106)
	at kas.concurrente.LockTest.incrementaContador(LockTest.java:22)
	at kas.concurrente.LockTest.lambda$ejecutaPrueba$0(LockTest.java:38)
	at java.base/java.lang.Thread.run(Thread.java:1623)
Exception in thread "Thread-48" java.lang.UnsupportedOperationException: Unimplemented method 'lock'
	at kas.concurrente.TASLock.lock(TASLock.java:8)
	at kas.concurrente.Counter.getAndIncrement(LockTest.java:106)
	at kas.concurrente.LockTest.incrementaContador(LockTest.java:22)
	at kas.concurrente.LockTest.lambda$ejecutaPrueba$0(LockTest.java:38)
	at java.base/java.lang.Thread.run(Thread.java:1623)
java.lang.UnsupportedOperationException: Unimplemented method 'lock'
	at kas.concurrente.TASLock.lock(TASLock.java:8)
	at kas.concurrente.Counter.getAndIncrement(LockTest.java:106)
	at kas.concurrente.LockTest.incrementaContador(LockTest.java:22)
	at kas.concurrente.LockTest.lambda$ejecutaPrueba$0(LockTest.java:38)
	at java.base/java.lang.Thread.run(Thread.java:1623)
Exception in thread "Thread-46" java.lang.UnsupportedOperationException: Unimplemented method 'lock'
	at kas.concurrente.TASLock.lock(TASLock.java:8)
	at kas.concurrente.Counter.getAndIncrement(LockTest.java:106)
	at kas.concurrente.LockTest.incrementaContador(LockTest.java:22)
	at kas.concurrente.LockTest.lambda$ejecutaPrueba$0(LockTest.java:38)
	at java.base/java.lang.Thread.run(Thread.java:1623)
Exception in thread "Thread-45" java.lang.UnsupportedOperationException: Unimplemented method 'lock'
	at kas.concurrente.TASLock.lock(TASLock.java:8)
	at kas.concurrente.Counter.getAndIncrement(LockTest.java:106)
	at kas.concurrente.LockTest.incrementaContador(LockTest.java:22)
	at kas.concurrente.LockTest.lambda$ejecutaPrueba$0(LockTest.java:38)
	at java.base/java.lang.Thread.run(Thread.java:1623)
Exception in thread "Thread-44" java.lang.UnsupportedOperationException: Unimplemented method 'lock'
	at kas.concurrente.TASLock.lock(TASLock.java:8)
	at kas.concurrente.Counter.getAndIncrement(LockTest.java:106)
	at kas.concurrente.LockTest.incrementaContador(LockTest.java:22)
	at kas.concurrente.LockTest.lambda$ejecutaPrueba$0(LockTest.java:38)
	at java.base/java.lang.Thread.run(Thread.java:1623)
Exception in thread "Thread-43" java.lang.UnsupportedOperationException: Unimplemented method 'lock'
	at kas.concurrente.TASLock.lock(TASLock.java:8)
	at kas.concurrente.Counter.getAndIncrement(LockTest.java:106)
	at kas.concurrente.LockTest.incrementaContador(LockTest.java:22)
	at kas.concurrente.LockTest.lambda$ejecutaPrueba$0(LockTest.java:38)
	at java.base/java.lang.Thread.run(Thread.java:1623)
Exception in thread "Thread-42" java.lang.UnsupportedOperationException: Unimplemented method 'lock'
	at kas.concurrente.TASLock.lock(TASLock.java:8)
	at kas.concurrente.Counter.getAndIncrement(LockTest.java:106)
	at kas.concurrente.LockTest.incrementaContador(LockTest.java:22)
	at kas.concurrente.LockTest.lambda$ejecutaPrueba$0(LockTest.java:38)
	at java.base/java.lang.Thread.run(Thread.java:1623)
Exception in thread "Thread-41" java.lang.UnsupportedOperationException: Unimplemented method 'lock'
	at kas.concurrente.TASLock.lock(TASLock.java:8)
	at kas.concurrente.Counter.getAndIncrement(LockTest.java:106)
	at kas.concurrente.LockTest.incrementaContador(LockTest.java:22)
	at kas.concurrente.LockTest.lambda$ejecutaPrueba$0(LockTest.java:38)
	at java.base/java.lang.Thread.run(Thread.java:1623)
Exception in thread "Thread-39" Exception in thread "Thread-38" java.lang.UnsupportedOperationException: Unimplemented method 'lock'
	at kas.concurrente.TASLock.lock(TASLock.java:8)
	at kas.concurrente.Counter.getAndIncrement(LockTest.java:106)
	at kas.concurrente.LockTest.incrementaContador(LockTest.java:22)
	at kas.concurrente.LockTest.lambda$ejecutaPrueba$0(LockTest.java:38)
	at java.base/java.lang.Thread.run(Thread.java:1623)
Exception in thread "Thread-36" java.lang.UnsupportedOperationException: Unimplemented method 'lock'
	at kas.concurrente.TASLock.lock(TASLock.java:8)
	at kas.concurrente.Counter.getAndIncrement(LockTest.java:106)
	at kas.concurrente.LockTest.incrementaContador(LockTest.java:22)
	at kas.concurrente.LockTest.lambda$ejecutaPrueba$0(LockTest.java:38)
	at java.base/java.lang.Thread.run(Thread.java:1623)
Exception in thread "Thread-35" java.lang.UnsupportedOperationException: Unimplemented method 'lock'
	at kas.concurrente.TASLock.lock(TASLock.java:8)
	at kas.concurrente.Counter.getAndIncrement(LockTest.java:106)
	at kas.concurrente.LockTest.incrementaContador(LockTest.java:22)
	at kas.concurrente.LockTest.lambda$ejecutaPrueba$0(LockTest.java:38)
	at java.base/java.lang.Thread.run(Thread.java:1623)
Exception in thread "Thread-34" java.lang.UnsupportedOperationException: Unimplemented method 'lock'
	at kas.concurrente.TASLock.lock(TASLock.java:8)
	at kas.concurrente.Counter.getAndIncrement(LockTest.java:106)
	at kas.concurrente.LockTest.incrementaContador(LockTest.java:22)
	at kas.concurrente.LockTest.lambda$ejecutaPrueba$0(LockTest.java:38)
	at java.base/java.lang.Thread.run(Thread.java:1623)
Exception in thread "Thread-33" java.lang.UnsupportedOperationException: Unimplemented method 'lock'
	at kas.concurrente.TASLock.lock(TASLock.java:8)
	at kas.concurrente.Counter.getAndIncrement(LockTest.java:106)
	at kas.concurrente.LockTest.incrementaContador(LockTest.java:22)
	at kas.concurrente.LockTest.lambda$ejecutaPrueba$0(LockTest.java:38)
	at java.base/java.lang.Thread.run(Thread.java:1623)
Exception in thread "Thread-32" java.lang.UnsupportedOperationException: Unimplemented method 'lock'
	at kas.concurrente.TASLock.lock(TASLock.java:8)
	at kas.concurrente.Counter.getAndIncrement(LockTest.java:106)
	at kas.concurrente.LockTest.incrementaContador(LockTest.java:22)
	at kas.concurrente.LockTest.lambda$ejecutaPrueba$0(LockTest.java:38)
	at java.base/java.lang.Thread.run(Thread.java:1623)
Exception in thread "Thread-31" java.lang.UnsupportedOperationException: Unimplemented method 'lock'
	at kas.concurrente.TASLock.lock(TASLock.java:8)
	at kas.concurrente.Counter.getAndIncrement(LockTest.java:106)
	at kas.concurrente.LockTest.incrementaContador(LockTest.java:22)
	at kas.concurrente.LockTest.lambda$ejecutaPrueba$0(LockTest.java:38)
	at java.base/java.lang.Thread.run(Thread.java:1623)
Exception in thread "Thread-29" java.lang.UnsupportedOperationException: Unimplemented method 'lock'
	at kas.concurrente.TASLock.lock(TASLock.java:8)
	at kas.concurrente.Counter.getAndIncrement(LockTest.java:106)
	at kas.concurrente.LockTest.incrementaContador(LockTest.java:22)
	at kas.concurrente.LockTest.lambda$ejecutaPrueba$0(LockTest.java:38)
	at java.base/java.lang.Thread.run(Thread.java:1623)
Exception in thread "Thread-28" java.lang.UnsupportedOperationException: Unimplemented method 'lock'
	at kas.concurrente.TASLock.lock(TASLock.java:8)
	at kas.concurrente.Counter.getAndIncrement(LockTest.java:106)
	at kas.concurrente.LockTest.incrementaContador(LockTest.java:22)
	at kas.concurrente.LockTest.lambda$ejecutaPrueba$0(LockTest.java:38)
	at java.base/java.lang.Thread.run(Thread.java:1623)
Exception in thread "Thread-23" Exception in thread "Thread-27" java.lang.UnsupportedOperationException: Unimplemented method 'lock'
	at kas.concurrente.TASLock.lock(TASLock.java:8)
	at kas.concurrente.Counter.getAndIncrement(LockTest.java:106)
	at kas.concurrente.LockTest.incrementaContador(LockTest.java:22)
	at kas.concurrente.LockTest.lambda$ejecutaPrueba$0(LockTest.java:38)
	at java.base/java.lang.Thread.run(Thread.java:1623)
Exception in thread "Thread-24" java.lang.UnsupportedOperationException: Unimplemented method 'lock'
	at kas.concurrente.TASLock.lock(TASLock.java:8)
	at kas.concurrente.Counter.getAndIncrement(LockTest.java:106)
	at kas.concurrente.LockTest.incrementaContador(LockTest.java:22)
	at kas.concurrente.LockTest.lambda$ejecutaPrueba$0(LockTest.java:38)
	at java.base/java.lang.Thread.run(Thread.java:1623)
Exception in thread "Thread-26" java.lang.UnsupportedOperationException: Unimplemented method 'lock'
	at kas.concurrente.TASLock.lock(TASLock.java:8)
	at kas.concurrente.Counter.getAndIncrement(LockTest.java:106)
	at kas.concurrente.LockTest.incrementaContador(LockTest.java:22)
	at kas.concurrente.LockTest.lambda$ejecutaPrueba$0(LockTest.java:38)
	at java.base/java.lang.Thread.run(Thread.java:1623)
Exception in thread "Thread-25" java.lang.UnsupportedOperationException: Unimplemented method 'lock'
	at kas.concurrente.TASLock.lock(TASLock.java:8)
	at kas.concurrente.Counter.getAndIncrement(LockTest.java:106)
	at kas.concurrente.LockTest.incrementaContador(LockTest.java:22)
	at kas.concurrente.LockTest.lambda$ejecutaPrueba$0(LockTest.java:38)
	at java.base/java.lang.Thread.run(Thread.java:1623)
Exception in thread "Thread-21" java.lang.UnsupportedOperationException: Unimplemented method 'lock'
	at kas.concurrente.TASLock.lock(TASLock.java:8)
	at kas.concurrente.Counter.getAndIncrement(LockTest.java:106)
	at kas.concurrente.LockTest.incrementaContador(LockTest.java:22)
	at kas.concurrente.LockTest.lambda$ejecutaPrueba$0(LockTest.java:38)
	at java.base/java.lang.Thread.run(Thread.java:1623)
Exception in thread "Thread-22" java.lang.UnsupportedOperationException: Unimplemented method 'lock'
	at kas.concurrente.TASLock.lock(TASLock.java:8)
	at kas.concurrente.Counter.getAndIncrement(LockTest.java:106)
	at kas.concurrente.LockTest.incrementaContador(LockTest.java:22)
	at kas.concurrente.LockTest.lambda$ejecutaPrueba$0(LockTest.java:38)
	at java.base/java.lang.Thread.run(Thread.java:1623)
Exception in thread "Thread-20" java.lang.UnsupportedOperationException: Unimplemented method 'lock'
	at kas.concurrente.TASLock.lock(TASLock.java:8)
	at kas.concurrente.Counter.getAndIncrement(LockTest.java:106)
	at kas.concurrente.LockTest.incrementaContador(LockTest.java:22)
	at kas.concurrente.LockTest.lambda$ejecutaPrueba$0(LockTest.java:38)
	at java.base/java.lang.Thread.run(Thread.java:1623)
Exception in thread "Thread-19" java.lang.UnsupportedOperationException: Unimplemented method 'lock'
	at kas.concurrente.TASLock.lock(TASLock.java:8)
	at kas.concurrente.Counter.getAndIncrement(LockTest.java:106)
	at kas.concurrente.LockTest.incrementaContador(LockTest.java:22)
	at kas.concurrente.LockTest.lambda$ejecutaPrueba$0(LockTest.java:38)
	at java.base/java.lang.Thread.run(Thread.java:1623)
java.lang.UnsupportedOperationException: Unimplemented method 'lock'
	at kas.concurrente.TASLock.lock(TASLock.java:8)
	at kas.concurrente.Counter.getAndIncrement(LockTest.java:106)
	at kas.concurrente.LockTest.incrementaContador(LockTest.java:22)
	at kas.concurrente.LockTest.lambda$ejecutaPrueba$0(LockTest.java:38)
	at java.base/java.lang.Thread.run(Thread.java:1623)
java.lang.UnsupportedOperationException: Unimplemented method 'lock'
	at kas.concurrente.TASLock.lock(TASLock.java:8)
	at kas.concurrente.Counter.getAndIncrement(LockTest.java:106)
	at kas.concurrente.LockTest.incrementaContador(LockTest.java:22)
	at kas.concurrente.LockTest.lambda$ejecutaPrueba$0(LockTest.java:38)
	at java.base/java.lang.Thread.run(Thread.java:1623)
]]></system-err>
  </testcase>
  <testcase name="ttasLock" classname="kas.concurrente.LockTest" time="0.006">
    <failure message="expected: &lt;1000000&gt; but was: &lt;0&gt;" type="org.opentest4j.AssertionFailedError"><![CDATA[org.opentest4j.AssertionFailedError: expected: <1000000> but was: <0>
	at kas.concurrente.LockTest.ejecutaPrueba(LockTest.java:49)
	at kas.concurrente.LockTest.ttasLock(LockTest.java:62)
]]></failure>
    <system-err><![CDATA[Exception in thread "Thread-51" java.lang.UnsupportedOperationException: Unimplemented method 'lock'
	at kas.concurrente.TTASLock.lock(TTASLock.java:8)
	at kas.concurrente.Counter.getAndIncrement(LockTest.java:106)
	at kas.concurrente.LockTest.incrementaContador(LockTest.java:22)
	at kas.concurrente.LockTest.lambda$ejecutaPrueba$0(LockTest.java:38)
	at java.base/java.lang.Thread.run(Thread.java:1623)
Exception in thread "Thread-52" java.lang.UnsupportedOperationException: Unimplemented method 'lock'
	at kas.concurrente.TTASLock.lock(TTASLock.java:8)
	at kas.concurrente.Counter.getAndIncrement(LockTest.java:106)
	at kas.concurrente.LockTest.incrementaContador(LockTest.java:22)
	at kas.concurrente.LockTest.lambda$ejecutaPrueba$0(LockTest.java:38)
	at java.base/java.lang.Thread.run(Thread.java:1623)
Exception in thread "Thread-54" java.lang.UnsupportedOperationException: Unimplemented method 'lock'
	at kas.concurrente.TTASLock.lock(TTASLock.java:8)
	at kas.concurrente.Counter.getAndIncrement(LockTest.java:106)
	at kas.concurrente.LockTest.incrementaContador(LockTest.java:22)
	at kas.concurrente.LockTest.lambda$ejecutaPrueba$0(LockTest.java:38)
	at java.base/java.lang.Thread.run(Thread.java:1623)
Exception in thread "Thread-53" Exception in thread "Thread-56" java.lang.UnsupportedOperationException: Unimplemented method 'lock'
	at kas.concurrente.TTASLock.lock(TTASLock.java:8)
	at kas.concurrente.Counter.getAndIncrement(LockTest.java:106)
	at kas.concurrente.LockTest.incrementaContador(LockTest.java:22)
	at kas.concurrente.LockTest.lambda$ejecutaPrueba$0(LockTest.java:38)
	at java.base/java.lang.Thread.run(Thread.java:1623)
Exception in thread "Thread-58" java.lang.UnsupportedOperationException: Unimplemented method 'lock'
	at kas.concurrente.TTASLock.lock(TTASLock.java:8)
	at kas.concurrente.Counter.getAndIncrement(LockTest.java:106)
	at kas.concurrente.LockTest.incrementaContador(LockTest.java:22)
	at kas.concurrente.LockTest.lambda$ejecutaPrueba$0(LockTest.java:38)
	at java.base/java.lang.Thread.run(Thread.java:1623)
Exception in thread "Thread-55" java.lang.UnsupportedOperationException: Unimplemented method 'lock'
	at kas.concurrente.TTASLock.lock(TTASLock.java:8)
	at kas.concurrente.Counter.getAndIncrement(LockTest.java:106)
	at kas.concurrente.LockTest.incrementaContador(LockTest.java:22)
	at kas.concurrente.LockTest.lambda$ejecutaPrueba$0(LockTest.java:38)
	at java.base/java.lang.Thread.run(Thread.java:1623)
Exception in thread "Thread-62" java.lang.UnsupportedOperationException: Unimplemented method 'lock'
	at kas.concurrente.TTASLock.lock(TTASLock.java:8)
	at kas.concurrente.Counter.getAndIncrement(LockTest.java:106)
	at kas.concurrente.LockTest.incrementaContador(LockTest.java:22)
	at kas.concurrente.LockTest.lambda$ejecutaPrueba$0(LockTest.java:38)
	at java.base/java.lang.Thread.run(Thread.java:1623)
Exception in thread "Thread-60" java.lang.UnsupportedOperationException: Unimplemented method 'lock'
	at kas.concurrente.TTASLock.lock(TTASLock.java:8)
	at kas.concurrente.Counter.getAndIncrement(LockTest.java:106)
	at kas.concurrente.LockTest.incrementaContador(LockTest.java:22)
	at kas.concurrente.LockTest.lambda$ejecutaPrueba$0(LockTest.java:38)
	at java.base/java.lang.Thread.run(Thread.java:1623)
Exception in thread "Thread-59" java.lang.UnsupportedOperationException: Unimplemented method 'lock'
	at kas.concurrente.TTASLock.lock(TTASLock.java:8)
	at kas.concurrente.Counter.getAndIncrement(LockTest.java:106)
	at kas.concurrente.LockTest.incrementaContador(LockTest.java:22)
	at kas.concurrente.LockTest.lambda$ejecutaPrueba$0(LockTest.java:38)
	at java.base/java.lang.Thread.run(Thread.java:1623)
Exception in thread "Thread-57" java.lang.UnsupportedOperationException: Unimplemented method 'lock'
	at kas.concurrente.TTASLock.lock(TTASLock.java:8)
	at kas.concurrente.Counter.getAndIncrement(LockTest.java:106)
	at kas.concurrente.LockTest.incrementaContador(LockTest.java:22)
	at kas.concurrente.LockTest.lambda$ejecutaPrueba$0(LockTest.java:38)
	at java.base/java.lang.Thread.run(Thread.java:1623)
java.lang.UnsupportedOperationException: Unimplemented method 'lock'
	at kas.concurrente.TTASLock.lock(TTASLock.java:8)
	at kas.concurrente.Counter.getAndIncrement(LockTest.java:106)
	at kas.concurrente.LockTest.incrementaContador(LockTest.java:22)
	at kas.concurrente.LockTest.lambda$ejecutaPrueba$0(LockTest.java:38)
	at java.base/java.lang.Thread.run(Thread.java:1623)
Exception in thread "Thread-66" java.lang.UnsupportedOperationException: Unimplemented method 'lock'
	at kas.concurrente.TTASLock.lock(TTASLock.java:8)
	at kas.concurrente.Counter.getAndIncrement(LockTest.java:106)
	at kas.concurrente.LockTest.incrementaContador(LockTest.java:22)
	at kas.concurrente.LockTest.lambda$ejecutaPrueba$0(LockTest.java:38)
	at java.base/java.lang.Thread.run(Thread.java:1623)
Exception in thread "Thread-65" java.lang.UnsupportedOperationException: Unimplemented method 'lock'
	at kas.concurrente.TTASLock.lock(TTASLock.java:8)
	at kas.concurrente.Counter.getAndIncrement(LockTest.java:106)
	at kas.concurrente.LockTest.incrementaContador(LockTest.java:22)
	at kas.concurrente.LockTest.lambda$ejecutaPrueba$0(LockTest.java:38)
	at java.base/java.lang.Thread.run(Thread.java:1623)
Exception in thread "Thread-64" java.lang.UnsupportedOperationException: Unimplemented method 'lock'
	at kas.concurrente.TTASLock.lock(TTASLock.java:8)
	at kas.concurrente.Counter.getAndIncrement(LockTest.java:106)
	at kas.concurrente.LockTest.incrementaContador(LockTest.java:22)
	at kas.concurrente.LockTest.lambda$ejecutaPrueba$0(LockTest.java:38)
	at java.base/java.lang.Thread.run(Thread.java:1623)
Exception in thread "Thread-63" java.lang.UnsupportedOperationException: Unimplemented method 'lock'
	at kas.concurrente.TTASLock.lock(TTASLock.java:8)
	at kas.concurrente.Counter.getAndIncrement(LockTest.java:106)
	at kas.concurrente.LockTest.incrementaContador(LockTest.java:22)
	at kas.concurrente.LockTest.lambda$ejecutaPrueba$0(LockTest.java:38)
	at java.base/java.lang.Thread.run(Thread.java:1623)
Exception in thread "Thread-73" java.lang.UnsupportedOperationException: Unimplemented method 'lock'
	at kas.concurrente.TTASLock.lock(TTASLock.java:8)
	at kas.concurrente.Counter.getAndIncrement(LockTest.java:106)
	at kas.concurrente.LockTest.incrementaContador(LockTest.java:22)
	at kas.concurrente.LockTest.lambda$ejecutaPrueba$0(LockTest.java:38)
	at java.base/java.lang.Thread.run(Thread.java:1623)
Exception in thread "Thread-61" java.lang.UnsupportedOperationException: Unimplemented method 'lock'
	at kas.concurrente.TTASLock.lock(TTASLock.java:8)
	at kas.concurrente.Counter.getAndIncrement(LockTest.java:106)
	at kas.concurrente.LockTest.incrementaContador(LockTest.java:22)
	at kas.concurrente.LockTest.lambda$ejecutaPrueba$0(LockTest.java:38)
	at java.base/java.lang.Thread.run(Thread.java:1623)
Exception in thread "Thread-76" java.lang.UnsupportedOperationException: Unimplemented method 'lock'
	at kas.concurrente.TTASLock.lock(TTASLock.java:8)
	at kas.concurrente.Counter.getAndIncrement(LockTest.java:106)
	at kas.concurrente.LockTest.incrementaContador(LockTest.java:22)
	at kas.concurrente.LockTest.lambda$ejecutaPrueba$0(LockTest.java:38)
	at java.base/java.lang.Thread.run(Thread.java:1623)
Exception in thread "Thread-74" java.lang.UnsupportedOperationException: Unimplemented method 'lock'
	at kas.concurrente.TTASLock.lock(TTASLock.java:8)
	at kas.concurrente.Counter.getAndIncrement(LockTest.java:106)
	at kas.concurrente.LockTest.incrementaContador(LockTest.java:22)
	at kas.concurrente.LockTest.lambda$ejecutaPrueba$0(LockTest.java:38)
	at java.base/java.lang.Thread.run(Thread.java:1623)
Exception in thread "Thread-72" java.lang.UnsupportedOperationException: Unimplemented method 'lock'
	at kas.concurrente.TTASLock.lock(TTASLock.java:8)
	at kas.concurrente.Counter.getAndIncrement(LockTest.java:106)
	at kas.concurrente.LockTest.incrementaContador(LockTest.java:22)
	at kas.concurrente.LockTest.lambda$ejecutaPrueba$0(LockTest.java:38)
	at java.base/java.lang.Thread.run(Thread.java:1623)
Exception in thread "Thread-79" java.lang.UnsupportedOperationException: Unimplemented method 'lock'
	at kas.concurrente.TTASLock.lock(TTASLock.java:8)
	at kas.concurrente.Counter.getAndIncrement(LockTest.java:106)
	at kas.concurrente.LockTest.incrementaContador(LockTest.java:22)
	at kas.concurrente.LockTest.lambda$ejecutaPrueba$0(LockTest.java:38)
	at java.base/java.lang.Thread.run(Thread.java:1623)
Exception in thread "Thread-80" java.lang.UnsupportedOperationException: Unimplemented method 'lock'
	at kas.concurrente.TTASLock.lock(TTASLock.java:8)
	at kas.concurrente.Counter.getAndIncrement(LockTest.java:106)
	at kas.concurrente.LockTest.incrementaContador(LockTest.java:22)
	at kas.concurrente.LockTest.lambda$ejecutaPrueba$0(LockTest.java:38)
	at java.base/java.lang.Thread.run(Thread.java:1623)
Exception in thread "Thread-71" java.lang.UnsupportedOperationException: Unimplemented method 'lock'
	at kas.concurrente.TTASLock.lock(TTASLock.java:8)
	at kas.concurrente.Counter.getAndIncrement(LockTest.java:106)
	at kas.concurrente.LockTest.incrementaContador(LockTest.java:22)
	at kas.concurrente.LockTest.lambda$ejecutaPrueba$0(LockTest.java:38)
	at java.base/java.lang.Thread.run(Thread.java:1623)
Exception in thread "Thread-85" java.lang.UnsupportedOperationException: Unimplemented method 'lock'
	at kas.concurrente.TTASLock.lock(TTASLock.java:8)
	at kas.concurrente.Counter.getAndIncrement(LockTest.java:106)
	at kas.concurrente.LockTest.incrementaContador(LockTest.java:22)
	at kas.concurrente.LockTest.lambda$ejecutaPrueba$0(LockTest.java:38)
	at java.base/java.lang.Thread.run(Thread.java:1623)
Exception in thread "Thread-70" java.lang.UnsupportedOperationException: Unimplemented method 'lock'
	at kas.concurrente.TTASLock.lock(TTASLock.java:8)
	at kas.concurrente.Counter.getAndIncrement(LockTest.java:106)
	at kas.concurrente.LockTest.incrementaContador(LockTest.java:22)
	at kas.concurrente.LockTest.lambda$ejecutaPrueba$0(LockTest.java:38)
	at java.base/java.lang.Thread.run(Thread.java:1623)
Exception in thread "Thread-69" java.lang.UnsupportedOperationException: Unimplemented method 'lock'
	at kas.concurrente.TTASLock.lock(TTASLock.java:8)
	at kas.concurrente.Counter.getAndIncrement(LockTest.java:106)
	at kas.concurrente.LockTest.incrementaContador(LockTest.java:22)
	at kas.concurrente.LockTest.lambda$ejecutaPrueba$0(LockTest.java:38)
	at java.base/java.lang.Thread.run(Thread.java:1623)
Exception in thread "Thread-68" java.lang.UnsupportedOperationException: Unimplemented method 'lock'
	at kas.concurrente.TTASLock.lock(TTASLock.java:8)
	at kas.concurrente.Counter.getAndIncrement(LockTest.java:106)
	at kas.concurrente.LockTest.incrementaContador(LockTest.java:22)
	at kas.concurrente.LockTest.lambda$ejecutaPrueba$0(LockTest.java:38)
	at java.base/java.lang.Thread.run(Thread.java:1623)
Exception in thread "Thread-67" java.lang.UnsupportedOperationException: Unimplemented method 'lock'
	at kas.concurrente.TTASLock.lock(TTASLock.java:8)
	at kas.concurrente.Counter.getAndIncrement(LockTest.java:106)
	at kas.concurrente.LockTest.incrementaContador(LockTest.java:22)
	at kas.concurrente.LockTest.lambda$ejecutaPrueba$0(LockTest.java:38)
	at java.base/java.lang.Thread.run(Thread.java:1623)
Exception in thread "Thread-89" java.lang.UnsupportedOperationException: Unimplemented method 'lock'
	at kas.concurrente.TTASLock.lock(TTASLock.java:8)
	at kas.concurrente.Counter.getAndIncrement(LockTest.java:106)
	at kas.concurrente.LockTest.incrementaContador(LockTest.java:22)
	at kas.concurrente.LockTest.lambda$ejecutaPrueba$0(LockTest.java:38)
	at java.base/java.lang.Thread.run(Thread.java:1623)
Exception in thread "Thread-88" java.lang.UnsupportedOperationException: Unimplemented method 'lock'
	at kas.concurrente.TTASLock.lock(TTASLock.java:8)
	at kas.concurrente.Counter.getAndIncrement(LockTest.java:106)
	at kas.concurrente.LockTest.incrementaContador(LockTest.java:22)
	at kas.concurrente.LockTest.lambda$ejecutaPrueba$0(LockTest.java:38)
	at java.base/java.lang.Thread.run(Thread.java:1623)
Exception in thread "Thread-87" Exception in thread "Thread-94" java.lang.UnsupportedOperationException: Unimplemented method 'lock'
	at kas.concurrente.TTASLock.lock(TTASLock.java:8)
	at kas.concurrente.Counter.getAndIncrement(LockTest.java:106)
	at kas.concurrente.LockTest.incrementaContador(LockTest.java:22)
	at kas.concurrente.LockTest.lambda$ejecutaPrueba$0(LockTest.java:38)
	at java.base/java.lang.Thread.run(Thread.java:1623)
Exception in thread "Thread-95" java.lang.UnsupportedOperationException: Unimplemented method 'lock'
	at kas.concurrente.TTASLock.lock(TTASLock.java:8)
	at kas.concurrente.Counter.getAndIncrement(LockTest.java:106)
	at kas.concurrente.LockTest.incrementaContador(LockTest.java:22)
	at kas.concurrente.LockTest.lambda$ejecutaPrueba$0(LockTest.java:38)
	at java.base/java.lang.Thread.run(Thread.java:1623)
Exception in thread "Thread-86" java.lang.UnsupportedOperationException: Unimplemented method 'lock'
	at kas.concurrente.TTASLock.lock(TTASLock.java:8)
	at kas.concurrente.Counter.getAndIncrement(LockTest.java:106)
	at kas.concurrente.LockTest.incrementaContador(LockTest.java:22)
	at kas.concurrente.LockTest.lambda$ejecutaPrueba$0(LockTest.java:38)
	at java.base/java.lang.Thread.run(Thread.java:1623)
Exception in thread "Thread-84" Exception in thread "Thread-98" Exception in thread "Thread-83" java.lang.UnsupportedOperationException: Unimplemented method 'lock'
	at kas.concurrente.TTASLock.lock(TTASLock.java:8)
	at kas.concurrente.Counter.getAndIncrement(LockTest.java:106)
	at kas.concurrente.LockTest.incrementaContador(LockTest.java:22)
	at kas.concurrente.LockTest.lambda$ejecutaPrueba$0(LockTest.java:38)
	at java.base/java.lang.Thread.run(Thread.java:1623)
Exception in thread "Thread-82" java.lang.UnsupportedOperationException: Unimplemented method 'lock'
	at kas.concurrente.TTASLock.lock(TTASLock.java:8)
	at kas.concurrente.Counter.getAndIncrement(LockTest.java:106)
	at kas.concurrente.LockTest.incrementaContador(LockTest.java:22)
	at kas.concurrente.LockTest.lambda$ejecutaPrueba$0(LockTest.java:38)
	at java.base/java.lang.Thread.run(Thread.java:1623)
Exception in thread "Thread-81" java.lang.UnsupportedOperationException: Unimplemented method 'lock'
	at kas.concurrente.TTASLock.lock(TTASLock.java:8)
	at kas.concurrente.Counter.getAndIncrement(LockTest.java:106)
	at kas.concurrente.LockTest.incrementaContador(LockTest.java:22)
	at kas.concurrente.LockTest.lambda$ejecutaPrueba$0(LockTest.java:38)
	at java.base/java.lang.Thread.run(Thread.java:1623)
Exception in thread "Thread-78" java.lang.UnsupportedOperationException: Unimplemented method 'lock'
	at kas.concurrente.TTASLock.lock(TTASLock.java:8)
	at kas.concurrente.Counter.getAndIncrement(LockTest.java:106)
	at kas.concurrente.LockTest.incrementaContador(LockTest.java:22)
	at kas.concurrente.LockTest.lambda$ejecutaPrueba$0(LockTest.java:38)
	at java.base/java.lang.Thread.run(Thread.java:1623)
Exception in thread "Thread-77" java.lang.UnsupportedOperationException: Unimplemented method 'lock'
	at kas.concurrente.TTASLock.lock(TTASLock.java:8)
	at kas.concurrente.Counter.getAndIncrement(LockTest.java:106)
	at kas.concurrente.LockTest.incrementaContador(LockTest.java:22)
	at kas.concurrente.LockTest.lambda$ejecutaPrueba$0(LockTest.java:38)
	at java.base/java.lang.Thread.run(Thread.java:1623)
Exception in thread "Thread-75" java.lang.UnsupportedOperationException: Unimplemented method 'lock'
	at kas.concurrente.TTASLock.lock(TTASLock.java:8)
	at kas.concurrente.Counter.getAndIncrement(LockTest.java:106)
	at kas.concurrente.LockTest.incrementaContador(LockTest.java:22)
	at kas.concurrente.LockTest.lambda$ejecutaPrueba$0(LockTest.java:38)
	at java.base/java.lang.Thread.run(Thread.java:1623)
Exception in thread "Thread-101" java.lang.UnsupportedOperationException: Unimplemented method 'lock'
	at kas.concurrente.TTASLock.lock(TTASLock.java:8)
	at kas.concurrente.Counter.getAndIncrement(LockTest.java:106)
	at kas.concurrente.LockTest.incrementaContador(LockTest.java:22)
	at kas.concurrente.LockTest.lambda$ejecutaPrueba$0(LockTest.java:38)
	at java.base/java.lang.Thread.run(Thread.java:1623)
Exception in thread "Thread-100" java.lang.UnsupportedOperationException: Unimplemented method 'lock'
	at kas.concurrente.TTASLock.lock(TTASLock.java:8)
	at kas.concurrente.Counter.getAndIncrement(LockTest.java:106)
	at kas.concurrente.LockTest.incrementaContador(LockTest.java:22)
	at kas.concurrente.LockTest.lambda$ejecutaPrueba$0(LockTest.java:38)
	at java.base/java.lang.Thread.run(Thread.java:1623)
Exception in thread "Thread-99" java.lang.UnsupportedOperationException: Unimplemented method 'lock'
	at kas.concurrente.TTASLock.lock(TTASLock.java:8)
	at kas.concurrente.Counter.getAndIncrement(LockTest.java:106)
	at kas.concurrente.LockTest.incrementaContador(LockTest.java:22)
	at kas.concurrente.LockTest.lambda$ejecutaPrueba$0(LockTest.java:38)
	at java.base/java.lang.Thread.run(Thread.java:1623)
java.lang.UnsupportedOperationException: Unimplemented method 'lock'
	at kas.concurrente.TTASLock.lock(TTASLock.java:8)
	at kas.concurrente.Counter.getAndIncrement(LockTest.java:106)
	at kas.concurrente.LockTest.incrementaContador(LockTest.java:22)
	at kas.concurrente.LockTest.lambda$ejecutaPrueba$0(LockTest.java:38)
	at java.base/java.lang.Thread.run(Thread.java:1623)
Exception in thread "Thread-97" java.lang.UnsupportedOperationException: Unimplemented method 'lock'
	at kas.concurrente.TTASLock.lock(TTASLock.java:8)
	at kas.concurrente.Counter.getAndIncrement(LockTest.java:106)
	at kas.concurrente.LockTest.incrementaContador(LockTest.java:22)
	at kas.concurrente.LockTest.lambda$ejecutaPrueba$0(LockTest.java:38)
	at java.base/java.lang.Thread.run(Thread.java:1623)
java.lang.UnsupportedOperationException: Unimplemented method 'lock'
	at kas.concurrente.TTASLock.lock(TTASLock.java:8)
	at kas.concurrente.Counter.getAndIncrement(LockTest.java:106)
	at kas.concurrente.LockTest.incrementaContador(LockTest.java:22)
	at kas.concurrente.LockTest.lambda$ejecutaPrueba$0(LockTest.java:38)
	at java.base/java.lang.Thread.run(Thread.java:1623)
Exception in thread "Thread-96" java.lang.UnsupportedOperationException: Unimplemented method 'lock'
	at kas.concurrente.TTASLock.lock(TTASLock.java:8)
	at kas.concurrente.Counter.getAndIncrement(LockTest.java:106)
	at kas.concurrente.LockTest.incrementaContador(LockTest.java:22)
	at kas.concurrente.LockTest.lambda$ejecutaPrueba$0(LockTest.java:38)
	at java.base/java.lang.Thread.run(Thread.java:1623)
java.lang.UnsupportedOperationException: Unimplemented method 'lock'
	at kas.concurrente.TTASLock.lock(TTASLock.java:8)
	at kas.concurrente.Counter.getAndIncrement(LockTest.java:106)
	at kas.concurrente.LockTest.incrementaContador(LockTest.java:22)
	at kas.concurrente.LockTest.lambda$ejecutaPrueba$0(LockTest.java:38)
	at java.base/java.lang.Thread.run(Thread.java:1623)
Exception in thread "Thread-93" java.lang.UnsupportedOperationException: Unimplemented method 'lock'
	at kas.concurrente.TTASLock.lock(TTASLock.java:8)
	at kas.concurrente.Counter.getAndIncrement(LockTest.java:106)
	at kas.concurrente.LockTest.incrementaContador(LockTest.java:22)
	at kas.concurrente.LockTest.lambda$ejecutaPrueba$0(LockTest.java:38)
	at java.base/java.lang.Thread.run(Thread.java:1623)
Exception in thread "Thread-92" java.lang.UnsupportedOperationException: Unimplemented method 'lock'
	at kas.concurrente.TTASLock.lock(TTASLock.java:8)
	at kas.concurrente.Counter.getAndIncrement(LockTest.java:106)
	at kas.concurrente.LockTest.incrementaContador(LockTest.java:22)
	at kas.concurrente.LockTest.lambda$ejecutaPrueba$0(LockTest.java:38)
	at java.base/java.lang.Thread.run(Thread.java:1623)
Exception in thread "Thread-91" java.lang.UnsupportedOperationException: Unimplemented method 'lock'
	at kas.concurrente.TTASLock.lock(TTASLock.java:8)
	at kas.concurrente.Counter.getAndIncrement(LockTest.java:106)
	at kas.concurrente.LockTest.incrementaContador(LockTest.java:22)
	at kas.concurrente.LockTest.lambda$ejecutaPrueba$0(LockTest.java:38)
	at java.base/java.lang.Thread.run(Thread.java:1623)
Exception in thread "Thread-90" java.lang.UnsupportedOperationException: Unimplemented method 'lock'
	at kas.concurrente.TTASLock.lock(TTASLock.java:8)
	at kas.concurrente.Counter.getAndIncrement(LockTest.java:106)
	at kas.concurrente.LockTest.incrementaContador(LockTest.java:22)
	at kas.concurrente.LockTest.lambda$ejecutaPrueba$0(LockTest.java:38)
	at java.base/java.lang.Thread.run(Thread.java:1623)
]]></system-err>
  </testcase>
  <testcase name="backoffLock" classname="kas.concurrente.LockTest" time="0.003">
    <failure message="expected: &lt;1000000&gt; but was: &lt;0&gt;" type="org.opentest4j.AssertionFailedError"><![CDATA[org.opentest4j.AssertionFailedError: expected: <1000000> but was: <0>
	at kas.concurrente.LockTest.ejecutaPrueba(LockTest.java:49)
	at kas.concurrente.LockTest.backoffLock(LockTest.java:68)
]]></failure>
    <system-err><![CDATA[Exception in thread "Thread-102" java.lang.UnsupportedOperationException: Unimplemented method 'lock'
	at kas.concurrente.BackoffLock.lock(BackoffLock.java:8)
	at kas.concurrente.Counter.getAndIncrement(LockTest.java:106)
	at kas.concurrente.LockTest.incrementaContador(LockTest.java:22)
	at kas.concurrente.LockTest.lambda$ejecutaPrueba$0(LockTest.java:38)
	at java.base/java.lang.Thread.run(Thread.java:1623)
Exception in thread "Thread-104" Exception in thread "Thread-106" java.lang.UnsupportedOperationException: Unimplemented method 'lock'
	at kas.concurrente.BackoffLock.lock(BackoffLock.java:8)
	at kas.concurrente.Counter.getAndIncrement(LockTest.java:106)
	at kas.concurrente.LockTest.incrementaContador(LockTest.java:22)
	at kas.concurrente.LockTest.lambda$ejecutaPrueba$0(LockTest.java:38)
	at java.base/java.lang.Thread.run(Thread.java:1623)
Exception in thread "Thread-108" java.lang.UnsupportedOperationException: Unimplemented method 'lock'
	at kas.concurrente.BackoffLock.lock(BackoffLock.java:8)
	at kas.concurrente.Counter.getAndIncrement(LockTest.java:106)
	at kas.concurrente.LockTest.incrementaContador(LockTest.java:22)
	at kas.concurrente.LockTest.lambda$ejecutaPrueba$0(LockTest.java:38)
	at java.base/java.lang.Thread.run(Thread.java:1623)
Exception in thread "Thread-105" java.lang.UnsupportedOperationException: Unimplemented method 'lock'
	at kas.concurrente.BackoffLock.lock(BackoffLock.java:8)
	at kas.concurrente.Counter.getAndIncrement(LockTest.java:106)
	at kas.concurrente.LockTest.incrementaContador(LockTest.java:22)
	at kas.concurrente.LockTest.lambda$ejecutaPrueba$0(LockTest.java:38)
	at java.base/java.lang.Thread.run(Thread.java:1623)
Exception in thread "Thread-111" java.lang.UnsupportedOperationException: Unimplemented method 'lock'
	at kas.concurrente.BackoffLock.lock(BackoffLock.java:8)
	at kas.concurrente.Counter.getAndIncrement(LockTest.java:106)
	at kas.concurrente.LockTest.incrementaContador(LockTest.java:22)
	at kas.concurrente.LockTest.lambda$ejecutaPrueba$0(LockTest.java:38)
	at java.base/java.lang.Thread.run(Thread.java:1623)
Exception in thread "Thread-103" java.lang.UnsupportedOperationException: Unimplemented method 'lock'
	at kas.concurrente.BackoffLock.lock(BackoffLock.java:8)
	at kas.concurrente.Counter.getAndIncrement(LockTest.java:106)
	at kas.concurrente.LockTest.incrementaContador(LockTest.java:22)
	at kas.concurrente.LockTest.lambda$ejecutaPrueba$0(LockTest.java:38)
	at java.base/java.lang.Thread.run(Thread.java:1623)
Exception in thread "Thread-110" java.lang.UnsupportedOperationException: Unimplemented method 'lock'
	at kas.concurrente.BackoffLock.lock(BackoffLock.java:8)
	at kas.concurrente.Counter.getAndIncrement(LockTest.java:106)
	at kas.concurrente.LockTest.incrementaContador(LockTest.java:22)
	at kas.concurrente.LockTest.lambda$ejecutaPrueba$0(LockTest.java:38)
	at java.base/java.lang.Thread.run(Thread.java:1623)
Exception in thread "Thread-109" java.lang.UnsupportedOperationException: Unimplemented method 'lock'
	at kas.concurrente.BackoffLock.lock(BackoffLock.java:8)
	at kas.concurrente.Counter.getAndIncrement(LockTest.java:106)
	at kas.concurrente.LockTest.incrementaContador(LockTest.java:22)
	at kas.concurrente.LockTest.lambda$ejecutaPrueba$0(LockTest.java:38)
	at java.base/java.lang.Thread.run(Thread.java:1623)
Exception in thread "Thread-107" java.lang.UnsupportedOperationException: Unimplemented method 'lock'
	at kas.concurrente.BackoffLock.lock(BackoffLock.java:8)
	at kas.concurrente.Counter.getAndIncrement(LockTest.java:106)
	at kas.concurrente.LockTest.incrementaContador(LockTest.java:22)
	at kas.concurrente.LockTest.lambda$ejecutaPrueba$0(LockTest.java:38)
	at java.base/java.lang.Thread.run(Thread.java:1623)
Exception in thread "Thread-116" java.lang.UnsupportedOperationException: Unimplemented method 'lock'
	at kas.concurrente.BackoffLock.lock(BackoffLock.java:8)
	at kas.concurrente.Counter.getAndIncrement(LockTest.java:106)
	at kas.concurrente.LockTest.incrementaContador(LockTest.java:22)
	at kas.concurrente.LockTest.lambda$ejecutaPrueba$0(LockTest.java:38)
	at java.base/java.lang.Thread.run(Thread.java:1623)
java.lang.UnsupportedOperationException: Unimplemented method 'lock'
	at kas.concurrente.BackoffLock.lock(BackoffLock.java:8)
	at kas.concurrente.Counter.getAndIncrement(LockTest.java:106)
	at kas.concurrente.LockTest.incrementaContador(LockTest.java:22)
	at kas.concurrente.LockTest.lambda$ejecutaPrueba$0(LockTest.java:38)
	at java.base/java.lang.Thread.run(Thread.java:1623)
Exception in thread "Thread-117" java.lang.UnsupportedOperationException: Unimplemented method 'lock'
	at kas.concurrente.BackoffLock.lock(BackoffLock.java:8)
	at kas.concurrente.Counter.getAndIncrement(LockTest.java:106)
	at kas.concurrente.LockTest.incrementaContador(LockTest.java:22)
	at kas.concurrente.LockTest.lambda$ejecutaPrueba$0(LockTest.java:38)
	at java.base/java.lang.Thread.run(Thread.java:1623)
Exception in thread "Thread-115" Exception in thread "Thread-120" Exception in thread "Thread-114" java.lang.UnsupportedOperationException: Unimplemented method 'lock'
	at kas.concurrente.BackoffLock.lock(BackoffLock.java:8)
	at kas.concurrente.Counter.getAndIncrement(LockTest.java:106)
	at kas.concurrente.LockTest.incrementaContador(LockTest.java:22)
	at kas.concurrente.LockTest.lambda$ejecutaPrueba$0(LockTest.java:38)
	at java.base/java.lang.Thread.run(Thread.java:1623)
Exception in thread "Thread-124" java.lang.UnsupportedOperationException: Unimplemented method 'lock'
	at kas.concurrente.BackoffLock.lock(BackoffLock.java:8)
	at kas.concurrente.Counter.getAndIncrement(LockTest.java:106)
	at kas.concurrente.LockTest.incrementaContador(LockTest.java:22)
	at kas.concurrente.LockTest.lambda$ejecutaPrueba$0(LockTest.java:38)
	at java.base/java.lang.Thread.run(Thread.java:1623)
Exception in thread "Thread-113" java.lang.UnsupportedOperationException: Unimplemented method 'lock'
	at kas.concurrente.BackoffLock.lock(BackoffLock.java:8)
	at kas.concurrente.Counter.getAndIncrement(LockTest.java:106)
	at kas.concurrente.LockTest.incrementaContador(LockTest.java:22)
	at kas.concurrente.LockTest.lambda$ejecutaPrueba$0(LockTest.java:38)
	at java.base/java.lang.Thread.run(Thread.java:1623)
Exception in thread "Thread-112" java.lang.UnsupportedOperationException: Unimplemented method 'lock'
	at kas.concurrente.BackoffLock.lock(BackoffLock.java:8)
	at kas.concurrente.Counter.getAndIncrement(LockTest.java:106)
	at kas.concurrente.LockTest.incrementaContador(LockTest.java:22)
	at kas.concurrente.LockTest.lambda$ejecutaPrueba$0(LockTest.java:38)
	at java.base/java.lang.Thread.run(Thread.java:1623)
Exception in thread "Thread-127" java.lang.UnsupportedOperationException: Unimplemented method 'lock'
	at kas.concurrente.BackoffLock.lock(BackoffLock.java:8)
	at kas.concurrente.Counter.getAndIncrement(LockTest.java:106)
	at kas.concurrente.LockTest.incrementaContador(LockTest.java:22)
	at kas.concurrente.LockTest.lambda$ejecutaPrueba$0(LockTest.java:38)
	at java.base/java.lang.Thread.run(Thread.java:1623)
Exception in thread "Thread-126" java.lang.UnsupportedOperationException: Unimplemented method 'lock'
	at kas.concurrente.BackoffLock.lock(BackoffLock.java:8)
	at kas.concurrente.Counter.getAndIncrement(LockTest.java:106)
	at kas.concurrente.LockTest.incrementaContador(LockTest.java:22)
	at kas.concurrente.LockTest.lambda$ejecutaPrueba$0(LockTest.java:38)
	at java.base/java.lang.Thread.run(Thread.java:1623)
Exception in thread "Thread-125" java.lang.UnsupportedOperationException: Unimplemented method 'lock'
	at kas.concurrente.BackoffLock.lock(BackoffLock.java:8)
	at kas.concurrente.Counter.getAndIncrement(LockTest.java:106)
	at kas.concurrente.LockTest.incrementaContador(LockTest.java:22)
	at kas.concurrente.LockTest.lambda$ejecutaPrueba$0(LockTest.java:38)
	at java.base/java.lang.Thread.run(Thread.java:1623)
Exception in thread "Thread-123" java.lang.UnsupportedOperationException: Unimplemented method 'lock'
	at kas.concurrente.BackoffLock.lock(BackoffLock.java:8)
	at kas.concurrente.Counter.getAndIncrement(LockTest.java:106)
	at kas.concurrente.LockTest.incrementaContador(LockTest.java:22)
	at kas.concurrente.LockTest.lambda$ejecutaPrueba$0(LockTest.java:38)
	at java.base/java.lang.Thread.run(Thread.java:1623)
Exception in thread "Thread-121" java.lang.UnsupportedOperationException: Unimplemented method 'lock'
	at kas.concurrente.BackoffLock.lock(BackoffLock.java:8)
	at kas.concurrente.Counter.getAndIncrement(LockTest.java:106)
	at kas.concurrente.LockTest.incrementaContador(LockTest.java:22)
	at kas.concurrente.LockTest.lambda$ejecutaPrueba$0(LockTest.java:38)
	at java.base/java.lang.Thread.run(Thread.java:1623)
Exception in thread "Thread-122" java.lang.UnsupportedOperationException: Unimplemented method 'lock'
	at kas.concurrente.BackoffLock.lock(BackoffLock.java:8)
	at kas.concurrente.Counter.getAndIncrement(LockTest.java:106)
	at kas.concurrente.LockTest.incrementaContador(LockTest.java:22)
	at kas.concurrente.LockTest.lambda$ejecutaPrueba$0(LockTest.java:38)
	at java.base/java.lang.Thread.run(Thread.java:1623)
java.lang.UnsupportedOperationException: Unimplemented method 'lock'
	at kas.concurrente.BackoffLock.lock(BackoffLock.java:8)
	at kas.concurrente.Counter.getAndIncrement(LockTest.java:106)
	at kas.concurrente.LockTest.incrementaContador(LockTest.java:22)
	at kas.concurrente.LockTest.lambda$ejecutaPrueba$0(LockTest.java:38)
	at java.base/java.lang.Thread.run(Thread.java:1623)
java.lang.UnsupportedOperationException: Unimplemented method 'lock'
	at kas.concurrente.BackoffLock.lock(BackoffLock.java:8)
	at kas.concurrente.Counter.getAndIncrement(LockTest.java:106)
	at kas.concurrente.LockTest.incrementaContador(LockTest.java:22)
	at kas.concurrente.LockTest.lambda$ejecutaPrueba$0(LockTest.java:38)
	at java.base/java.lang.Thread.run(Thread.java:1623)
Exception in thread "Thread-119" java.lang.UnsupportedOperationException: Unimplemented method 'lock'
	at kas.concurrente.BackoffLock.lock(BackoffLock.java:8)
	at kas.concurrente.Counter.getAndIncrement(LockTest.java:106)
	at kas.concurrente.LockTest.incrementaContador(LockTest.java:22)
	at kas.concurrente.LockTest.lambda$ejecutaPrueba$0(LockTest.java:38)
	at java.base/java.lang.Thread.run(Thread.java:1623)
Exception in thread "Thread-118" java.lang.UnsupportedOperationException: Unimplemented method 'lock'
	at kas.concurrente.BackoffLock.lock(BackoffLock.java:8)
	at kas.concurrente.Counter.getAndIncrement(LockTest.java:106)
	at kas.concurrente.LockTest.incrementaContador(LockTest.java:22)
	at kas.concurrente.LockTest.lambda$ejecutaPrueba$0(LockTest.java:38)
	at java.base/java.lang.Thread.run(Thread.java:1623)
Exception in thread "Thread-129" Exception in thread "Thread-131" java.lang.UnsupportedOperationException: Unimplemented method 'lock'
	at kas.concurrente.BackoffLock.lock(BackoffLock.java:8)
	at kas.concurrente.Counter.getAndIncrement(LockTest.java:106)
	at kas.concurrente.LockTest.incrementaContador(LockTest.java:22)
	at kas.concurrente.LockTest.lambda$ejecutaPrueba$0(LockTest.java:38)
	at java.base/java.lang.Thread.run(Thread.java:1623)
Exception in thread "Thread-130" java.lang.UnsupportedOperationException: Unimplemented method 'lock'
	at kas.concurrente.BackoffLock.lock(BackoffLock.java:8)
	at kas.concurrente.Counter.getAndIncrement(LockTest.java:106)
	at kas.concurrente.LockTest.incrementaContador(LockTest.java:22)
	at kas.concurrente.LockTest.lambda$ejecutaPrueba$0(LockTest.java:38)
	at java.base/java.lang.Thread.run(Thread.java:1623)
Exception in thread "Thread-134" java.lang.UnsupportedOperationException: Unimplemented method 'lock'
	at kas.concurrente.BackoffLock.lock(BackoffLock.java:8)
	at kas.concurrente.Counter.getAndIncrement(LockTest.java:106)
	at kas.concurrente.LockTest.incrementaContador(LockTest.java:22)
	at kas.concurrente.LockTest.lambda$ejecutaPrueba$0(LockTest.java:38)
	at java.base/java.lang.Thread.run(Thread.java:1623)
Exception in thread "Thread-128" java.lang.UnsupportedOperationException: Unimplemented method 'lock'
	at kas.concurrente.BackoffLock.lock(BackoffLock.java:8)
	at kas.concurrente.Counter.getAndIncrement(LockTest.java:106)
	at kas.concurrente.LockTest.incrementaContador(LockTest.java:22)
	at kas.concurrente.LockTest.lambda$ejecutaPrueba$0(LockTest.java:38)
	at java.base/java.lang.Thread.run(Thread.java:1623)
Exception in thread "Thread-137" java.lang.UnsupportedOperationException: Unimplemented method 'lock'
	at kas.concurrente.BackoffLock.lock(BackoffLock.java:8)
	at kas.concurrente.Counter.getAndIncrement(LockTest.java:106)
	at kas.concurrente.LockTest.incrementaContador(LockTest.java:22)
	at kas.concurrente.LockTest.lambda$ejecutaPrueba$0(LockTest.java:38)
	at java.base/java.lang.Thread.run(Thread.java:1623)
Exception in thread "Thread-138" java.lang.UnsupportedOperationException: Unimplemented method 'lock'
	at kas.concurrente.BackoffLock.lock(BackoffLock.java:8)
	at kas.concurrente.Counter.getAndIncrement(LockTest.java:106)
	at kas.concurrente.LockTest.incrementaContador(LockTest.java:22)
	at kas.concurrente.LockTest.lambda$ejecutaPrueba$0(LockTest.java:38)
	at java.base/java.lang.Thread.run(Thread.java:1623)
Exception in thread "Thread-135" java.lang.UnsupportedOperationException: Unimplemented method 'lock'
	at kas.concurrente.BackoffLock.lock(BackoffLock.java:8)
	at kas.concurrente.Counter.getAndIncrement(LockTest.java:106)
	at kas.concurrente.LockTest.incrementaContador(LockTest.java:22)
	at kas.concurrente.LockTest.lambda$ejecutaPrueba$0(LockTest.java:38)
	at java.base/java.lang.Thread.run(Thread.java:1623)
Exception in thread "Thread-133" java.lang.UnsupportedOperationException: Unimplemented method 'lock'
	at kas.concurrente.BackoffLock.lock(BackoffLock.java:8)
	at kas.concurrente.Counter.getAndIncrement(LockTest.java:106)
	at kas.concurrente.LockTest.incrementaContador(LockTest.java:22)
	at kas.concurrente.LockTest.lambda$ejecutaPrueba$0(LockTest.java:38)
	at java.base/java.lang.Thread.run(Thread.java:1623)
Exception in thread "Thread-132" java.lang.UnsupportedOperationException: Unimplemented method 'lock'
	at kas.concurrente.BackoffLock.lock(BackoffLock.java:8)
	at kas.concurrente.Counter.getAndIncrement(LockTest.java:106)
	at kas.concurrente.LockTest.incrementaContador(LockTest.java:22)
	at kas.concurrente.LockTest.lambda$ejecutaPrueba$0(LockTest.java:38)
	at java.base/java.lang.Thread.run(Thread.java:1623)
java.lang.UnsupportedOperationException: Unimplemented method 'lock'
	at kas.concurrente.BackoffLock.lock(BackoffLock.java:8)
	at kas.concurrente.Counter.getAndIncrement(LockTest.java:106)
	at kas.concurrente.LockTest.incrementaContador(LockTest.java:22)
	at kas.concurrente.LockTest.lambda$ejecutaPrueba$0(LockTest.java:38)
	at java.base/java.lang.Thread.run(Thread.java:1623)
Exception in thread "Thread-136" java.lang.UnsupportedOperationException: Unimplemented method 'lock'
	at kas.concurrente.BackoffLock.lock(BackoffLock.java:8)
	at kas.concurrente.Counter.getAndIncrement(LockTest.java:106)
	at kas.concurrente.LockTest.incrementaContador(LockTest.java:22)
	at kas.concurrente.LockTest.lambda$ejecutaPrueba$0(LockTest.java:38)
	at java.base/java.lang.Thread.run(Thread.java:1623)
Exception in thread "Thread-139" java.lang.UnsupportedOperationException: Unimplemented method 'lock'
	at kas.concurrente.BackoffLock.lock(BackoffLock.java:8)
	at kas.concurrente.Counter.getAndIncrement(LockTest.java:106)
	at kas.concurrente.LockTest.incrementaContador(LockTest.java:22)
	at kas.concurrente.LockTest.lambda$ejecutaPrueba$0(LockTest.java:38)
	at java.base/java.lang.Thread.run(Thread.java:1623)
Exception in thread "Thread-140" java.lang.UnsupportedOperationException: Unimplemented method 'lock'
	at kas.concurrente.BackoffLock.lock(BackoffLock.java:8)
	at kas.concurrente.Counter.getAndIncrement(LockTest.java:106)
	at kas.concurrente.LockTest.incrementaContador(LockTest.java:22)
	at kas.concurrente.LockTest.lambda$ejecutaPrueba$0(LockTest.java:38)
	at java.base/java.lang.Thread.run(Thread.java:1623)
Exception in thread "Thread-142" java.lang.UnsupportedOperationException: Unimplemented method 'lock'
	at kas.concurrente.BackoffLock.lock(BackoffLock.java:8)
	at kas.concurrente.Counter.getAndIncrement(LockTest.java:106)
	at kas.concurrente.LockTest.incrementaContador(LockTest.java:22)
	at kas.concurrente.LockTest.lambda$ejecutaPrueba$0(LockTest.java:38)
	at java.base/java.lang.Thread.run(Thread.java:1623)
Exception in thread "Thread-141" java.lang.UnsupportedOperationException: Unimplemented method 'lock'
	at kas.concurrente.BackoffLock.lock(BackoffLock.java:8)
	at kas.concurrente.Counter.getAndIncrement(LockTest.java:106)
	at kas.concurrente.LockTest.incrementaContador(LockTest.java:22)
	at kas.concurrente.LockTest.lambda$ejecutaPrueba$0(LockTest.java:38)
	at java.base/java.lang.Thread.run(Thread.java:1623)
Exception in thread "Thread-145" java.lang.UnsupportedOperationException: Unimplemented method 'lock'
	at kas.concurrente.BackoffLock.lock(BackoffLock.java:8)
	at kas.concurrente.Counter.getAndIncrement(LockTest.java:106)
	at kas.concurrente.LockTest.incrementaContador(LockTest.java:22)
	at kas.concurrente.LockTest.lambda$ejecutaPrueba$0(LockTest.java:38)
	at java.base/java.lang.Thread.run(Thread.java:1623)
Exception in thread "Thread-144" java.lang.UnsupportedOperationException: Unimplemented method 'lock'
	at kas.concurrente.BackoffLock.lock(BackoffLock.java:8)
	at kas.concurrente.Counter.getAndIncrement(LockTest.java:106)
	at kas.concurrente.LockTest.incrementaContador(LockTest.java:22)
	at kas.concurrente.LockTest.lambda$ejecutaPrueba$0(LockTest.java:38)
	at java.base/java.lang.Thread.run(Thread.java:1623)
Exception in thread "Thread-143" java.lang.UnsupportedOperationException: Unimplemented method 'lock'
	at kas.concurrente.BackoffLock.lock(BackoffLock.java:8)
	at kas.concurrente.Counter.getAndIncrement(LockTest.java:106)
	at kas.concurrente.LockTest.incrementaContador(LockTest.java:22)
	at kas.concurrente.LockTest.lambda$ejecutaPrueba$0(LockTest.java:38)
	at java.base/java.lang.Thread.run(Thread.java:1623)
Exception in thread "Thread-146" java.lang.UnsupportedOperationException: Unimplemented method 'lock'
	at kas.concurrente.BackoffLock.lock(BackoffLock.java:8)
	at kas.concurrente.Counter.getAndIncrement(LockTest.java:106)
	at kas.concurrente.LockTest.incrementaContador(LockTest.java:22)
	at kas.concurrente.LockTest.lambda$ejecutaPrueba$0(LockTest.java:38)
	at java.base/java.lang.Thread.run(Thread.java:1623)
Exception in thread "Thread-147" java.lang.UnsupportedOperationException: Unimplemented method 'lock'
	at kas.concurrente.BackoffLock.lock(BackoffLock.java:8)
	at kas.concurrente.Counter.getAndIncrement(LockTest.java:106)
	at kas.concurrente.LockTest.incrementaContador(LockTest.java:22)
	at kas.concurrente.LockTest.lambda$ejecutaPrueba$0(LockTest.java:38)
	at java.base/java.lang.Thread.run(Thread.java:1623)
Exception in thread "Thread-148" java.lang.UnsupportedOperationException: Unimplemented method 'lock'
	at kas.concurrente.BackoffLock.lock(BackoffLock.java:8)
	at kas.concurrente.Counter.getAndIncrement(LockTest.java:106)
	at kas.concurrente.LockTest.incrementaContador(LockTest.java:22)
	at kas.concurrente.LockTest.lambda$ejecutaPrueba$0(LockTest.java:38)
	at java.base/java.lang.Thread.run(Thread.java:1623)
Exception in thread "Thread-150" Exception in thread "Thread-151" java.lang.UnsupportedOperationException: Unimplemented method 'lock'
	at kas.concurrente.BackoffLock.lock(BackoffLock.java:8)
	at kas.concurrente.Counter.getAndIncrement(LockTest.java:106)
	at kas.concurrente.LockTest.incrementaContador(LockTest.java:22)
	at kas.concurrente.LockTest.lambda$ejecutaPrueba$0(LockTest.java:38)
	at java.base/java.lang.Thread.run(Thread.java:1623)
Exception in thread "Thread-149" java.lang.UnsupportedOperationException: Unimplemented method 'lock'
	at kas.concurrente.BackoffLock.lock(BackoffLock.java:8)
	at kas.concurrente.Counter.getAndIncrement(LockTest.java:106)
	at kas.concurrente.LockTest.incrementaContador(LockTest.java:22)
	at kas.concurrente.LockTest.lambda$ejecutaPrueba$0(LockTest.java:38)
	at java.base/java.lang.Thread.run(Thread.java:1623)
Exception in thread "Thread-152" java.lang.UnsupportedOperationException: Unimplemented method 'lock'
	at kas.concurrente.BackoffLock.lock(BackoffLock.java:8)
	at kas.concurrente.Counter.getAndIncrement(LockTest.java:106)
	at kas.concurrente.LockTest.incrementaContador(LockTest.java:22)
	at kas.concurrente.LockTest.lambda$ejecutaPrueba$0(LockTest.java:38)
	at java.base/java.lang.Thread.run(Thread.java:1623)
java.lang.UnsupportedOperationException: Unimplemented method 'lock'
	at kas.concurrente.BackoffLock.lock(BackoffLock.java:8)
	at kas.concurrente.Counter.getAndIncrement(LockTest.java:106)
	at kas.concurrente.LockTest.incrementaContador(LockTest.java:22)
	at kas.concurrente.LockTest.lambda$ejecutaPrueba$0(LockTest.java:38)
	at java.base/java.lang.Thread.run(Thread.java:1623)
]]></system-err>
  </testcase>
  <testcase name="aLock" classname="kas.concurrente.LockTest" time="0.002">
    <failure message="expected: &lt;1000000&gt; but was: &lt;0&gt;" type="org.opentest4j.AssertionFailedError"><![CDATA[org.opentest4j.AssertionFailedError: expected: <1000000> but was: <0>
	at kas.concurrente.LockTest.ejecutaPrueba(LockTest.java:49)
	at kas.concurrente.LockTest.aLock(LockTest.java:83)
]]></failure>
    <system-err><![CDATA[Exception in thread "Thread-153" java.lang.UnsupportedOperationException: Unimplemented method 'lock'
	at kas.concurrente.ALock.lock(ALock.java:14)
	at kas.concurrente.Counter.getAndIncrement(LockTest.java:106)
	at kas.concurrente.LockTest.incrementaContador(LockTest.java:22)
	at kas.concurrente.LockTest.lambda$ejecutaPrueba$0(LockTest.java:38)
	at java.base/java.lang.Thread.run(Thread.java:1623)
Exception in thread "Thread-154" java.lang.UnsupportedOperationException: Unimplemented method 'lock'
	at kas.concurrente.ALock.lock(ALock.java:14)
	at kas.concurrente.Counter.getAndIncrement(LockTest.java:106)
	at kas.concurrente.LockTest.incrementaContador(LockTest.java:22)
	at kas.concurrente.LockTest.lambda$ejecutaPrueba$0(LockTest.java:38)
	at java.base/java.lang.Thread.run(Thread.java:1623)
Exception in thread "Thread-155" java.lang.UnsupportedOperationException: Unimplemented method 'lock'
	at kas.concurrente.ALock.lock(ALock.java:14)
	at kas.concurrente.Counter.getAndIncrement(LockTest.java:106)
	at kas.concurrente.LockTest.incrementaContador(LockTest.java:22)
	at kas.concurrente.LockTest.lambda$ejecutaPrueba$0(LockTest.java:38)
	at java.base/java.lang.Thread.run(Thread.java:1623)
Exception in thread "Thread-156" java.lang.UnsupportedOperationException: Unimplemented method 'lock'
	at kas.concurrente.ALock.lock(ALock.java:14)
	at kas.concurrente.Counter.getAndIncrement(LockTest.java:106)
	at kas.concurrente.LockTest.incrementaContador(LockTest.java:22)
	at kas.concurrente.LockTest.lambda$ejecutaPrueba$0(LockTest.java:38)
	at java.base/java.lang.Thread.run(Thread.java:1623)
Exception in thread "Thread-157" java.lang.UnsupportedOperationException: Unimplemented method 'lock'
	at kas.concurrente.ALock.lock(ALock.java:14)
	at kas.concurrente.Counter.getAndIncrement(LockTest.java:106)
	at kas.concurrente.LockTest.incrementaContador(LockTest.java:22)
	at kas.concurrente.LockTest.lambda$ejecutaPrueba$0(LockTest.java:38)
	at java.base/java.lang.Thread.run(Thread.java:1623)
Exception in thread "Thread-158" java.lang.UnsupportedOperationException: Unimplemented method 'lock'
	at kas.concurrente.ALock.lock(ALock.java:14)
	at kas.concurrente.Counter.getAndIncrement(LockTest.java:106)
	at kas.concurrente.LockTest.incrementaContador(LockTest.java:22)
	at kas.concurrente.LockTest.lambda$ejecutaPrueba$0(LockTest.java:38)
	at java.base/java.lang.Thread.run(Thread.java:1623)
Exception in thread "Thread-159" java.lang.UnsupportedOperationException: Unimplemented method 'lock'
	at kas.concurrente.ALock.lock(ALock.java:14)
	at kas.concurrente.Counter.getAndIncrement(LockTest.java:106)
	at kas.concurrente.LockTest.incrementaContador(LockTest.java:22)
	at kas.concurrente.LockTest.lambda$ejecutaPrueba$0(LockTest.java:38)
	at java.base/java.lang.Thread.run(Thread.java:1623)
Exception in thread "Thread-161" java.lang.UnsupportedOperationException: Unimplemented method 'lock'
	at kas.concurrente.ALock.lock(ALock.java:14)
	at kas.concurrente.Counter.getAndIncrement(LockTest.java:106)
	at kas.concurrente.LockTest.incrementaContador(LockTest.java:22)
	at kas.concurrente.LockTest.lambda$ejecutaPrueba$0(LockTest.java:38)
	at java.base/java.lang.Thread.run(Thread.java:1623)
Exception in thread "Thread-160" java.lang.UnsupportedOperationException: Unimplemented method 'lock'
	at kas.concurrente.ALock.lock(ALock.java:14)
	at kas.concurrente.Counter.getAndIncrement(LockTest.java:106)
	at kas.concurrente.LockTest.incrementaContador(LockTest.java:22)
	at kas.concurrente.LockTest.lambda$ejecutaPrueba$0(LockTest.java:38)
	at java.base/java.lang.Thread.run(Thread.java:1623)
Exception in thread "Thread-162" java.lang.UnsupportedOperationException: Unimplemented method 'lock'
	at kas.concurrente.ALock.lock(ALock.java:14)
	at kas.concurrente.Counter.getAndIncrement(LockTest.java:106)
	at kas.concurrente.LockTest.incrementaContador(LockTest.java:22)
	at kas.concurrente.LockTest.lambda$ejecutaPrueba$0(LockTest.java:38)
	at java.base/java.lang.Thread.run(Thread.java:1623)
Exception in thread "Thread-164" java.lang.UnsupportedOperationException: Unimplemented method 'lock'
	at kas.concurrente.ALock.lock(ALock.java:14)
	at kas.concurrente.Counter.getAndIncrement(LockTest.java:106)
	at kas.concurrente.LockTest.incrementaContador(LockTest.java:22)
	at kas.concurrente.LockTest.lambda$ejecutaPrueba$0(LockTest.java:38)
	at java.base/java.lang.Thread.run(Thread.java:1623)
Exception in thread "Thread-163" java.lang.UnsupportedOperationException: Unimplemented method 'lock'
	at kas.concurrente.ALock.lock(ALock.java:14)
	at kas.concurrente.Counter.getAndIncrement(LockTest.java:106)
	at kas.concurrente.LockTest.incrementaContador(LockTest.java:22)
	at kas.concurrente.LockTest.lambda$ejecutaPrueba$0(LockTest.java:38)
	at java.base/java.lang.Thread.run(Thread.java:1623)
Exception in thread "Thread-165" java.lang.UnsupportedOperationException: Unimplemented method 'lock'
	at kas.concurrente.ALock.lock(ALock.java:14)
	at kas.concurrente.Counter.getAndIncrement(LockTest.java:106)
	at kas.concurrente.LockTest.incrementaContador(LockTest.java:22)
	at kas.concurrente.LockTest.lambda$ejecutaPrueba$0(LockTest.java:38)
	at java.base/java.lang.Thread.run(Thread.java:1623)
Exception in thread "Thread-166" java.lang.UnsupportedOperationException: Unimplemented method 'lock'
	at kas.concurrente.ALock.lock(ALock.java:14)
	at kas.concurrente.Counter.getAndIncrement(LockTest.java:106)
	at kas.concurrente.LockTest.incrementaContador(LockTest.java:22)
	at kas.concurrente.LockTest.lambda$ejecutaPrueba$0(LockTest.java:38)
	at java.base/java.lang.Thread.run(Thread.java:1623)
Exception in thread "Thread-167" java.lang.UnsupportedOperationException: Unimplemented method 'lock'
	at kas.concurrente.ALock.lock(ALock.java:14)
	at kas.concurrente.Counter.getAndIncrement(LockTest.java:106)
	at kas.concurrente.LockTest.incrementaContador(LockTest.java:22)
	at kas.concurrente.LockTest.lambda$ejecutaPrueba$0(LockTest.java:38)
	at java.base/java.lang.Thread.run(Thread.java:1623)
Exception in thread "Thread-168" java.lang.UnsupportedOperationException: Unimplemented method 'lock'
	at kas.concurrente.ALock.lock(ALock.java:14)
	at kas.concurrente.Counter.getAndIncrement(LockTest.java:106)
	at kas.concurrente.LockTest.incrementaContador(LockTest.java:22)
	at kas.concurrente.LockTest.lambda$ejecutaPrueba$0(LockTest.java:38)
	at java.base/java.lang.Thread.run(Thread.java:1623)
Exception in thread "Thread-170" java.lang.UnsupportedOperationException: Unimplemented method 'lock'
	at kas.concurrente.ALock.lock(ALock.java:14)
	at kas.concurrente.Counter.getAndIncrement(LockTest.java:106)
	at kas.concurrente.LockTest.incrementaContador(LockTest.java:22)
	at kas.concurrente.LockTest.lambda$ejecutaPrueba$0(LockTest.java:38)
	at java.base/java.lang.Thread.run(Thread.java:1623)
Exception in thread "Thread-169" java.lang.UnsupportedOperationException: Unimplemented method 'lock'
	at kas.concurrente.ALock.lock(ALock.java:14)
	at kas.concurrente.Counter.getAndIncrement(LockTest.java:106)
	at kas.concurrente.LockTest.incrementaContador(LockTest.java:22)
	at kas.concurrente.LockTest.lambda$ejecutaPrueba$0(LockTest.java:38)
	at java.base/java.lang.Thread.run(Thread.java:1623)
Exception in thread "Thread-171" java.lang.UnsupportedOperationException: Unimplemented method 'lock'
	at kas.concurrente.ALock.lock(ALock.java:14)
	at kas.concurrente.Counter.getAndIncrement(LockTest.java:106)
	at kas.concurrente.LockTest.incrementaContador(LockTest.java:22)
	at kas.concurrente.LockTest.lambda$ejecutaPrueba$0(LockTest.java:38)
	at java.base/java.lang.Thread.run(Thread.java:1623)
Exception in thread "Thread-172" java.lang.UnsupportedOperationException: Unimplemented method 'lock'
	at kas.concurrente.ALock.lock(ALock.java:14)
	at kas.concurrente.Counter.getAndIncrement(LockTest.java:106)
	at kas.concurrente.LockTest.incrementaContador(LockTest.java:22)
	at kas.concurrente.LockTest.lambda$ejecutaPrueba$0(LockTest.java:38)
	at java.base/java.lang.Thread.run(Thread.java:1623)
Exception in thread "Thread-173" java.lang.UnsupportedOperationException: Unimplemented method 'lock'
	at kas.concurrente.ALock.lock(ALock.java:14)
	at kas.concurrente.Counter.getAndIncrement(LockTest.java:106)
	at kas.concurrente.LockTest.incrementaContador(LockTest.java:22)
	at kas.concurrente.LockTest.lambda$ejecutaPrueba$0(LockTest.java:38)
	at java.base/java.lang.Thread.run(Thread.java:1623)
Exception in thread "Thread-174" java.lang.UnsupportedOperationException: Unimplemented method 'lock'
	at kas.concurrente.ALock.lock(ALock.java:14)
	at kas.concurrente.Counter.getAndIncrement(LockTest.java:106)
	at kas.concurrente.LockTest.incrementaContador(LockTest.java:22)
	at kas.concurrente.LockTest.lambda$ejecutaPrueba$0(LockTest.java:38)
	at java.base/java.lang.Thread.run(Thread.java:1623)
Exception in thread "Thread-175" java.lang.UnsupportedOperationException: Unimplemented method 'lock'
	at kas.concurrente.ALock.lock(ALock.java:14)
	at kas.concurrente.Counter.getAndIncrement(LockTest.java:106)
	at kas.concurrente.LockTest.incrementaContador(LockTest.java:22)
	at kas.concurrente.LockTest.lambda$ejecutaPrueba$0(LockTest.java:38)
	at java.base/java.lang.Thread.run(Thread.java:1623)
Exception in thread "Thread-176" java.lang.UnsupportedOperationException: Unimplemented method 'lock'
	at kas.concurrente.ALock.lock(ALock.java:14)
	at kas.concurrente.Counter.getAndIncrement(LockTest.java:106)
	at kas.concurrente.LockTest.incrementaContador(LockTest.java:22)
	at kas.concurrente.LockTest.lambda$ejecutaPrueba$0(LockTest.java:38)
	at java.base/java.lang.Thread.run(Thread.java:1623)
Exception in thread "Thread-179" java.lang.UnsupportedOperationException: Unimplemented method 'lock'
	at kas.concurrente.ALock.lock(ALock.java:14)
	at kas.concurrente.Counter.getAndIncrement(LockTest.java:106)
	at kas.concurrente.LockTest.incrementaContador(LockTest.java:22)
	at kas.concurrente.LockTest.lambda$ejecutaPrueba$0(LockTest.java:38)
	at java.base/java.lang.Thread.run(Thread.java:1623)
Exception in thread "Thread-178" Exception in thread "Thread-180" java.lang.UnsupportedOperationException: Unimplemented method 'lock'
	at kas.concurrente.ALock.lock(ALock.java:14)
	at kas.concurrente.Counter.getAndIncrement(LockTest.java:106)
	at kas.concurrente.LockTest.incrementaContador(LockTest.java:22)
	at kas.concurrente.LockTest.lambda$ejecutaPrueba$0(LockTest.java:38)
	at java.base/java.lang.Thread.run(Thread.java:1623)
Exception in thread "Thread-182" java.lang.UnsupportedOperationException: Unimplemented method 'lock'
	at kas.concurrente.ALock.lock(ALock.java:14)
	at kas.concurrente.Counter.getAndIncrement(LockTest.java:106)
	at kas.concurrente.LockTest.incrementaContador(LockTest.java:22)
	at kas.concurrente.LockTest.lambda$ejecutaPrueba$0(LockTest.java:38)
	at java.base/java.lang.Thread.run(Thread.java:1623)
Exception in thread "Thread-177" java.lang.UnsupportedOperationException: Unimplemented method 'lock'
	at kas.concurrente.ALock.lock(ALock.java:14)
	at kas.concurrente.Counter.getAndIncrement(LockTest.java:106)
	at kas.concurrente.LockTest.incrementaContador(LockTest.java:22)
	at kas.concurrente.LockTest.lambda$ejecutaPrueba$0(LockTest.java:38)
	at java.base/java.lang.Thread.run(Thread.java:1623)
Exception in thread "Thread-183" java.lang.UnsupportedOperationException: Unimplemented method 'lock'
	at kas.concurrente.ALock.lock(ALock.java:14)
	at kas.concurrente.Counter.getAndIncrement(LockTest.java:106)
	at kas.concurrente.LockTest.incrementaContador(LockTest.java:22)
	at kas.concurrente.LockTest.lambda$ejecutaPrueba$0(LockTest.java:38)
	at java.base/java.lang.Thread.run(Thread.java:1623)
Exception in thread "Thread-181" java.lang.UnsupportedOperationException: Unimplemented method 'lock'
	at kas.concurrente.ALock.lock(ALock.java:14)
	at kas.concurrente.Counter.getAndIncrement(LockTest.java:106)
	at kas.concurrente.LockTest.incrementaContador(LockTest.java:22)
	at kas.concurrente.LockTest.lambda$ejecutaPrueba$0(LockTest.java:38)
	at java.base/java.lang.Thread.run(Thread.java:1623)
java.lang.UnsupportedOperationException: Unimplemented method 'lock'
	at kas.concurrente.ALock.lock(ALock.java:14)
	at kas.concurrente.Counter.getAndIncrement(LockTest.java:106)
	at kas.concurrente.LockTest.incrementaContador(LockTest.java:22)
	at kas.concurrente.LockTest.lambda$ejecutaPrueba$0(LockTest.java:38)
	at java.base/java.lang.Thread.run(Thread.java:1623)
Exception in thread "Thread-185" java.lang.UnsupportedOperationException: Unimplemented method 'lock'
	at kas.concurrente.ALock.lock(ALock.java:14)
	at kas.concurrente.Counter.getAndIncrement(LockTest.java:106)
	at kas.concurrente.LockTest.incrementaContador(LockTest.java:22)
	at kas.concurrente.LockTest.lambda$ejecutaPrueba$0(LockTest.java:38)
	at java.base/java.lang.Thread.run(Thread.java:1623)
Exception in thread "Thread-184" Exception in thread "Thread-187" java.lang.UnsupportedOperationException: Unimplemented method 'lock'
	at kas.concurrente.ALock.lock(ALock.java:14)
	at kas.concurrente.Counter.getAndIncrement(LockTest.java:106)
	at kas.concurrente.LockTest.incrementaContador(LockTest.java:22)
	at kas.concurrente.LockTest.lambda$ejecutaPrueba$0(LockTest.java:38)
	at java.base/java.lang.Thread.run(Thread.java:1623)
Exception in thread "Thread-186" java.lang.UnsupportedOperationException: Unimplemented method 'lock'
	at kas.concurrente.ALock.lock(ALock.java:14)
	at kas.concurrente.Counter.getAndIncrement(LockTest.java:106)
	at kas.concurrente.LockTest.incrementaContador(LockTest.java:22)
	at kas.concurrente.LockTest.lambda$ejecutaPrueba$0(LockTest.java:38)
	at java.base/java.lang.Thread.run(Thread.java:1623)
Exception in thread "Thread-188" java.lang.UnsupportedOperationException: Unimplemented method 'lock'
	at kas.concurrente.ALock.lock(ALock.java:14)
	at kas.concurrente.Counter.getAndIncrement(LockTest.java:106)
	at kas.concurrente.LockTest.incrementaContador(LockTest.java:22)
	at kas.concurrente.LockTest.lambda$ejecutaPrueba$0(LockTest.java:38)
	at java.base/java.lang.Thread.run(Thread.java:1623)
java.lang.UnsupportedOperationException: Unimplemented method 'lock'
	at kas.concurrente.ALock.lock(ALock.java:14)
	at kas.concurrente.Counter.getAndIncrement(LockTest.java:106)
	at kas.concurrente.LockTest.incrementaContador(LockTest.java:22)
	at kas.concurrente.LockTest.lambda$ejecutaPrueba$0(LockTest.java:38)
	at java.base/java.lang.Thread.run(Thread.java:1623)
Exception in thread "Thread-189" java.lang.UnsupportedOperationException: Unimplemented method 'lock'
	at kas.concurrente.ALock.lock(ALock.java:14)
	at kas.concurrente.Counter.getAndIncrement(LockTest.java:106)
	at kas.concurrente.LockTest.incrementaContador(LockTest.java:22)
	at kas.concurrente.LockTest.lambda$ejecutaPrueba$0(LockTest.java:38)
	at java.base/java.lang.Thread.run(Thread.java:1623)
Exception in thread "Thread-190" java.lang.UnsupportedOperationException: Unimplemented method 'lock'
	at kas.concurrente.ALock.lock(ALock.java:14)
	at kas.concurrente.Counter.getAndIncrement(LockTest.java:106)
	at kas.concurrente.LockTest.incrementaContador(LockTest.java:22)
	at kas.concurrente.LockTest.lambda$ejecutaPrueba$0(LockTest.java:38)
	at java.base/java.lang.Thread.run(Thread.java:1623)
Exception in thread "Thread-191" java.lang.UnsupportedOperationException: Unimplemented method 'lock'
	at kas.concurrente.ALock.lock(ALock.java:14)
	at kas.concurrente.Counter.getAndIncrement(LockTest.java:106)
	at kas.concurrente.LockTest.incrementaContador(LockTest.java:22)
	at kas.concurrente.LockTest.lambda$ejecutaPrueba$0(LockTest.java:38)
	at java.base/java.lang.Thread.run(Thread.java:1623)
Exception in thread "Thread-192" java.lang.UnsupportedOperationException: Unimplemented method 'lock'
	at kas.concurrente.ALock.lock(ALock.java:14)
	at kas.concurrente.Counter.getAndIncrement(LockTest.java:106)
	at kas.concurrente.LockTest.incrementaContador(LockTest.java:22)
	at kas.concurrente.LockTest.lambda$ejecutaPrueba$0(LockTest.java:38)
	at java.base/java.lang.Thread.run(Thread.java:1623)
Exception in thread "Thread-193" java.lang.UnsupportedOperationException: Unimplemented method 'lock'
	at kas.concurrente.ALock.lock(ALock.java:14)
	at kas.concurrente.Counter.getAndIncrement(LockTest.java:106)
	at kas.concurrente.LockTest.incrementaContador(LockTest.java:22)
	at kas.concurrente.LockTest.lambda$ejecutaPrueba$0(LockTest.java:38)
	at java.base/java.lang.Thread.run(Thread.java:1623)
Exception in thread "Thread-194" java.lang.UnsupportedOperationException: Unimplemented method 'lock'
	at kas.concurrente.ALock.lock(ALock.java:14)
	at kas.concurrente.Counter.getAndIncrement(LockTest.java:106)
	at kas.concurrente.LockTest.incrementaContador(LockTest.java:22)
	at kas.concurrente.LockTest.lambda$ejecutaPrueba$0(LockTest.java:38)
	at java.base/java.lang.Thread.run(Thread.java:1623)
Exception in thread "Thread-197" java.lang.UnsupportedOperationException: Unimplemented method 'lock'
	at kas.concurrente.ALock.lock(ALock.java:14)
	at kas.concurrente.Counter.getAndIncrement(LockTest.java:106)
	at kas.concurrente.LockTest.incrementaContador(LockTest.java:22)
	at kas.concurrente.LockTest.lambda$ejecutaPrueba$0(LockTest.java:38)
	at java.base/java.lang.Thread.run(Thread.java:1623)
Exception in thread "Thread-195" java.lang.UnsupportedOperationException: Unimplemented method 'lock'
	at kas.concurrente.ALock.lock(ALock.java:14)
	at kas.concurrente.Counter.getAndIncrement(LockTest.java:106)
	at kas.concurrente.LockTest.incrementaContador(LockTest.java:22)
	at kas.concurrente.LockTest.lambda$ejecutaPrueba$0(LockTest.java:38)
	at java.base/java.lang.Thread.run(Thread.java:1623)
Exception in thread "Thread-196" java.lang.UnsupportedOperationException: Unimplemented method 'lock'
	at kas.concurrente.ALock.lock(ALock.java:14)
	at kas.concurrente.Counter.getAndIncrement(LockTest.java:106)
	at kas.concurrente.LockTest.incrementaContador(LockTest.java:22)
	at kas.concurrente.LockTest.lambda$ejecutaPrueba$0(LockTest.java:38)
	at java.base/java.lang.Thread.run(Thread.java:1623)
Exception in thread "Thread-198" java.lang.UnsupportedOperationException: Unimplemented method 'lock'
	at kas.concurrente.ALock.lock(ALock.java:14)
	at kas.concurrente.Counter.getAndIncrement(LockTest.java:106)
	at kas.concurrente.LockTest.incrementaContador(LockTest.java:22)
	at kas.concurrente.LockTest.lambda$ejecutaPrueba$0(LockTest.java:38)
	at java.base/java.lang.Thread.run(Thread.java:1623)
Exception in thread "Thread-199" java.lang.UnsupportedOperationException: Unimplemented method 'lock'
	at kas.concurrente.ALock.lock(ALock.java:14)
	at kas.concurrente.Counter.getAndIncrement(LockTest.java:106)
	at kas.concurrente.LockTest.incrementaContador(LockTest.java:22)
	at kas.concurrente.LockTest.lambda$ejecutaPrueba$0(LockTest.java:38)
	at java.base/java.lang.Thread.run(Thread.java:1623)
Exception in thread "Thread-200" java.lang.UnsupportedOperationException: Unimplemented method 'lock'
	at kas.concurrente.ALock.lock(ALock.java:14)
	at kas.concurrente.Counter.getAndIncrement(LockTest.java:106)
	at kas.concurrente.LockTest.incrementaContador(LockTest.java:22)
	at kas.concurrente.LockTest.lambda$ejecutaPrueba$0(LockTest.java:38)
	at java.base/java.lang.Thread.run(Thread.java:1623)
Exception in thread "Thread-202" java.lang.UnsupportedOperationException: Unimplemented method 'lock'
	at kas.concurrente.ALock.lock(ALock.java:14)
	at kas.concurrente.Counter.getAndIncrement(LockTest.java:106)
	at kas.concurrente.LockTest.incrementaContador(LockTest.java:22)
	at kas.concurrente.LockTest.lambda$ejecutaPrueba$0(LockTest.java:38)
	at java.base/java.lang.Thread.run(Thread.java:1623)
Exception in thread "Thread-203" java.lang.UnsupportedOperationException: Unimplemented method 'lock'
	at kas.concurrente.ALock.lock(ALock.java:14)
	at kas.concurrente.Counter.getAndIncrement(LockTest.java:106)
	at kas.concurrente.LockTest.incrementaContador(LockTest.java:22)
	at kas.concurrente.LockTest.lambda$ejecutaPrueba$0(LockTest.java:38)
	at java.base/java.lang.Thread.run(Thread.java:1623)
Exception in thread "Thread-201" java.lang.UnsupportedOperationException: Unimplemented method 'lock'
	at kas.concurrente.ALock.lock(ALock.java:14)
	at kas.concurrente.Counter.getAndIncrement(LockTest.java:106)
	at kas.concurrente.LockTest.incrementaContador(LockTest.java:22)
	at kas.concurrente.LockTest.lambda$ejecutaPrueba$0(LockTest.java:38)
	at java.base/java.lang.Thread.run(Thread.java:1623)
]]></system-err>
  </testcase>
  <testcase name="clhLock" classname="kas.concurrente.LockTest" time="0.005">
    <failure message="expected: &lt;1000000&gt; but was: &lt;0&gt;" type="org.opentest4j.AssertionFailedError"><![CDATA[org.opentest4j.AssertionFailedError: expected: <1000000> but was: <0>
	at kas.concurrente.LockTest.ejecutaPrueba(LockTest.java:49)
	at kas.concurrente.LockTest.clhLock(LockTest.java:73)
]]></failure>
    <system-err><![CDATA[Exception in thread "Thread-204" java.lang.UnsupportedOperationException: Unimplemented method 'lock'
	at kas.concurrente.CLHLock.lock(CLHLock.java:8)
	at kas.concurrente.Counter.getAndIncrement(LockTest.java:106)
	at kas.concurrente.LockTest.incrementaContador(LockTest.java:22)
	at kas.concurrente.LockTest.lambda$ejecutaPrueba$0(LockTest.java:38)
	at java.base/java.lang.Thread.run(Thread.java:1623)
Exception in thread "Thread-206" java.lang.UnsupportedOperationException: Unimplemented method 'lock'
	at kas.concurrente.CLHLock.lock(CLHLock.java:8)
	at kas.concurrente.Counter.getAndIncrement(LockTest.java:106)
	at kas.concurrente.LockTest.incrementaContador(LockTest.java:22)
	at kas.concurrente.LockTest.lambda$ejecutaPrueba$0(LockTest.java:38)
	at java.base/java.lang.Thread.run(Thread.java:1623)
Exception in thread "Thread-205" java.lang.UnsupportedOperationException: Unimplemented method 'lock'
	at kas.concurrente.CLHLock.lock(CLHLock.java:8)
	at kas.concurrente.Counter.getAndIncrement(LockTest.java:106)
	at kas.concurrente.LockTest.incrementaContador(LockTest.java:22)
	at kas.concurrente.LockTest.lambda$ejecutaPrueba$0(LockTest.java:38)
	at java.base/java.lang.Thread.run(Thread.java:1623)
Exception in thread "Thread-207" java.lang.UnsupportedOperationException: Unimplemented method 'lock'
	at kas.concurrente.CLHLock.lock(CLHLock.java:8)
	at kas.concurrente.Counter.getAndIncrement(LockTest.java:106)
	at kas.concurrente.LockTest.incrementaContador(LockTest.java:22)
	at kas.concurrente.LockTest.lambda$ejecutaPrueba$0(LockTest.java:38)
	at java.base/java.lang.Thread.run(Thread.java:1623)
Exception in thread "Thread-208" java.lang.UnsupportedOperationException: Unimplemented method 'lock'
	at kas.concurrente.CLHLock.lock(CLHLock.java:8)
	at kas.concurrente.Counter.getAndIncrement(LockTest.java:106)
	at kas.concurrente.LockTest.incrementaContador(LockTest.java:22)
	at kas.concurrente.LockTest.lambda$ejecutaPrueba$0(LockTest.java:38)
	at java.base/java.lang.Thread.run(Thread.java:1623)
Exception in thread "Thread-209" java.lang.UnsupportedOperationException: Unimplemented method 'lock'
	at kas.concurrente.CLHLock.lock(CLHLock.java:8)
	at kas.concurrente.Counter.getAndIncrement(LockTest.java:106)
	at kas.concurrente.LockTest.incrementaContador(LockTest.java:22)
	at kas.concurrente.LockTest.lambda$ejecutaPrueba$0(LockTest.java:38)
	at java.base/java.lang.Thread.run(Thread.java:1623)
Exception in thread "Thread-210" java.lang.UnsupportedOperationException: Unimplemented method 'lock'
	at kas.concurrente.CLHLock.lock(CLHLock.java:8)
	at kas.concurrente.Counter.getAndIncrement(LockTest.java:106)
	at kas.concurrente.LockTest.incrementaContador(LockTest.java:22)
	at kas.concurrente.LockTest.lambda$ejecutaPrueba$0(LockTest.java:38)
	at java.base/java.lang.Thread.run(Thread.java:1623)
Exception in thread "Thread-212" java.lang.UnsupportedOperationException: Unimplemented method 'lock'
	at kas.concurrente.CLHLock.lock(CLHLock.java:8)
	at kas.concurrente.Counter.getAndIncrement(LockTest.java:106)
	at kas.concurrente.LockTest.incrementaContador(LockTest.java:22)
	at kas.concurrente.LockTest.lambda$ejecutaPrueba$0(LockTest.java:38)
	at java.base/java.lang.Thread.run(Thread.java:1623)
Exception in thread "Thread-211" java.lang.UnsupportedOperationException: Unimplemented method 'lock'
	at kas.concurrente.CLHLock.lock(CLHLock.java:8)
	at kas.concurrente.Counter.getAndIncrement(LockTest.java:106)
	at kas.concurrente.LockTest.incrementaContador(LockTest.java:22)
	at kas.concurrente.LockTest.lambda$ejecutaPrueba$0(LockTest.java:38)
	at java.base/java.lang.Thread.run(Thread.java:1623)
Exception in thread "Thread-213" java.lang.UnsupportedOperationException: Unimplemented method 'lock'
	at kas.concurrente.CLHLock.lock(CLHLock.java:8)
	at kas.concurrente.Counter.getAndIncrement(LockTest.java:106)
	at kas.concurrente.LockTest.incrementaContador(LockTest.java:22)
	at kas.concurrente.LockTest.lambda$ejecutaPrueba$0(LockTest.java:38)
	at java.base/java.lang.Thread.run(Thread.java:1623)
Exception in thread "Thread-214" java.lang.UnsupportedOperationException: Unimplemented method 'lock'
	at kas.concurrente.CLHLock.lock(CLHLock.java:8)
	at kas.concurrente.Counter.getAndIncrement(LockTest.java:106)
	at kas.concurrente.LockTest.incrementaContador(LockTest.java:22)
	at kas.concurrente.LockTest.lambda$ejecutaPrueba$0(LockTest.java:38)
	at java.base/java.lang.Thread.run(Thread.java:1623)
Exception in thread "Thread-215" java.lang.UnsupportedOperationException: Unimplemented method 'lock'
	at kas.concurrente.CLHLock.lock(CLHLock.java:8)
	at kas.concurrente.Counter.getAndIncrement(LockTest.java:106)
	at kas.concurrente.LockTest.incrementaContador(LockTest.java:22)
	at kas.concurrente.LockTest.lambda$ejecutaPrueba$0(LockTest.java:38)
	at java.base/java.lang.Thread.run(Thread.java:1623)
Exception in thread "Thread-216" java.lang.UnsupportedOperationException: Unimplemented method 'lock'
	at kas.concurrente.CLHLock.lock(CLHLock.java:8)
	at kas.concurrente.Counter.getAndIncrement(LockTest.java:106)
	at kas.concurrente.LockTest.incrementaContador(LockTest.java:22)
	at kas.concurrente.LockTest.lambda$ejecutaPrueba$0(LockTest.java:38)
	at java.base/java.lang.Thread.run(Thread.java:1623)
Exception in thread "Thread-217" java.lang.UnsupportedOperationException: Unimplemented method 'lock'
	at kas.concurrente.CLHLock.lock(CLHLock.java:8)
	at kas.concurrente.Counter.getAndIncrement(LockTest.java:106)
	at kas.concurrente.LockTest.incrementaContador(LockTest.java:22)
	at kas.concurrente.LockTest.lambda$ejecutaPrueba$0(LockTest.java:38)
	at java.base/java.lang.Thread.run(Thread.java:1623)
Exception in thread "Thread-218" java.lang.UnsupportedOperationException: Unimplemented method 'lock'
	at kas.concurrente.CLHLock.lock(CLHLock.java:8)
	at kas.concurrente.Counter.getAndIncrement(LockTest.java:106)
	at kas.concurrente.LockTest.incrementaContador(LockTest.java:22)
	at kas.concurrente.LockTest.lambda$ejecutaPrueba$0(LockTest.java:38)
	at java.base/java.lang.Thread.run(Thread.java:1623)
Exception in thread "Thread-219" java.lang.UnsupportedOperationException: Unimplemented method 'lock'
	at kas.concurrente.CLHLock.lock(CLHLock.java:8)
	at kas.concurrente.Counter.getAndIncrement(LockTest.java:106)
	at kas.concurrente.LockTest.incrementaContador(LockTest.java:22)
	at kas.concurrente.LockTest.lambda$ejecutaPrueba$0(LockTest.java:38)
	at java.base/java.lang.Thread.run(Thread.java:1623)
Exception in thread "Thread-220" java.lang.UnsupportedOperationException: Unimplemented method 'lock'
	at kas.concurrente.CLHLock.lock(CLHLock.java:8)
	at kas.concurrente.Counter.getAndIncrement(LockTest.java:106)
	at kas.concurrente.LockTest.incrementaContador(LockTest.java:22)
	at kas.concurrente.LockTest.lambda$ejecutaPrueba$0(LockTest.java:38)
	at java.base/java.lang.Thread.run(Thread.java:1623)
Exception in thread "Thread-221" java.lang.UnsupportedOperationException: Unimplemented method 'lock'
	at kas.concurrente.CLHLock.lock(CLHLock.java:8)
	at kas.concurrente.Counter.getAndIncrement(LockTest.java:106)
	at kas.concurrente.LockTest.incrementaContador(LockTest.java:22)
	at kas.concurrente.LockTest.lambda$ejecutaPrueba$0(LockTest.java:38)
	at java.base/java.lang.Thread.run(Thread.java:1623)
Exception in thread "Thread-222" java.lang.UnsupportedOperationException: Unimplemented method 'lock'
	at kas.concurrente.CLHLock.lock(CLHLock.java:8)
	at kas.concurrente.Counter.getAndIncrement(LockTest.java:106)
	at kas.concurrente.LockTest.incrementaContador(LockTest.java:22)
	at kas.concurrente.LockTest.lambda$ejecutaPrueba$0(LockTest.java:38)
	at java.base/java.lang.Thread.run(Thread.java:1623)
Exception in thread "Thread-223" java.lang.UnsupportedOperationException: Unimplemented method 'lock'
	at kas.concurrente.CLHLock.lock(CLHLock.java:8)
	at kas.concurrente.Counter.getAndIncrement(LockTest.java:106)
	at kas.concurrente.LockTest.incrementaContador(LockTest.java:22)
	at kas.concurrente.LockTest.lambda$ejecutaPrueba$0(LockTest.java:38)
	at java.base/java.lang.Thread.run(Thread.java:1623)
Exception in thread "Thread-224" java.lang.UnsupportedOperationException: Unimplemented method 'lock'
	at kas.concurrente.CLHLock.lock(CLHLock.java:8)
	at kas.concurrente.Counter.getAndIncrement(LockTest.java:106)
	at kas.concurrente.LockTest.incrementaContador(LockTest.java:22)
	at kas.concurrente.LockTest.lambda$ejecutaPrueba$0(LockTest.java:38)
	at java.base/java.lang.Thread.run(Thread.java:1623)
Exception in thread "Thread-226" java.lang.UnsupportedOperationException: Unimplemented method 'lock'
	at kas.concurrente.CLHLock.lock(CLHLock.java:8)
	at kas.concurrente.Counter.getAndIncrement(LockTest.java:106)
	at kas.concurrente.LockTest.incrementaContador(LockTest.java:22)
	at kas.concurrente.LockTest.lambda$ejecutaPrueba$0(LockTest.java:38)
	at java.base/java.lang.Thread.run(Thread.java:1623)
Exception in thread "Thread-227" java.lang.UnsupportedOperationException: Unimplemented method 'lock'
	at kas.concurrente.CLHLock.lock(CLHLock.java:8)
	at kas.concurrente.Counter.getAndIncrement(LockTest.java:106)
	at kas.concurrente.LockTest.incrementaContador(LockTest.java:22)
	at kas.concurrente.LockTest.lambda$ejecutaPrueba$0(LockTest.java:38)
	at java.base/java.lang.Thread.run(Thread.java:1623)
Exception in thread "Thread-225" java.lang.UnsupportedOperationException: Unimplemented method 'lock'
	at kas.concurrente.CLHLock.lock(CLHLock.java:8)
	at kas.concurrente.Counter.getAndIncrement(LockTest.java:106)
	at kas.concurrente.LockTest.incrementaContador(LockTest.java:22)
	at kas.concurrente.LockTest.lambda$ejecutaPrueba$0(LockTest.java:38)
	at java.base/java.lang.Thread.run(Thread.java:1623)
Exception in thread "Thread-229" java.lang.UnsupportedOperationException: Unimplemented method 'lock'
	at kas.concurrente.CLHLock.lock(CLHLock.java:8)
	at kas.concurrente.Counter.getAndIncrement(LockTest.java:106)
	at kas.concurrente.LockTest.incrementaContador(LockTest.java:22)
	at kas.concurrente.LockTest.lambda$ejecutaPrueba$0(LockTest.java:38)
	at java.base/java.lang.Thread.run(Thread.java:1623)
Exception in thread "Thread-228" java.lang.UnsupportedOperationException: Unimplemented method 'lock'
	at kas.concurrente.CLHLock.lock(CLHLock.java:8)
	at kas.concurrente.Counter.getAndIncrement(LockTest.java:106)
	at kas.concurrente.LockTest.incrementaContador(LockTest.java:22)
	at kas.concurrente.LockTest.lambda$ejecutaPrueba$0(LockTest.java:38)
	at java.base/java.lang.Thread.run(Thread.java:1623)
Exception in thread "Thread-231" java.lang.UnsupportedOperationException: Unimplemented method 'lock'
	at kas.concurrente.CLHLock.lock(CLHLock.java:8)
	at kas.concurrente.Counter.getAndIncrement(LockTest.java:106)
	at kas.concurrente.LockTest.incrementaContador(LockTest.java:22)
	at kas.concurrente.LockTest.lambda$ejecutaPrueba$0(LockTest.java:38)
	at java.base/java.lang.Thread.run(Thread.java:1623)
Exception in thread "Thread-230" java.lang.UnsupportedOperationException: Unimplemented method 'lock'
	at kas.concurrente.CLHLock.lock(CLHLock.java:8)
	at kas.concurrente.Counter.getAndIncrement(LockTest.java:106)
	at kas.concurrente.LockTest.incrementaContador(LockTest.java:22)
	at kas.concurrente.LockTest.lambda$ejecutaPrueba$0(LockTest.java:38)
	at java.base/java.lang.Thread.run(Thread.java:1623)
Exception in thread "Thread-233" java.lang.UnsupportedOperationException: Unimplemented method 'lock'
	at kas.concurrente.CLHLock.lock(CLHLock.java:8)
	at kas.concurrente.Counter.getAndIncrement(LockTest.java:106)
	at kas.concurrente.LockTest.incrementaContador(LockTest.java:22)
	at kas.concurrente.LockTest.lambda$ejecutaPrueba$0(LockTest.java:38)
	at java.base/java.lang.Thread.run(Thread.java:1623)
Exception in thread "Thread-235" java.lang.UnsupportedOperationException: Unimplemented method 'lock'
	at kas.concurrente.CLHLock.lock(CLHLock.java:8)
	at kas.concurrente.Counter.getAndIncrement(LockTest.java:106)
	at kas.concurrente.LockTest.incrementaContador(LockTest.java:22)
	at kas.concurrente.LockTest.lambda$ejecutaPrueba$0(LockTest.java:38)
	at java.base/java.lang.Thread.run(Thread.java:1623)
Exception in thread "Thread-232" java.lang.UnsupportedOperationException: Unimplemented method 'lock'
	at kas.concurrente.CLHLock.lock(CLHLock.java:8)
	at kas.concurrente.Counter.getAndIncrement(LockTest.java:106)
	at kas.concurrente.LockTest.incrementaContador(LockTest.java:22)
	at kas.concurrente.LockTest.lambda$ejecutaPrueba$0(LockTest.java:38)
	at java.base/java.lang.Thread.run(Thread.java:1623)
Exception in thread "Thread-234" java.lang.UnsupportedOperationException: Unimplemented method 'lock'
	at kas.concurrente.CLHLock.lock(CLHLock.java:8)
	at kas.concurrente.Counter.getAndIncrement(LockTest.java:106)
	at kas.concurrente.LockTest.incrementaContador(LockTest.java:22)
	at kas.concurrente.LockTest.lambda$ejecutaPrueba$0(LockTest.java:38)
	at java.base/java.lang.Thread.run(Thread.java:1623)
Exception in thread "Thread-237" Exception in thread "Thread-239" java.lang.UnsupportedOperationException: Unimplemented method 'lock'
	at kas.concurrente.CLHLock.lock(CLHLock.java:8)
	at kas.concurrente.Counter.getAndIncrement(LockTest.java:106)
	at kas.concurrente.LockTest.incrementaContador(LockTest.java:22)
	at kas.concurrente.LockTest.lambda$ejecutaPrueba$0(LockTest.java:38)
	at java.base/java.lang.Thread.run(Thread.java:1623)
Exception in thread "Thread-240" java.lang.UnsupportedOperationException: Unimplemented method 'lock'
	at kas.concurrente.CLHLock.lock(CLHLock.java:8)
	at kas.concurrente.Counter.getAndIncrement(LockTest.java:106)
	at kas.concurrente.LockTest.incrementaContador(LockTest.java:22)
	at kas.concurrente.LockTest.lambda$ejecutaPrueba$0(LockTest.java:38)
	at java.base/java.lang.Thread.run(Thread.java:1623)
Exception in thread "Thread-238" java.lang.UnsupportedOperationException: Unimplemented method 'lock'
	at kas.concurrente.CLHLock.lock(CLHLock.java:8)
	at kas.concurrente.Counter.getAndIncrement(LockTest.java:106)
	at kas.concurrente.LockTest.incrementaContador(LockTest.java:22)
	at kas.concurrente.LockTest.lambda$ejecutaPrueba$0(LockTest.java:38)
	at java.base/java.lang.Thread.run(Thread.java:1623)
Exception in thread "Thread-236" java.lang.UnsupportedOperationException: Unimplemented method 'lock'
	at kas.concurrente.CLHLock.lock(CLHLock.java:8)
	at kas.concurrente.Counter.getAndIncrement(LockTest.java:106)
	at kas.concurrente.LockTest.incrementaContador(LockTest.java:22)
	at kas.concurrente.LockTest.lambda$ejecutaPrueba$0(LockTest.java:38)
	at java.base/java.lang.Thread.run(Thread.java:1623)
java.lang.UnsupportedOperationException: Unimplemented method 'lock'
	at kas.concurrente.CLHLock.lock(CLHLock.java:8)
	at kas.concurrente.Counter.getAndIncrement(LockTest.java:106)
	at kas.concurrente.LockTest.incrementaContador(LockTest.java:22)
	at kas.concurrente.LockTest.lambda$ejecutaPrueba$0(LockTest.java:38)
	at java.base/java.lang.Thread.run(Thread.java:1623)
Exception in thread "Thread-247" java.lang.UnsupportedOperationException: Unimplemented method 'lock'
	at kas.concurrente.CLHLock.lock(CLHLock.java:8)
	at kas.concurrente.Counter.getAndIncrement(LockTest.java:106)
	at kas.concurrente.LockTest.incrementaContador(LockTest.java:22)
	at kas.concurrente.LockTest.lambda$ejecutaPrueba$0(LockTest.java:38)
	at java.base/java.lang.Thread.run(Thread.java:1623)
Exception in thread "Thread-246" java.lang.UnsupportedOperationException: Unimplemented method 'lock'
	at kas.concurrente.CLHLock.lock(CLHLock.java:8)
	at kas.concurrente.Counter.getAndIncrement(LockTest.java:106)
	at kas.concurrente.LockTest.incrementaContador(LockTest.java:22)
	at kas.concurrente.LockTest.lambda$ejecutaPrueba$0(LockTest.java:38)
	at java.base/java.lang.Thread.run(Thread.java:1623)
Exception in thread "Thread-245" java.lang.UnsupportedOperationException: Unimplemented method 'lock'
	at kas.concurrente.CLHLock.lock(CLHLock.java:8)
	at kas.concurrente.Counter.getAndIncrement(LockTest.java:106)
	at kas.concurrente.LockTest.incrementaContador(LockTest.java:22)
	at kas.concurrente.LockTest.lambda$ejecutaPrueba$0(LockTest.java:38)
	at java.base/java.lang.Thread.run(Thread.java:1623)
Exception in thread "Thread-248" Exception in thread "Thread-244" java.lang.UnsupportedOperationException: Unimplemented method 'lock'
	at kas.concurrente.CLHLock.lock(CLHLock.java:8)
	at kas.concurrente.Counter.getAndIncrement(LockTest.java:106)
	at kas.concurrente.LockTest.incrementaContador(LockTest.java:22)
	at kas.concurrente.LockTest.lambda$ejecutaPrueba$0(LockTest.java:38)
	at java.base/java.lang.Thread.run(Thread.java:1623)
Exception in thread "Thread-243" java.lang.UnsupportedOperationException: Unimplemented method 'lock'
	at kas.concurrente.CLHLock.lock(CLHLock.java:8)
	at kas.concurrente.Counter.getAndIncrement(LockTest.java:106)
	at kas.concurrente.LockTest.incrementaContador(LockTest.java:22)
	at kas.concurrente.LockTest.lambda$ejecutaPrueba$0(LockTest.java:38)
	at java.base/java.lang.Thread.run(Thread.java:1623)
Exception in thread "Thread-241" java.lang.UnsupportedOperationException: Unimplemented method 'lock'
	at kas.concurrente.CLHLock.lock(CLHLock.java:8)
	at kas.concurrente.Counter.getAndIncrement(LockTest.java:106)
	at kas.concurrente.LockTest.incrementaContador(LockTest.java:22)
	at kas.concurrente.LockTest.lambda$ejecutaPrueba$0(LockTest.java:38)
	at java.base/java.lang.Thread.run(Thread.java:1623)
Exception in thread "Thread-242" java.lang.UnsupportedOperationException: Unimplemented method 'lock'
	at kas.concurrente.CLHLock.lock(CLHLock.java:8)
	at kas.concurrente.Counter.getAndIncrement(LockTest.java:106)
	at kas.concurrente.LockTest.incrementaContador(LockTest.java:22)
	at kas.concurrente.LockTest.lambda$ejecutaPrueba$0(LockTest.java:38)
	at java.base/java.lang.Thread.run(Thread.java:1623)
Exception in thread "Thread-252" Exception in thread "Thread-254" java.lang.UnsupportedOperationException: Unimplemented method 'lock'
	at kas.concurrente.CLHLock.lock(CLHLock.java:8)
	at kas.concurrente.Counter.getAndIncrement(LockTest.java:106)
	at kas.concurrente.LockTest.incrementaContador(LockTest.java:22)
	at kas.concurrente.LockTest.lambda$ejecutaPrueba$0(LockTest.java:38)
	at java.base/java.lang.Thread.run(Thread.java:1623)
Exception in thread "Thread-251" java.lang.UnsupportedOperationException: Unimplemented method 'lock'
	at kas.concurrente.CLHLock.lock(CLHLock.java:8)
	at kas.concurrente.Counter.getAndIncrement(LockTest.java:106)
	at kas.concurrente.LockTest.incrementaContador(LockTest.java:22)
	at kas.concurrente.LockTest.lambda$ejecutaPrueba$0(LockTest.java:38)
	at java.base/java.lang.Thread.run(Thread.java:1623)
java.lang.UnsupportedOperationException: Unimplemented method 'lock'
	at kas.concurrente.CLHLock.lock(CLHLock.java:8)
	at kas.concurrente.Counter.getAndIncrement(LockTest.java:106)
	at kas.concurrente.LockTest.incrementaContador(LockTest.java:22)
	at kas.concurrente.LockTest.lambda$ejecutaPrueba$0(LockTest.java:38)
	at java.base/java.lang.Thread.run(Thread.java:1623)
Exception in thread "Thread-250" java.lang.UnsupportedOperationException: Unimplemented method 'lock'
	at kas.concurrente.CLHLock.lock(CLHLock.java:8)
	at kas.concurrente.Counter.getAndIncrement(LockTest.java:106)
	at kas.concurrente.LockTest.incrementaContador(LockTest.java:22)
	at kas.concurrente.LockTest.lambda$ejecutaPrueba$0(LockTest.java:38)
	at java.base/java.lang.Thread.run(Thread.java:1623)
Exception in thread "Thread-249" java.lang.UnsupportedOperationException: Unimplemented method 'lock'
	at kas.concurrente.CLHLock.lock(CLHLock.java:8)
	at kas.concurrente.Counter.getAndIncrement(LockTest.java:106)
	at kas.concurrente.LockTest.incrementaContador(LockTest.java:22)
	at kas.concurrente.LockTest.lambda$ejecutaPrueba$0(LockTest.java:38)
	at java.base/java.lang.Thread.run(Thread.java:1623)
java.lang.UnsupportedOperationException: Unimplemented method 'lock'
	at kas.concurrente.CLHLock.lock(CLHLock.java:8)
	at kas.concurrente.Counter.getAndIncrement(LockTest.java:106)
	at kas.concurrente.LockTest.incrementaContador(LockTest.java:22)
	at kas.concurrente.LockTest.lambda$ejecutaPrueba$0(LockTest.java:38)
	at java.base/java.lang.Thread.run(Thread.java:1623)
Exception in thread "Thread-253" java.lang.UnsupportedOperationException: Unimplemented method 'lock'
	at kas.concurrente.CLHLock.lock(CLHLock.java:8)
	at kas.concurrente.Counter.getAndIncrement(LockTest.java:106)
	at kas.concurrente.LockTest.incrementaContador(LockTest.java:22)
	at kas.concurrente.LockTest.lambda$ejecutaPrueba$0(LockTest.java:38)
	at java.base/java.lang.Thread.run(Thread.java:1623)
]]></system-err>
  </testcase>
  <testcase name="mcsLock" classname="kas.concurrente.LockTest" time="0.004">
    <failure message="expected: &lt;1000000&gt; but was: &lt;0&gt;" type="org.opentest4j.AssertionFailedError"><![CDATA[org.opentest4j.AssertionFailedError: expected: <1000000> but was: <0>
	at kas.concurrente.LockTest.ejecutaPrueba(LockTest.java:49)
	at kas.concurrente.LockTest.mcsLock(LockTest.java:78)
]]></failure>
    <system-err><![CDATA[Exception in thread "Thread-256" java.lang.UnsupportedOperationException: Unimplemented method 'lock'
	at kas.concurrente.MCSLock.lock(MCSLock.java:8)
	at kas.concurrente.Counter.getAndIncrement(LockTest.java:106)
	at kas.concurrente.LockTest.incrementaContador(LockTest.java:22)
	at kas.concurrente.LockTest.lambda$ejecutaPrueba$0(LockTest.java:38)
	at java.base/java.lang.Thread.run(Thread.java:1623)
Exception in thread "Thread-257" java.lang.UnsupportedOperationException: Unimplemented method 'lock'
	at kas.concurrente.MCSLock.lock(MCSLock.java:8)
	at kas.concurrente.Counter.getAndIncrement(LockTest.java:106)
	at kas.concurrente.LockTest.incrementaContador(LockTest.java:22)
	at kas.concurrente.LockTest.lambda$ejecutaPrueba$0(LockTest.java:38)
	at java.base/java.lang.Thread.run(Thread.java:1623)
Exception in thread "Thread-255" java.lang.UnsupportedOperationException: Unimplemented method 'lock'
	at kas.concurrente.MCSLock.lock(MCSLock.java:8)
	at kas.concurrente.Counter.getAndIncrement(LockTest.java:106)
	at kas.concurrente.LockTest.incrementaContador(LockTest.java:22)
	at kas.concurrente.LockTest.lambda$ejecutaPrueba$0(LockTest.java:38)
	at java.base/java.lang.Thread.run(Thread.java:1623)
Exception in thread "Thread-258" java.lang.UnsupportedOperationException: Unimplemented method 'lock'
	at kas.concurrente.MCSLock.lock(MCSLock.java:8)
	at kas.concurrente.Counter.getAndIncrement(LockTest.java:106)
	at kas.concurrente.LockTest.incrementaContador(LockTest.java:22)
	at kas.concurrente.LockTest.lambda$ejecutaPrueba$0(LockTest.java:38)
	at java.base/java.lang.Thread.run(Thread.java:1623)
Exception in thread "Thread-259" java.lang.UnsupportedOperationException: Unimplemented method 'lock'
	at kas.concurrente.MCSLock.lock(MCSLock.java:8)
	at kas.concurrente.Counter.getAndIncrement(LockTest.java:106)
	at kas.concurrente.LockTest.incrementaContador(LockTest.java:22)
	at kas.concurrente.LockTest.lambda$ejecutaPrueba$0(LockTest.java:38)
	at java.base/java.lang.Thread.run(Thread.java:1623)
Exception in thread "Thread-260" java.lang.UnsupportedOperationException: Unimplemented method 'lock'
	at kas.concurrente.MCSLock.lock(MCSLock.java:8)
	at kas.concurrente.Counter.getAndIncrement(LockTest.java:106)
	at kas.concurrente.LockTest.incrementaContador(LockTest.java:22)
	at kas.concurrente.LockTest.lambda$ejecutaPrueba$0(LockTest.java:38)
	at java.base/java.lang.Thread.run(Thread.java:1623)
Exception in thread "Thread-261" java.lang.UnsupportedOperationException: Unimplemented method 'lock'
	at kas.concurrente.MCSLock.lock(MCSLock.java:8)
	at kas.concurrente.Counter.getAndIncrement(LockTest.java:106)
	at kas.concurrente.LockTest.incrementaContador(LockTest.java:22)
	at kas.concurrente.LockTest.lambda$ejecutaPrueba$0(LockTest.java:38)
	at java.base/java.lang.Thread.run(Thread.java:1623)
Exception in thread "Thread-262" java.lang.UnsupportedOperationException: Unimplemented method 'lock'
	at kas.concurrente.MCSLock.lock(MCSLock.java:8)
	at kas.concurrente.Counter.getAndIncrement(LockTest.java:106)
	at kas.concurrente.LockTest.incrementaContador(LockTest.java:22)
	at kas.concurrente.LockTest.lambda$ejecutaPrueba$0(LockTest.java:38)
	at java.base/java.lang.Thread.run(Thread.java:1623)
Exception in thread "Thread-263" java.lang.UnsupportedOperationException: Unimplemented method 'lock'
	at kas.concurrente.MCSLock.lock(MCSLock.java:8)
	at kas.concurrente.Counter.getAndIncrement(LockTest.java:106)
	at kas.concurrente.LockTest.incrementaContador(LockTest.java:22)
	at kas.concurrente.LockTest.lambda$ejecutaPrueba$0(LockTest.java:38)
	at java.base/java.lang.Thread.run(Thread.java:1623)
Exception in thread "Thread-264" java.lang.UnsupportedOperationException: Unimplemented method 'lock'
	at kas.concurrente.MCSLock.lock(MCSLock.java:8)
	at kas.concurrente.Counter.getAndIncrement(LockTest.java:106)
	at kas.concurrente.LockTest.incrementaContador(LockTest.java:22)
	at kas.concurrente.LockTest.lambda$ejecutaPrueba$0(LockTest.java:38)
	at java.base/java.lang.Thread.run(Thread.java:1623)
Exception in thread "Thread-266" java.lang.UnsupportedOperationException: Unimplemented method 'lock'
	at kas.concurrente.MCSLock.lock(MCSLock.java:8)
	at kas.concurrente.Counter.getAndIncrement(LockTest.java:106)
	at kas.concurrente.LockTest.incrementaContador(LockTest.java:22)
	at kas.concurrente.LockTest.lambda$ejecutaPrueba$0(LockTest.java:38)
	at java.base/java.lang.Thread.run(Thread.java:1623)
Exception in thread "Thread-265" java.lang.UnsupportedOperationException: Unimplemented method 'lock'
	at kas.concurrente.MCSLock.lock(MCSLock.java:8)
	at kas.concurrente.Counter.getAndIncrement(LockTest.java:106)
	at kas.concurrente.LockTest.incrementaContador(LockTest.java:22)
	at kas.concurrente.LockTest.lambda$ejecutaPrueba$0(LockTest.java:38)
	at java.base/java.lang.Thread.run(Thread.java:1623)
Exception in thread "Thread-268" java.lang.UnsupportedOperationException: Unimplemented method 'lock'
	at kas.concurrente.MCSLock.lock(MCSLock.java:8)
	at kas.concurrente.Counter.getAndIncrement(LockTest.java:106)
	at kas.concurrente.LockTest.incrementaContador(LockTest.java:22)
	at kas.concurrente.LockTest.lambda$ejecutaPrueba$0(LockTest.java:38)
	at java.base/java.lang.Thread.run(Thread.java:1623)
Exception in thread "Thread-267" java.lang.UnsupportedOperationException: Unimplemented method 'lock'
	at kas.concurrente.MCSLock.lock(MCSLock.java:8)
	at kas.concurrente.Counter.getAndIncrement(LockTest.java:106)
	at kas.concurrente.LockTest.incrementaContador(LockTest.java:22)
	at kas.concurrente.LockTest.lambda$ejecutaPrueba$0(LockTest.java:38)
	at java.base/java.lang.Thread.run(Thread.java:1623)
Exception in thread "Thread-269" java.lang.UnsupportedOperationException: Unimplemented method 'lock'
	at kas.concurrente.MCSLock.lock(MCSLock.java:8)
	at kas.concurrente.Counter.getAndIncrement(LockTest.java:106)
	at kas.concurrente.LockTest.incrementaContador(LockTest.java:22)
	at kas.concurrente.LockTest.lambda$ejecutaPrueba$0(LockTest.java:38)
	at java.base/java.lang.Thread.run(Thread.java:1623)
Exception in thread "Thread-270" java.lang.UnsupportedOperationException: Unimplemented method 'lock'
	at kas.concurrente.MCSLock.lock(MCSLock.java:8)
	at kas.concurrente.Counter.getAndIncrement(LockTest.java:106)
	at kas.concurrente.LockTest.incrementaContador(LockTest.java:22)
	at kas.concurrente.LockTest.lambda$ejecutaPrueba$0(LockTest.java:38)
	at java.base/java.lang.Thread.run(Thread.java:1623)
Exception in thread "Thread-271" java.lang.UnsupportedOperationException: Unimplemented method 'lock'
	at kas.concurrente.MCSLock.lock(MCSLock.java:8)
	at kas.concurrente.Counter.getAndIncrement(LockTest.java:106)
	at kas.concurrente.LockTest.incrementaContador(LockTest.java:22)
	at kas.concurrente.LockTest.lambda$ejecutaPrueba$0(LockTest.java:38)
	at java.base/java.lang.Thread.run(Thread.java:1623)
Exception in thread "Thread-272" java.lang.UnsupportedOperationException: Unimplemented method 'lock'
	at kas.concurrente.MCSLock.lock(MCSLock.java:8)
	at kas.concurrente.Counter.getAndIncrement(LockTest.java:106)
	at kas.concurrente.LockTest.incrementaContador(LockTest.java:22)
	at kas.concurrente.LockTest.lambda$ejecutaPrueba$0(LockTest.java:38)
	at java.base/java.lang.Thread.run(Thread.java:1623)
Exception in thread "Thread-274" java.lang.UnsupportedOperationException: Unimplemented method 'lock'
	at kas.concurrente.MCSLock.lock(MCSLock.java:8)
	at kas.concurrente.Counter.getAndIncrement(LockTest.java:106)
	at kas.concurrente.LockTest.incrementaContador(LockTest.java:22)
	at kas.concurrente.LockTest.lambda$ejecutaPrueba$0(LockTest.java:38)
	at java.base/java.lang.Thread.run(Thread.java:1623)
Exception in thread "Thread-273" java.lang.UnsupportedOperationException: Unimplemented method 'lock'
	at kas.concurrente.MCSLock.lock(MCSLock.java:8)
	at kas.concurrente.Counter.getAndIncrement(LockTest.java:106)
	at kas.concurrente.LockTest.incrementaContador(LockTest.java:22)
	at kas.concurrente.LockTest.lambda$ejecutaPrueba$0(LockTest.java:38)
	at java.base/java.lang.Thread.run(Thread.java:1623)
Exception in thread "Thread-275" java.lang.UnsupportedOperationException: Unimplemented method 'lock'
	at kas.concurrente.MCSLock.lock(MCSLock.java:8)
	at kas.concurrente.Counter.getAndIncrement(LockTest.java:106)
	at kas.concurrente.LockTest.incrementaContador(LockTest.java:22)
	at kas.concurrente.LockTest.lambda$ejecutaPrueba$0(LockTest.java:38)
	at java.base/java.lang.Thread.run(Thread.java:1623)
Exception in thread "Thread-276" java.lang.UnsupportedOperationException: Unimplemented method 'lock'
	at kas.concurrente.MCSLock.lock(MCSLock.java:8)
	at kas.concurrente.Counter.getAndIncrement(LockTest.java:106)
	at kas.concurrente.LockTest.incrementaContador(LockTest.java:22)
	at kas.concurrente.LockTest.lambda$ejecutaPrueba$0(LockTest.java:38)
	at java.base/java.lang.Thread.run(Thread.java:1623)
Exception in thread "Thread-277" java.lang.UnsupportedOperationException: Unimplemented method 'lock'
	at kas.concurrente.MCSLock.lock(MCSLock.java:8)
	at kas.concurrente.Counter.getAndIncrement(LockTest.java:106)
	at kas.concurrente.LockTest.incrementaContador(LockTest.java:22)
	at kas.concurrente.LockTest.lambda$ejecutaPrueba$0(LockTest.java:38)
	at java.base/java.lang.Thread.run(Thread.java:1623)
Exception in thread "Thread-278" java.lang.UnsupportedOperationException: Unimplemented method 'lock'
	at kas.concurrente.MCSLock.lock(MCSLock.java:8)
	at kas.concurrente.Counter.getAndIncrement(LockTest.java:106)
	at kas.concurrente.LockTest.incrementaContador(LockTest.java:22)
	at kas.concurrente.LockTest.lambda$ejecutaPrueba$0(LockTest.java:38)
	at java.base/java.lang.Thread.run(Thread.java:1623)
Exception in thread "Thread-279" java.lang.UnsupportedOperationException: Unimplemented method 'lock'
	at kas.concurrente.MCSLock.lock(MCSLock.java:8)
	at kas.concurrente.Counter.getAndIncrement(LockTest.java:106)
	at kas.concurrente.LockTest.incrementaContador(LockTest.java:22)
	at kas.concurrente.LockTest.lambda$ejecutaPrueba$0(LockTest.java:38)
	at java.base/java.lang.Thread.run(Thread.java:1623)
Exception in thread "Thread-280" java.lang.UnsupportedOperationException: Unimplemented method 'lock'
	at kas.concurrente.MCSLock.lock(MCSLock.java:8)
	at kas.concurrente.Counter.getAndIncrement(LockTest.java:106)
	at kas.concurrente.LockTest.incrementaContador(LockTest.java:22)
	at kas.concurrente.LockTest.lambda$ejecutaPrueba$0(LockTest.java:38)
	at java.base/java.lang.Thread.run(Thread.java:1623)
Exception in thread "Thread-281" java.lang.UnsupportedOperationException: Unimplemented method 'lock'
	at kas.concurrente.MCSLock.lock(MCSLock.java:8)
	at kas.concurrente.Counter.getAndIncrement(LockTest.java:106)
	at kas.concurrente.LockTest.incrementaContador(LockTest.java:22)
	at kas.concurrente.LockTest.lambda$ejecutaPrueba$0(LockTest.java:38)
	at java.base/java.lang.Thread.run(Thread.java:1623)
Exception in thread "Thread-282" java.lang.UnsupportedOperationException: Unimplemented method 'lock'
	at kas.concurrente.MCSLock.lock(MCSLock.java:8)
	at kas.concurrente.Counter.getAndIncrement(LockTest.java:106)
	at kas.concurrente.LockTest.incrementaContador(LockTest.java:22)
	at kas.concurrente.LockTest.lambda$ejecutaPrueba$0(LockTest.java:38)
	at java.base/java.lang.Thread.run(Thread.java:1623)
Exception in thread "Thread-283" java.lang.UnsupportedOperationException: Unimplemented method 'lock'
	at kas.concurrente.MCSLock.lock(MCSLock.java:8)
	at kas.concurrente.Counter.getAndIncrement(LockTest.java:106)
	at kas.concurrente.LockTest.incrementaContador(LockTest.java:22)
	at kas.concurrente.LockTest.lambda$ejecutaPrueba$0(LockTest.java:38)
	at java.base/java.lang.Thread.run(Thread.java:1623)
Exception in thread "Thread-284" java.lang.UnsupportedOperationException: Unimplemented method 'lock'
	at kas.concurrente.MCSLock.lock(MCSLock.java:8)
	at kas.concurrente.Counter.getAndIncrement(LockTest.java:106)
	at kas.concurrente.LockTest.incrementaContador(LockTest.java:22)
	at kas.concurrente.LockTest.lambda$ejecutaPrueba$0(LockTest.java:38)
	at java.base/java.lang.Thread.run(Thread.java:1623)
Exception in thread "Thread-285" java.lang.UnsupportedOperationException: Unimplemented method 'lock'
	at kas.concurrente.MCSLock.lock(MCSLock.java:8)
	at kas.concurrente.Counter.getAndIncrement(LockTest.java:106)
	at kas.concurrente.LockTest.incrementaContador(LockTest.java:22)
	at kas.concurrente.LockTest.lambda$ejecutaPrueba$0(LockTest.java:38)
	at java.base/java.lang.Thread.run(Thread.java:1623)
Exception in thread "Thread-286" java.lang.UnsupportedOperationException: Unimplemented method 'lock'
	at kas.concurrente.MCSLock.lock(MCSLock.java:8)
	at kas.concurrente.Counter.getAndIncrement(LockTest.java:106)
	at kas.concurrente.LockTest.incrementaContador(LockTest.java:22)
	at kas.concurrente.LockTest.lambda$ejecutaPrueba$0(LockTest.java:38)
	at java.base/java.lang.Thread.run(Thread.java:1623)
Exception in thread "Thread-287" java.lang.UnsupportedOperationException: Unimplemented method 'lock'
	at kas.concurrente.MCSLock.lock(MCSLock.java:8)
	at kas.concurrente.Counter.getAndIncrement(LockTest.java:106)
	at kas.concurrente.LockTest.incrementaContador(LockTest.java:22)
	at kas.concurrente.LockTest.lambda$ejecutaPrueba$0(LockTest.java:38)
	at java.base/java.lang.Thread.run(Thread.java:1623)
Exception in thread "Thread-288" java.lang.UnsupportedOperationException: Unimplemented method 'lock'
	at kas.concurrente.MCSLock.lock(MCSLock.java:8)
	at kas.concurrente.Counter.getAndIncrement(LockTest.java:106)
	at kas.concurrente.LockTest.incrementaContador(LockTest.java:22)
	at kas.concurrente.LockTest.lambda$ejecutaPrueba$0(LockTest.java:38)
	at java.base/java.lang.Thread.run(Thread.java:1623)
Exception in thread "Thread-289" java.lang.UnsupportedOperationException: Unimplemented method 'lock'
	at kas.concurrente.MCSLock.lock(MCSLock.java:8)
	at kas.concurrente.Counter.getAndIncrement(LockTest.java:106)
	at kas.concurrente.LockTest.incrementaContador(LockTest.java:22)
	at kas.concurrente.LockTest.lambda$ejecutaPrueba$0(LockTest.java:38)
	at java.base/java.lang.Thread.run(Thread.java:1623)
Exception in thread "Thread-291" java.lang.UnsupportedOperationException: Unimplemented method 'lock'
	at kas.concurrente.MCSLock.lock(MCSLock.java:8)
	at kas.concurrente.Counter.getAndIncrement(LockTest.java:106)
	at kas.concurrente.LockTest.incrementaContador(LockTest.java:22)
	at kas.concurrente.LockTest.lambda$ejecutaPrueba$0(LockTest.java:38)
	at java.base/java.lang.Thread.run(Thread.java:1623)
Exception in thread "Thread-290" java.lang.UnsupportedOperationException: Unimplemented method 'lock'
	at kas.concurrente.MCSLock.lock(MCSLock.java:8)
	at kas.concurrente.Counter.getAndIncrement(LockTest.java:106)
	at kas.concurrente.LockTest.incrementaContador(LockTest.java:22)
	at kas.concurrente.LockTest.lambda$ejecutaPrueba$0(LockTest.java:38)
	at java.base/java.lang.Thread.run(Thread.java:1623)
Exception in thread "Thread-293" java.lang.UnsupportedOperationException: Unimplemented method 'lock'
	at kas.concurrente.MCSLock.lock(MCSLock.java:8)
	at kas.concurrente.Counter.getAndIncrement(LockTest.java:106)
	at kas.concurrente.LockTest.incrementaContador(LockTest.java:22)
	at kas.concurrente.LockTest.lambda$ejecutaPrueba$0(LockTest.java:38)
	at java.base/java.lang.Thread.run(Thread.java:1623)
Exception in thread "Thread-292" java.lang.UnsupportedOperationException: Unimplemented method 'lock'
	at kas.concurrente.MCSLock.lock(MCSLock.java:8)
	at kas.concurrente.Counter.getAndIncrement(LockTest.java:106)
	at kas.concurrente.LockTest.incrementaContador(LockTest.java:22)
	at kas.concurrente.LockTest.lambda$ejecutaPrueba$0(LockTest.java:38)
	at java.base/java.lang.Thread.run(Thread.java:1623)
Exception in thread "Thread-295" java.lang.UnsupportedOperationException: Unimplemented method 'lock'
	at kas.concurrente.MCSLock.lock(MCSLock.java:8)
	at kas.concurrente.Counter.getAndIncrement(LockTest.java:106)
	at kas.concurrente.LockTest.incrementaContador(LockTest.java:22)
	at kas.concurrente.LockTest.lambda$ejecutaPrueba$0(LockTest.java:38)
	at java.base/java.lang.Thread.run(Thread.java:1623)
Exception in thread "Thread-294" java.lang.UnsupportedOperationException: Unimplemented method 'lock'
	at kas.concurrente.MCSLock.lock(MCSLock.java:8)
	at kas.concurrente.Counter.getAndIncrement(LockTest.java:106)
	at kas.concurrente.LockTest.incrementaContador(LockTest.java:22)
	at kas.concurrente.LockTest.lambda$ejecutaPrueba$0(LockTest.java:38)
	at java.base/java.lang.Thread.run(Thread.java:1623)
Exception in thread "Thread-296" java.lang.UnsupportedOperationException: Unimplemented method 'lock'
	at kas.concurrente.MCSLock.lock(MCSLock.java:8)
	at kas.concurrente.Counter.getAndIncrement(LockTest.java:106)
	at kas.concurrente.LockTest.incrementaContador(LockTest.java:22)
	at kas.concurrente.LockTest.lambda$ejecutaPrueba$0(LockTest.java:38)
	at java.base/java.lang.Thread.run(Thread.java:1623)
Exception in thread "Thread-298" java.lang.UnsupportedOperationException: Unimplemented method 'lock'
	at kas.concurrente.MCSLock.lock(MCSLock.java:8)
	at kas.concurrente.Counter.getAndIncrement(LockTest.java:106)
	at kas.concurrente.LockTest.incrementaContador(LockTest.java:22)
	at kas.concurrente.LockTest.lambda$ejecutaPrueba$0(LockTest.java:38)
	at java.base/java.lang.Thread.run(Thread.java:1623)
Exception in thread "Thread-297" java.lang.UnsupportedOperationException: Unimplemented method 'lock'
	at kas.concurrente.MCSLock.lock(MCSLock.java:8)
	at kas.concurrente.Counter.getAndIncrement(LockTest.java:106)
	at kas.concurrente.LockTest.incrementaContador(LockTest.java:22)
	at kas.concurrente.LockTest.lambda$ejecutaPrueba$0(LockTest.java:38)
	at java.base/java.lang.Thread.run(Thread.java:1623)
Exception in thread "Thread-299" java.lang.UnsupportedOperationException: Unimplemented method 'lock'
	at kas.concurrente.MCSLock.lock(MCSLock.java:8)
	at kas.concurrente.Counter.getAndIncrement(LockTest.java:106)
	at kas.concurrente.LockTest.incrementaContador(LockTest.java:22)
	at kas.concurrente.LockTest.lambda$ejecutaPrueba$0(LockTest.java:38)
	at java.base/java.lang.Thread.run(Thread.java:1623)
Exception in thread "Thread-300" java.lang.UnsupportedOperationException: Unimplemented method 'lock'
	at kas.concurrente.MCSLock.lock(MCSLock.java:8)
	at kas.concurrente.Counter.getAndIncrement(LockTest.java:106)
	at kas.concurrente.LockTest.incrementaContador(LockTest.java:22)
	at kas.concurrente.LockTest.lambda$ejecutaPrueba$0(LockTest.java:38)
	at java.base/java.lang.Thread.run(Thread.java:1623)
Exception in thread "Thread-301" java.lang.UnsupportedOperationException: Unimplemented method 'lock'
	at kas.concurrente.MCSLock.lock(MCSLock.java:8)
	at kas.concurrente.Counter.getAndIncrement(LockTest.java:106)
	at kas.concurrente.LockTest.incrementaContador(LockTest.java:22)
	at kas.concurrente.LockTest.lambda$ejecutaPrueba$0(LockTest.java:38)
	at java.base/java.lang.Thread.run(Thread.java:1623)
Exception in thread "Thread-302" java.lang.UnsupportedOperationException: Unimplemented method 'lock'
	at kas.concurrente.MCSLock.lock(MCSLock.java:8)
	at kas.concurrente.Counter.getAndIncrement(LockTest.java:106)
	at kas.concurrente.LockTest.incrementaContador(LockTest.java:22)
	at kas.concurrente.LockTest.lambda$ejecutaPrueba$0(LockTest.java:38)
	at java.base/java.lang.Thread.run(Thread.java:1623)
Exception in thread "Thread-303" java.lang.UnsupportedOperationException: Unimplemented method 'lock'
	at kas.concurrente.MCSLock.lock(MCSLock.java:8)
	at kas.concurrente.Counter.getAndIncrement(LockTest.java:106)
	at kas.concurrente.LockTest.incrementaContador(LockTest.java:22)
	at kas.concurrente.LockTest.lambda$ejecutaPrueba$0(LockTest.java:38)
	at java.base/java.lang.Thread.run(Thread.java:1623)
Exception in thread "Thread-305" java.lang.UnsupportedOperationException: Unimplemented method 'lock'
	at kas.concurrente.MCSLock.lock(MCSLock.java:8)
	at kas.concurrente.Counter.getAndIncrement(LockTest.java:106)
	at kas.concurrente.LockTest.incrementaContador(LockTest.java:22)
	at kas.concurrente.LockTest.lambda$ejecutaPrueba$0(LockTest.java:38)
	at java.base/java.lang.Thread.run(Thread.java:1623)
Exception in thread "Thread-304" java.lang.UnsupportedOperationException: Unimplemented method 'lock'
	at kas.concurrente.MCSLock.lock(MCSLock.java:8)
	at kas.concurrente.Counter.getAndIncrement(LockTest.java:106)
	at kas.concurrente.LockTest.incrementaContador(LockTest.java:22)
	at kas.concurrente.LockTest.lambda$ejecutaPrueba$0(LockTest.java:38)
	at java.base/java.lang.Thread.run(Thread.java:1623)
]]></system-err>
  </testcase>
</testsuite>